[2024-05-25T09:30:57.502+0000] {processor.py:161} INFO - Started process (PID=95) to work on /opt/airflow/dags/download-files_batch.py
[2024-05-25T09:30:57.503+0000] {processor.py:830} INFO - Processing file /opt/airflow/dags/download-files_batch.py for tasks to queue
[2024-05-25T09:30:57.505+0000] {logging_mixin.py:188} INFO - [2024-05-25T09:30:57.504+0000] {dagbag.py:545} INFO - Filling up the DagBag from /opt/airflow/dags/download-files_batch.py
[2024-05-25T09:30:57.894+0000] {processor.py:840} INFO - DAG(s) 'download_files_batch' retrieved from /opt/airflow/dags/download-files_batch.py
[2024-05-25T09:30:58.095+0000] {logging_mixin.py:188} INFO - [2024-05-25T09:30:58.094+0000] {override.py:1829} INFO - Created Permission View: can edit on DAG:download_files_batch
[2024-05-25T09:30:58.131+0000] {logging_mixin.py:188} INFO - [2024-05-25T09:30:58.131+0000] {override.py:1829} INFO - Created Permission View: can read on DAG:download_files_batch
[2024-05-25T09:30:58.165+0000] {logging_mixin.py:188} INFO - [2024-05-25T09:30:58.164+0000] {override.py:1829} INFO - Created Permission View: can delete on DAG:download_files_batch
[2024-05-25T09:30:58.166+0000] {logging_mixin.py:188} INFO - [2024-05-25T09:30:58.166+0000] {dag.py:3096} INFO - Sync 1 DAGs
[2024-05-25T09:30:58.182+0000] {logging_mixin.py:188} INFO - [2024-05-25T09:30:58.182+0000] {dag.py:3118} INFO - Creating ORM DAG for download_files_batch
[2024-05-25T09:30:58.193+0000] {logging_mixin.py:188} INFO - [2024-05-25T09:30:58.193+0000] {dag.py:3954} INFO - Setting next_dagrun for download_files_batch to 2024-05-24 10:55:00+00:00, run_after=2024-05-24 11:00:00+00:00
[2024-05-25T09:30:58.252+0000] {processor.py:183} INFO - Processing /opt/airflow/dags/download-files_batch.py took 0.753 seconds
[2024-05-25T09:31:28.950+0000] {processor.py:161} INFO - Started process (PID=96) to work on /opt/airflow/dags/download-files_batch.py
[2024-05-25T09:31:28.951+0000] {processor.py:830} INFO - Processing file /opt/airflow/dags/download-files_batch.py for tasks to queue
[2024-05-25T09:31:28.952+0000] {logging_mixin.py:188} INFO - [2024-05-25T09:31:28.952+0000] {dagbag.py:545} INFO - Filling up the DagBag from /opt/airflow/dags/download-files_batch.py
[2024-05-25T09:31:29.097+0000] {processor.py:840} INFO - DAG(s) 'download_files_batch' retrieved from /opt/airflow/dags/download-files_batch.py
[2024-05-25T09:31:29.125+0000] {logging_mixin.py:188} INFO - [2024-05-25T09:31:29.124+0000] {dag.py:3096} INFO - Sync 1 DAGs
[2024-05-25T09:31:29.149+0000] {logging_mixin.py:188} INFO - [2024-05-25T09:31:29.149+0000] {dag.py:3954} INFO - Setting next_dagrun for download_files_batch to 2024-05-24 10:55:00+00:00, run_after=2024-05-24 11:00:00+00:00
[2024-05-25T09:31:29.202+0000] {processor.py:183} INFO - Processing /opt/airflow/dags/download-files_batch.py took 0.256 seconds
[2024-05-25T09:31:45.729+0000] {processor.py:161} INFO - Started process (PID=97) to work on /opt/airflow/dags/download-files_batch.py
[2024-05-25T09:31:45.730+0000] {processor.py:830} INFO - Processing file /opt/airflow/dags/download-files_batch.py for tasks to queue
[2024-05-25T09:31:45.731+0000] {logging_mixin.py:188} INFO - [2024-05-25T09:31:45.731+0000] {dagbag.py:545} INFO - Filling up the DagBag from /opt/airflow/dags/download-files_batch.py
[2024-05-25T09:31:45.926+0000] {processor.py:840} INFO - DAG(s) 'download_files_batch' retrieved from /opt/airflow/dags/download-files_batch.py
[2024-05-25T09:31:45.953+0000] {logging_mixin.py:188} INFO - [2024-05-25T09:31:45.952+0000] {dag.py:3096} INFO - Sync 1 DAGs
[2024-05-25T09:31:45.976+0000] {logging_mixin.py:188} INFO - [2024-05-25T09:31:45.976+0000] {dag.py:3954} INFO - Setting next_dagrun for download_files_batch to 2024-05-24 10:55:00+00:00, run_after=2024-05-24 11:00:00+00:00
[2024-05-25T09:31:46.098+0000] {processor.py:183} INFO - Processing /opt/airflow/dags/download-files_batch.py took 0.373 seconds
[2024-05-25T09:32:16.279+0000] {processor.py:161} INFO - Started process (PID=98) to work on /opt/airflow/dags/download-files_batch.py
[2024-05-25T09:32:16.280+0000] {processor.py:830} INFO - Processing file /opt/airflow/dags/download-files_batch.py for tasks to queue
[2024-05-25T09:32:16.282+0000] {logging_mixin.py:188} INFO - [2024-05-25T09:32:16.281+0000] {dagbag.py:545} INFO - Filling up the DagBag from /opt/airflow/dags/download-files_batch.py
[2024-05-25T09:32:16.449+0000] {processor.py:840} INFO - DAG(s) 'download_files_batch' retrieved from /opt/airflow/dags/download-files_batch.py
[2024-05-25T09:32:16.478+0000] {logging_mixin.py:188} INFO - [2024-05-25T09:32:16.478+0000] {dag.py:3096} INFO - Sync 1 DAGs
[2024-05-25T09:32:16.504+0000] {logging_mixin.py:188} INFO - [2024-05-25T09:32:16.504+0000] {dag.py:3954} INFO - Setting next_dagrun for download_files_batch to 2024-05-24 10:55:00+00:00, run_after=2024-05-24 11:00:00+00:00
[2024-05-25T09:32:16.599+0000] {processor.py:183} INFO - Processing /opt/airflow/dags/download-files_batch.py took 0.324 seconds
[2024-05-25T09:32:47.048+0000] {processor.py:161} INFO - Started process (PID=99) to work on /opt/airflow/dags/download-files_batch.py
[2024-05-25T09:32:47.049+0000] {processor.py:830} INFO - Processing file /opt/airflow/dags/download-files_batch.py for tasks to queue
[2024-05-25T09:32:47.050+0000] {logging_mixin.py:188} INFO - [2024-05-25T09:32:47.050+0000] {dagbag.py:545} INFO - Filling up the DagBag from /opt/airflow/dags/download-files_batch.py
[2024-05-25T09:32:47.197+0000] {processor.py:840} INFO - DAG(s) 'download_files_batch' retrieved from /opt/airflow/dags/download-files_batch.py
[2024-05-25T09:32:47.223+0000] {logging_mixin.py:188} INFO - [2024-05-25T09:32:47.223+0000] {dag.py:3096} INFO - Sync 1 DAGs
[2024-05-25T09:32:47.247+0000] {logging_mixin.py:188} INFO - [2024-05-25T09:32:47.247+0000] {dag.py:3954} INFO - Setting next_dagrun for download_files_batch to 2024-05-24 10:55:00+00:00, run_after=2024-05-24 11:00:00+00:00
[2024-05-25T09:32:47.304+0000] {processor.py:183} INFO - Processing /opt/airflow/dags/download-files_batch.py took 0.260 seconds
[2024-05-25T09:33:13.603+0000] {processor.py:161} INFO - Started process (PID=100) to work on /opt/airflow/dags/download-files_batch.py
[2024-05-25T09:33:13.604+0000] {processor.py:830} INFO - Processing file /opt/airflow/dags/download-files_batch.py for tasks to queue
[2024-05-25T09:33:13.605+0000] {logging_mixin.py:188} INFO - [2024-05-25T09:33:13.605+0000] {dagbag.py:545} INFO - Filling up the DagBag from /opt/airflow/dags/download-files_batch.py
[2024-05-25T09:33:13.784+0000] {processor.py:840} INFO - DAG(s) 'download_files_batch' retrieved from /opt/airflow/dags/download-files_batch.py
[2024-05-25T09:33:13.902+0000] {logging_mixin.py:188} INFO - [2024-05-25T09:33:13.902+0000] {dag.py:3096} INFO - Sync 1 DAGs
[2024-05-25T09:33:13.924+0000] {logging_mixin.py:188} INFO - [2024-05-25T09:33:13.924+0000] {dag.py:3954} INFO - Setting next_dagrun for download_files_batch to 2024-05-25 09:35:00+00:00, run_after=2024-05-25 09:40:00+00:00
[2024-05-25T09:33:14.024+0000] {processor.py:183} INFO - Processing /opt/airflow/dags/download-files_batch.py took 0.426 seconds
[2024-05-25T09:33:44.309+0000] {processor.py:161} INFO - Started process (PID=101) to work on /opt/airflow/dags/download-files_batch.py
[2024-05-25T09:33:44.310+0000] {processor.py:830} INFO - Processing file /opt/airflow/dags/download-files_batch.py for tasks to queue
[2024-05-25T09:33:44.311+0000] {logging_mixin.py:188} INFO - [2024-05-25T09:33:44.311+0000] {dagbag.py:545} INFO - Filling up the DagBag from /opt/airflow/dags/download-files_batch.py
[2024-05-25T09:33:44.484+0000] {processor.py:840} INFO - DAG(s) 'download_files_batch' retrieved from /opt/airflow/dags/download-files_batch.py
[2024-05-25T09:33:44.511+0000] {logging_mixin.py:188} INFO - [2024-05-25T09:33:44.511+0000] {dag.py:3096} INFO - Sync 1 DAGs
[2024-05-25T09:33:44.535+0000] {logging_mixin.py:188} INFO - [2024-05-25T09:33:44.535+0000] {dag.py:3954} INFO - Setting next_dagrun for download_files_batch to 2024-05-25 09:35:00+00:00, run_after=2024-05-25 09:40:00+00:00
[2024-05-25T09:33:44.627+0000] {processor.py:183} INFO - Processing /opt/airflow/dags/download-files_batch.py took 0.322 seconds
[2024-05-25T09:34:14.989+0000] {processor.py:161} INFO - Started process (PID=102) to work on /opt/airflow/dags/download-files_batch.py
[2024-05-25T09:34:14.990+0000] {processor.py:830} INFO - Processing file /opt/airflow/dags/download-files_batch.py for tasks to queue
[2024-05-25T09:34:14.992+0000] {logging_mixin.py:188} INFO - [2024-05-25T09:34:14.992+0000] {dagbag.py:545} INFO - Filling up the DagBag from /opt/airflow/dags/download-files_batch.py
[2024-05-25T09:34:15.185+0000] {processor.py:840} INFO - DAG(s) 'download_files_batch' retrieved from /opt/airflow/dags/download-files_batch.py
[2024-05-25T09:34:15.214+0000] {logging_mixin.py:188} INFO - [2024-05-25T09:34:15.213+0000] {dag.py:3096} INFO - Sync 1 DAGs
[2024-05-25T09:34:15.239+0000] {logging_mixin.py:188} INFO - [2024-05-25T09:34:15.239+0000] {dag.py:3954} INFO - Setting next_dagrun for download_files_batch to 2024-05-25 09:35:00+00:00, run_after=2024-05-25 09:40:00+00:00
[2024-05-25T09:34:15.333+0000] {processor.py:183} INFO - Processing /opt/airflow/dags/download-files_batch.py took 0.349 seconds
[2024-05-25T09:34:45.790+0000] {processor.py:161} INFO - Started process (PID=103) to work on /opt/airflow/dags/download-files_batch.py
[2024-05-25T09:34:45.791+0000] {processor.py:830} INFO - Processing file /opt/airflow/dags/download-files_batch.py for tasks to queue
[2024-05-25T09:34:45.793+0000] {logging_mixin.py:188} INFO - [2024-05-25T09:34:45.792+0000] {dagbag.py:545} INFO - Filling up the DagBag from /opt/airflow/dags/download-files_batch.py
[2024-05-25T09:34:45.947+0000] {processor.py:840} INFO - DAG(s) 'download_files_batch' retrieved from /opt/airflow/dags/download-files_batch.py
[2024-05-25T09:34:45.974+0000] {logging_mixin.py:188} INFO - [2024-05-25T09:34:45.973+0000] {dag.py:3096} INFO - Sync 1 DAGs
[2024-05-25T09:34:45.999+0000] {logging_mixin.py:188} INFO - [2024-05-25T09:34:45.998+0000] {dag.py:3954} INFO - Setting next_dagrun for download_files_batch to 2024-05-25 09:35:00+00:00, run_after=2024-05-25 09:40:00+00:00
[2024-05-25T09:34:46.059+0000] {processor.py:183} INFO - Processing /opt/airflow/dags/download-files_batch.py took 0.272 seconds
[2024-05-25T09:35:16.489+0000] {processor.py:161} INFO - Started process (PID=104) to work on /opt/airflow/dags/download-files_batch.py
[2024-05-25T09:35:16.489+0000] {processor.py:830} INFO - Processing file /opt/airflow/dags/download-files_batch.py for tasks to queue
[2024-05-25T09:35:16.491+0000] {logging_mixin.py:188} INFO - [2024-05-25T09:35:16.491+0000] {dagbag.py:545} INFO - Filling up the DagBag from /opt/airflow/dags/download-files_batch.py
[2024-05-25T09:35:16.642+0000] {processor.py:840} INFO - DAG(s) 'download_files_batch' retrieved from /opt/airflow/dags/download-files_batch.py
[2024-05-25T09:35:16.667+0000] {logging_mixin.py:188} INFO - [2024-05-25T09:35:16.667+0000] {dag.py:3096} INFO - Sync 1 DAGs
[2024-05-25T09:35:16.691+0000] {logging_mixin.py:188} INFO - [2024-05-25T09:35:16.690+0000] {dag.py:3954} INFO - Setting next_dagrun for download_files_batch to 2024-05-25 09:35:00+00:00, run_after=2024-05-25 09:40:00+00:00
[2024-05-25T09:35:16.744+0000] {processor.py:183} INFO - Processing /opt/airflow/dags/download-files_batch.py took 0.259 seconds
[2024-05-25T09:35:47.130+0000] {processor.py:161} INFO - Started process (PID=105) to work on /opt/airflow/dags/download-files_batch.py
[2024-05-25T09:35:47.131+0000] {processor.py:830} INFO - Processing file /opt/airflow/dags/download-files_batch.py for tasks to queue
[2024-05-25T09:35:47.132+0000] {logging_mixin.py:188} INFO - [2024-05-25T09:35:47.132+0000] {dagbag.py:545} INFO - Filling up the DagBag from /opt/airflow/dags/download-files_batch.py
[2024-05-25T09:35:47.302+0000] {processor.py:840} INFO - DAG(s) 'download_files_batch' retrieved from /opt/airflow/dags/download-files_batch.py
[2024-05-25T09:35:47.333+0000] {logging_mixin.py:188} INFO - [2024-05-25T09:35:47.333+0000] {dag.py:3096} INFO - Sync 1 DAGs
[2024-05-25T09:35:47.361+0000] {logging_mixin.py:188} INFO - [2024-05-25T09:35:47.360+0000] {dag.py:3954} INFO - Setting next_dagrun for download_files_batch to 2024-05-25 09:35:00+00:00, run_after=2024-05-25 09:40:00+00:00
[2024-05-25T09:35:47.424+0000] {processor.py:183} INFO - Processing /opt/airflow/dags/download-files_batch.py took 0.298 seconds
[2024-05-25T09:36:17.927+0000] {processor.py:161} INFO - Started process (PID=106) to work on /opt/airflow/dags/download-files_batch.py
[2024-05-25T09:36:17.928+0000] {processor.py:830} INFO - Processing file /opt/airflow/dags/download-files_batch.py for tasks to queue
[2024-05-25T09:36:17.930+0000] {logging_mixin.py:188} INFO - [2024-05-25T09:36:17.929+0000] {dagbag.py:545} INFO - Filling up the DagBag from /opt/airflow/dags/download-files_batch.py
[2024-05-25T09:36:18.087+0000] {processor.py:840} INFO - DAG(s) 'download_files_batch' retrieved from /opt/airflow/dags/download-files_batch.py
[2024-05-25T09:36:18.112+0000] {logging_mixin.py:188} INFO - [2024-05-25T09:36:18.112+0000] {dag.py:3096} INFO - Sync 1 DAGs
[2024-05-25T09:36:18.135+0000] {logging_mixin.py:188} INFO - [2024-05-25T09:36:18.135+0000] {dag.py:3954} INFO - Setting next_dagrun for download_files_batch to 2024-05-25 09:35:00+00:00, run_after=2024-05-25 09:40:00+00:00
[2024-05-25T09:36:18.191+0000] {processor.py:183} INFO - Processing /opt/airflow/dags/download-files_batch.py took 0.268 seconds
[2024-05-25T09:36:48.741+0000] {processor.py:161} INFO - Started process (PID=107) to work on /opt/airflow/dags/download-files_batch.py
[2024-05-25T09:36:48.742+0000] {processor.py:830} INFO - Processing file /opt/airflow/dags/download-files_batch.py for tasks to queue
[2024-05-25T09:36:48.745+0000] {logging_mixin.py:188} INFO - [2024-05-25T09:36:48.744+0000] {dagbag.py:545} INFO - Filling up the DagBag from /opt/airflow/dags/download-files_batch.py
[2024-05-25T09:36:48.941+0000] {processor.py:840} INFO - DAG(s) 'download_files_batch' retrieved from /opt/airflow/dags/download-files_batch.py
[2024-05-25T09:36:48.977+0000] {logging_mixin.py:188} INFO - [2024-05-25T09:36:48.977+0000] {dag.py:3096} INFO - Sync 1 DAGs
[2024-05-25T09:36:49.005+0000] {logging_mixin.py:188} INFO - [2024-05-25T09:36:49.005+0000] {dag.py:3954} INFO - Setting next_dagrun for download_files_batch to 2024-05-25 09:35:00+00:00, run_after=2024-05-25 09:40:00+00:00
[2024-05-25T09:36:49.095+0000] {processor.py:183} INFO - Processing /opt/airflow/dags/download-files_batch.py took 0.358 seconds
[2024-05-25T09:37:19.583+0000] {processor.py:161} INFO - Started process (PID=108) to work on /opt/airflow/dags/download-files_batch.py
[2024-05-25T09:37:19.584+0000] {processor.py:830} INFO - Processing file /opt/airflow/dags/download-files_batch.py for tasks to queue
[2024-05-25T09:37:19.585+0000] {logging_mixin.py:188} INFO - [2024-05-25T09:37:19.585+0000] {dagbag.py:545} INFO - Filling up the DagBag from /opt/airflow/dags/download-files_batch.py
[2024-05-25T09:37:19.741+0000] {processor.py:840} INFO - DAG(s) 'download_files_batch' retrieved from /opt/airflow/dags/download-files_batch.py
[2024-05-25T09:37:19.771+0000] {logging_mixin.py:188} INFO - [2024-05-25T09:37:19.770+0000] {dag.py:3096} INFO - Sync 1 DAGs
[2024-05-25T09:37:19.796+0000] {logging_mixin.py:188} INFO - [2024-05-25T09:37:19.796+0000] {dag.py:3954} INFO - Setting next_dagrun for download_files_batch to 2024-05-25 09:35:00+00:00, run_after=2024-05-25 09:40:00+00:00
[2024-05-25T09:37:19.861+0000] {processor.py:183} INFO - Processing /opt/airflow/dags/download-files_batch.py took 0.281 seconds
[2024-05-25T09:37:50.272+0000] {processor.py:161} INFO - Started process (PID=109) to work on /opt/airflow/dags/download-files_batch.py
[2024-05-25T09:37:50.273+0000] {processor.py:830} INFO - Processing file /opt/airflow/dags/download-files_batch.py for tasks to queue
[2024-05-25T09:37:50.275+0000] {logging_mixin.py:188} INFO - [2024-05-25T09:37:50.274+0000] {dagbag.py:545} INFO - Filling up the DagBag from /opt/airflow/dags/download-files_batch.py
[2024-05-25T09:37:50.434+0000] {processor.py:840} INFO - DAG(s) 'download_files_batch' retrieved from /opt/airflow/dags/download-files_batch.py
[2024-05-25T09:37:50.461+0000] {logging_mixin.py:188} INFO - [2024-05-25T09:37:50.461+0000] {dag.py:3096} INFO - Sync 1 DAGs
[2024-05-25T09:37:50.485+0000] {logging_mixin.py:188} INFO - [2024-05-25T09:37:50.485+0000] {dag.py:3954} INFO - Setting next_dagrun for download_files_batch to 2024-05-25 09:35:00+00:00, run_after=2024-05-25 09:40:00+00:00
[2024-05-25T09:37:50.576+0000] {processor.py:183} INFO - Processing /opt/airflow/dags/download-files_batch.py took 0.308 seconds
[2024-05-25T09:38:21.090+0000] {processor.py:161} INFO - Started process (PID=110) to work on /opt/airflow/dags/download-files_batch.py
[2024-05-25T09:38:21.091+0000] {processor.py:830} INFO - Processing file /opt/airflow/dags/download-files_batch.py for tasks to queue
[2024-05-25T09:38:21.093+0000] {logging_mixin.py:188} INFO - [2024-05-25T09:38:21.093+0000] {dagbag.py:545} INFO - Filling up the DagBag from /opt/airflow/dags/download-files_batch.py
[2024-05-25T09:38:21.255+0000] {processor.py:840} INFO - DAG(s) 'download_files_batch' retrieved from /opt/airflow/dags/download-files_batch.py
[2024-05-25T09:38:21.284+0000] {logging_mixin.py:188} INFO - [2024-05-25T09:38:21.284+0000] {dag.py:3096} INFO - Sync 1 DAGs
[2024-05-25T09:38:21.312+0000] {logging_mixin.py:188} INFO - [2024-05-25T09:38:21.312+0000] {dag.py:3954} INFO - Setting next_dagrun for download_files_batch to 2024-05-25 09:35:00+00:00, run_after=2024-05-25 09:40:00+00:00
[2024-05-25T09:38:21.411+0000] {processor.py:183} INFO - Processing /opt/airflow/dags/download-files_batch.py took 0.325 seconds
[2024-05-25T09:38:51.911+0000] {processor.py:161} INFO - Started process (PID=111) to work on /opt/airflow/dags/download-files_batch.py
[2024-05-25T09:38:51.913+0000] {processor.py:830} INFO - Processing file /opt/airflow/dags/download-files_batch.py for tasks to queue
[2024-05-25T09:38:51.916+0000] {logging_mixin.py:188} INFO - [2024-05-25T09:38:51.915+0000] {dagbag.py:545} INFO - Filling up the DagBag from /opt/airflow/dags/download-files_batch.py
[2024-05-25T09:38:52.120+0000] {processor.py:840} INFO - DAG(s) 'download_files_batch' retrieved from /opt/airflow/dags/download-files_batch.py
[2024-05-25T09:38:52.151+0000] {logging_mixin.py:188} INFO - [2024-05-25T09:38:52.151+0000] {dag.py:3096} INFO - Sync 1 DAGs
[2024-05-25T09:38:52.182+0000] {logging_mixin.py:188} INFO - [2024-05-25T09:38:52.182+0000] {dag.py:3954} INFO - Setting next_dagrun for download_files_batch to 2024-05-25 09:35:00+00:00, run_after=2024-05-25 09:40:00+00:00
[2024-05-25T09:38:52.249+0000] {processor.py:183} INFO - Processing /opt/airflow/dags/download-files_batch.py took 0.346 seconds
[2024-05-25T09:39:21.616+0000] {processor.py:161} INFO - Started process (PID=112) to work on /opt/airflow/dags/download-files_batch.py
[2024-05-25T09:39:21.617+0000] {processor.py:830} INFO - Processing file /opt/airflow/dags/download-files_batch.py for tasks to queue
[2024-05-25T09:39:21.619+0000] {logging_mixin.py:188} INFO - [2024-05-25T09:39:21.618+0000] {dagbag.py:545} INFO - Filling up the DagBag from /opt/airflow/dags/download-files_batch.py
[2024-05-25T09:39:21.798+0000] {processor.py:840} INFO - DAG(s) 'download_files_batch' retrieved from /opt/airflow/dags/download-files_batch.py
[2024-05-25T09:39:21.909+0000] {logging_mixin.py:188} INFO - [2024-05-25T09:39:21.909+0000] {dag.py:3096} INFO - Sync 1 DAGs
[2024-05-25T09:39:21.931+0000] {logging_mixin.py:188} INFO - [2024-05-25T09:39:21.930+0000] {dag.py:3954} INFO - Setting next_dagrun for download_files_batch to 2024-05-25 09:35:00+00:00, run_after=2024-05-25 09:40:00+00:00
[2024-05-25T09:39:21.992+0000] {processor.py:183} INFO - Processing /opt/airflow/dags/download-files_batch.py took 0.379 seconds
[2024-05-25T09:41:39.091+0000] {processor.py:161} INFO - Started process (PID=130) to work on /opt/airflow/dags/download-files_batch.py
[2024-05-25T09:41:39.092+0000] {processor.py:830} INFO - Processing file /opt/airflow/dags/download-files_batch.py for tasks to queue
[2024-05-25T09:41:39.093+0000] {logging_mixin.py:188} INFO - [2024-05-25T09:41:39.093+0000] {dagbag.py:545} INFO - Filling up the DagBag from /opt/airflow/dags/download-files_batch.py
[2024-05-25T09:41:39.281+0000] {processor.py:840} INFO - DAG(s) 'download_files_batch' retrieved from /opt/airflow/dags/download-files_batch.py
[2024-05-25T09:41:39.309+0000] {logging_mixin.py:188} INFO - [2024-05-25T09:41:39.309+0000] {dag.py:3096} INFO - Sync 1 DAGs
[2024-05-25T09:41:39.333+0000] {logging_mixin.py:188} INFO - [2024-05-25T09:41:39.332+0000] {dag.py:3954} INFO - Setting next_dagrun for download_files_batch to 2024-05-25 09:35:00+00:00, run_after=2024-05-25 09:40:00+00:00
[2024-05-25T09:41:39.427+0000] {processor.py:183} INFO - Processing /opt/airflow/dags/download-files_batch.py took 0.341 seconds
[2024-05-25T09:43:35.480+0000] {processor.py:161} INFO - Started process (PID=148) to work on /opt/airflow/dags/download-files_batch.py
[2024-05-25T09:43:35.481+0000] {processor.py:830} INFO - Processing file /opt/airflow/dags/download-files_batch.py for tasks to queue
[2024-05-25T09:43:35.482+0000] {logging_mixin.py:188} INFO - [2024-05-25T09:43:35.482+0000] {dagbag.py:545} INFO - Filling up the DagBag from /opt/airflow/dags/download-files_batch.py
[2024-05-25T09:43:35.657+0000] {processor.py:840} INFO - DAG(s) 'download_files_batch' retrieved from /opt/airflow/dags/download-files_batch.py
[2024-05-25T09:43:35.684+0000] {logging_mixin.py:188} INFO - [2024-05-25T09:43:35.684+0000] {dag.py:3096} INFO - Sync 1 DAGs
[2024-05-25T09:43:35.705+0000] {logging_mixin.py:188} INFO - [2024-05-25T09:43:35.705+0000] {dag.py:3954} INFO - Setting next_dagrun for download_files_batch to 2024-05-25 09:40:00+00:00, run_after=2024-05-25 09:45:00+00:00
[2024-05-25T09:43:35.760+0000] {processor.py:183} INFO - Processing /opt/airflow/dags/download-files_batch.py took 0.286 seconds
[2024-05-25T09:44:05.904+0000] {processor.py:161} INFO - Started process (PID=149) to work on /opt/airflow/dags/download-files_batch.py
[2024-05-25T09:44:05.905+0000] {processor.py:830} INFO - Processing file /opt/airflow/dags/download-files_batch.py for tasks to queue
[2024-05-25T09:44:05.906+0000] {logging_mixin.py:188} INFO - [2024-05-25T09:44:05.905+0000] {dagbag.py:545} INFO - Filling up the DagBag from /opt/airflow/dags/download-files_batch.py
[2024-05-25T09:44:06.059+0000] {processor.py:840} INFO - DAG(s) 'download_files_batch' retrieved from /opt/airflow/dags/download-files_batch.py
[2024-05-25T09:44:06.084+0000] {logging_mixin.py:188} INFO - [2024-05-25T09:44:06.084+0000] {dag.py:3096} INFO - Sync 1 DAGs
[2024-05-25T09:44:06.104+0000] {logging_mixin.py:188} INFO - [2024-05-25T09:44:06.104+0000] {dag.py:3954} INFO - Setting next_dagrun for download_files_batch to 2024-05-25 09:40:00+00:00, run_after=2024-05-25 09:45:00+00:00
[2024-05-25T09:44:06.196+0000] {processor.py:183} INFO - Processing /opt/airflow/dags/download-files_batch.py took 0.295 seconds
[2024-05-25T09:44:36.784+0000] {processor.py:161} INFO - Started process (PID=150) to work on /opt/airflow/dags/download-files_batch.py
[2024-05-25T09:44:36.785+0000] {processor.py:830} INFO - Processing file /opt/airflow/dags/download-files_batch.py for tasks to queue
[2024-05-25T09:44:36.787+0000] {logging_mixin.py:188} INFO - [2024-05-25T09:44:36.787+0000] {dagbag.py:545} INFO - Filling up the DagBag from /opt/airflow/dags/download-files_batch.py
[2024-05-25T09:44:36.945+0000] {processor.py:840} INFO - DAG(s) 'download_files_batch' retrieved from /opt/airflow/dags/download-files_batch.py
[2024-05-25T09:44:36.970+0000] {logging_mixin.py:188} INFO - [2024-05-25T09:44:36.970+0000] {dag.py:3096} INFO - Sync 1 DAGs
[2024-05-25T09:44:36.990+0000] {logging_mixin.py:188} INFO - [2024-05-25T09:44:36.990+0000] {dag.py:3954} INFO - Setting next_dagrun for download_files_batch to 2024-05-25 09:40:00+00:00, run_after=2024-05-25 09:45:00+00:00
[2024-05-25T09:44:37.042+0000] {processor.py:183} INFO - Processing /opt/airflow/dags/download-files_batch.py took 0.265 seconds
[2024-05-25T09:46:50.734+0000] {processor.py:161} INFO - Started process (PID=168) to work on /opt/airflow/dags/download-files_batch.py
[2024-05-25T09:46:50.735+0000] {processor.py:830} INFO - Processing file /opt/airflow/dags/download-files_batch.py for tasks to queue
[2024-05-25T09:46:50.736+0000] {logging_mixin.py:188} INFO - [2024-05-25T09:46:50.736+0000] {dagbag.py:545} INFO - Filling up the DagBag from /opt/airflow/dags/download-files_batch.py
[2024-05-25T09:46:50.914+0000] {processor.py:840} INFO - DAG(s) 'download_files_batch' retrieved from /opt/airflow/dags/download-files_batch.py
[2024-05-25T09:46:50.942+0000] {logging_mixin.py:188} INFO - [2024-05-25T09:46:50.941+0000] {dag.py:3096} INFO - Sync 1 DAGs
[2024-05-25T09:46:50.962+0000] {logging_mixin.py:188} INFO - [2024-05-25T09:46:50.962+0000] {dag.py:3954} INFO - Setting next_dagrun for download_files_batch to 2024-05-25 09:45:00+00:00, run_after=2024-05-25 09:50:00+00:00
[2024-05-25T09:46:51.018+0000] {processor.py:183} INFO - Processing /opt/airflow/dags/download-files_batch.py took 0.288 seconds
[2024-05-25T09:47:21.142+0000] {processor.py:161} INFO - Started process (PID=169) to work on /opt/airflow/dags/download-files_batch.py
[2024-05-25T09:47:21.143+0000] {processor.py:830} INFO - Processing file /opt/airflow/dags/download-files_batch.py for tasks to queue
[2024-05-25T09:47:21.144+0000] {logging_mixin.py:188} INFO - [2024-05-25T09:47:21.144+0000] {dagbag.py:545} INFO - Filling up the DagBag from /opt/airflow/dags/download-files_batch.py
[2024-05-25T09:47:21.290+0000] {processor.py:840} INFO - DAG(s) 'download_files_batch' retrieved from /opt/airflow/dags/download-files_batch.py
[2024-05-25T09:47:21.314+0000] {logging_mixin.py:188} INFO - [2024-05-25T09:47:21.313+0000] {dag.py:3096} INFO - Sync 1 DAGs
[2024-05-25T09:47:21.334+0000] {logging_mixin.py:188} INFO - [2024-05-25T09:47:21.334+0000] {dag.py:3954} INFO - Setting next_dagrun for download_files_batch to 2024-05-25 09:45:00+00:00, run_after=2024-05-25 09:50:00+00:00
[2024-05-25T09:47:21.411+0000] {processor.py:183} INFO - Processing /opt/airflow/dags/download-files_batch.py took 0.273 seconds
[2024-05-25T09:47:52.088+0000] {processor.py:161} INFO - Started process (PID=170) to work on /opt/airflow/dags/download-files_batch.py
[2024-05-25T09:47:52.089+0000] {processor.py:830} INFO - Processing file /opt/airflow/dags/download-files_batch.py for tasks to queue
[2024-05-25T09:47:52.090+0000] {logging_mixin.py:188} INFO - [2024-05-25T09:47:52.089+0000] {dagbag.py:545} INFO - Filling up the DagBag from /opt/airflow/dags/download-files_batch.py
[2024-05-25T09:47:52.232+0000] {processor.py:840} INFO - DAG(s) 'download_files_batch' retrieved from /opt/airflow/dags/download-files_batch.py
[2024-05-25T09:47:52.256+0000] {logging_mixin.py:188} INFO - [2024-05-25T09:47:52.256+0000] {dag.py:3096} INFO - Sync 1 DAGs
[2024-05-25T09:47:52.274+0000] {logging_mixin.py:188} INFO - [2024-05-25T09:47:52.274+0000] {dag.py:3954} INFO - Setting next_dagrun for download_files_batch to 2024-05-25 09:45:00+00:00, run_after=2024-05-25 09:50:00+00:00
[2024-05-25T09:47:52.359+0000] {processor.py:183} INFO - Processing /opt/airflow/dags/download-files_batch.py took 0.275 seconds
[2024-05-25T09:48:23.138+0000] {processor.py:161} INFO - Started process (PID=171) to work on /opt/airflow/dags/download-files_batch.py
[2024-05-25T09:48:23.139+0000] {processor.py:830} INFO - Processing file /opt/airflow/dags/download-files_batch.py for tasks to queue
[2024-05-25T09:48:23.140+0000] {logging_mixin.py:188} INFO - [2024-05-25T09:48:23.140+0000] {dagbag.py:545} INFO - Filling up the DagBag from /opt/airflow/dags/download-files_batch.py
[2024-05-25T09:48:23.295+0000] {processor.py:840} INFO - DAG(s) 'download_files_batch' retrieved from /opt/airflow/dags/download-files_batch.py
[2024-05-25T09:48:23.320+0000] {logging_mixin.py:188} INFO - [2024-05-25T09:48:23.320+0000] {dag.py:3096} INFO - Sync 1 DAGs
[2024-05-25T09:48:23.340+0000] {logging_mixin.py:188} INFO - [2024-05-25T09:48:23.340+0000] {dag.py:3954} INFO - Setting next_dagrun for download_files_batch to 2024-05-25 09:45:00+00:00, run_after=2024-05-25 09:50:00+00:00
[2024-05-25T09:48:23.391+0000] {processor.py:183} INFO - Processing /opt/airflow/dags/download-files_batch.py took 0.257 seconds
[2024-05-25T09:48:53.615+0000] {processor.py:161} INFO - Started process (PID=172) to work on /opt/airflow/dags/download-files_batch.py
[2024-05-25T09:48:53.616+0000] {processor.py:830} INFO - Processing file /opt/airflow/dags/download-files_batch.py for tasks to queue
[2024-05-25T09:48:53.617+0000] {logging_mixin.py:188} INFO - [2024-05-25T09:48:53.616+0000] {dagbag.py:545} INFO - Filling up the DagBag from /opt/airflow/dags/download-files_batch.py
[2024-05-25T09:48:53.775+0000] {processor.py:840} INFO - DAG(s) 'download_files_batch' retrieved from /opt/airflow/dags/download-files_batch.py
[2024-05-25T09:48:53.804+0000] {logging_mixin.py:188} INFO - [2024-05-25T09:48:53.804+0000] {dag.py:3096} INFO - Sync 1 DAGs
[2024-05-25T09:48:53.829+0000] {logging_mixin.py:188} INFO - [2024-05-25T09:48:53.829+0000] {dag.py:3954} INFO - Setting next_dagrun for download_files_batch to 2024-05-25 09:45:00+00:00, run_after=2024-05-25 09:50:00+00:00
[2024-05-25T09:48:53.915+0000] {processor.py:183} INFO - Processing /opt/airflow/dags/download-files_batch.py took 0.305 seconds
[2024-05-25T09:49:24.857+0000] {processor.py:161} INFO - Started process (PID=173) to work on /opt/airflow/dags/download-files_batch.py
[2024-05-25T09:49:24.858+0000] {processor.py:830} INFO - Processing file /opt/airflow/dags/download-files_batch.py for tasks to queue
[2024-05-25T09:49:24.859+0000] {logging_mixin.py:188} INFO - [2024-05-25T09:49:24.858+0000] {dagbag.py:545} INFO - Filling up the DagBag from /opt/airflow/dags/download-files_batch.py
[2024-05-25T09:49:25.006+0000] {processor.py:840} INFO - DAG(s) 'download_files_batch' retrieved from /opt/airflow/dags/download-files_batch.py
[2024-05-25T09:49:25.030+0000] {logging_mixin.py:188} INFO - [2024-05-25T09:49:25.030+0000] {dag.py:3096} INFO - Sync 1 DAGs
[2024-05-25T09:49:25.051+0000] {logging_mixin.py:188} INFO - [2024-05-25T09:49:25.050+0000] {dag.py:3954} INFO - Setting next_dagrun for download_files_batch to 2024-05-25 09:45:00+00:00, run_after=2024-05-25 09:50:00+00:00
[2024-05-25T09:49:25.139+0000] {processor.py:183} INFO - Processing /opt/airflow/dags/download-files_batch.py took 0.286 seconds
[2024-05-25T09:49:55.896+0000] {processor.py:161} INFO - Started process (PID=174) to work on /opt/airflow/dags/download-files_batch.py
[2024-05-25T09:49:55.897+0000] {processor.py:830} INFO - Processing file /opt/airflow/dags/download-files_batch.py for tasks to queue
[2024-05-25T09:49:55.898+0000] {logging_mixin.py:188} INFO - [2024-05-25T09:49:55.897+0000] {dagbag.py:545} INFO - Filling up the DagBag from /opt/airflow/dags/download-files_batch.py
[2024-05-25T09:49:56.058+0000] {processor.py:840} INFO - DAG(s) 'download_files_batch' retrieved from /opt/airflow/dags/download-files_batch.py
[2024-05-25T09:49:56.083+0000] {logging_mixin.py:188} INFO - [2024-05-25T09:49:56.083+0000] {dag.py:3096} INFO - Sync 1 DAGs
[2024-05-25T09:49:56.103+0000] {logging_mixin.py:188} INFO - [2024-05-25T09:49:56.102+0000] {dag.py:3954} INFO - Setting next_dagrun for download_files_batch to 2024-05-25 09:45:00+00:00, run_after=2024-05-25 09:50:00+00:00
[2024-05-25T09:49:56.158+0000] {processor.py:183} INFO - Processing /opt/airflow/dags/download-files_batch.py took 0.266 seconds
[2024-05-25T09:51:50.280+0000] {processor.py:161} INFO - Started process (PID=192) to work on /opt/airflow/dags/download-files_batch.py
[2024-05-25T09:51:50.281+0000] {processor.py:830} INFO - Processing file /opt/airflow/dags/download-files_batch.py for tasks to queue
[2024-05-25T09:51:50.282+0000] {logging_mixin.py:188} INFO - [2024-05-25T09:51:50.282+0000] {dagbag.py:545} INFO - Filling up the DagBag from /opt/airflow/dags/download-files_batch.py
[2024-05-25T09:51:50.444+0000] {processor.py:840} INFO - DAG(s) 'download_files_batch' retrieved from /opt/airflow/dags/download-files_batch.py
[2024-05-25T09:51:50.470+0000] {logging_mixin.py:188} INFO - [2024-05-25T09:51:50.469+0000] {dag.py:3096} INFO - Sync 1 DAGs
[2024-05-25T09:51:50.489+0000] {logging_mixin.py:188} INFO - [2024-05-25T09:51:50.489+0000] {dag.py:3954} INFO - Setting next_dagrun for download_files_batch to 2024-05-25 09:50:00+00:00, run_after=2024-05-25 09:55:00+00:00
[2024-05-25T09:51:50.544+0000] {processor.py:183} INFO - Processing /opt/airflow/dags/download-files_batch.py took 0.269 seconds
[2024-05-25T09:52:20.783+0000] {processor.py:161} INFO - Started process (PID=193) to work on /opt/airflow/dags/download-files_batch.py
[2024-05-25T09:52:20.784+0000] {processor.py:830} INFO - Processing file /opt/airflow/dags/download-files_batch.py for tasks to queue
[2024-05-25T09:52:20.785+0000] {logging_mixin.py:188} INFO - [2024-05-25T09:52:20.784+0000] {dagbag.py:545} INFO - Filling up the DagBag from /opt/airflow/dags/download-files_batch.py
[2024-05-25T09:52:20.931+0000] {processor.py:840} INFO - DAG(s) 'download_files_batch' retrieved from /opt/airflow/dags/download-files_batch.py
[2024-05-25T09:52:20.955+0000] {logging_mixin.py:188} INFO - [2024-05-25T09:52:20.955+0000] {dag.py:3096} INFO - Sync 1 DAGs
[2024-05-25T09:52:20.974+0000] {logging_mixin.py:188} INFO - [2024-05-25T09:52:20.974+0000] {dag.py:3954} INFO - Setting next_dagrun for download_files_batch to 2024-05-25 09:50:00+00:00, run_after=2024-05-25 09:55:00+00:00
[2024-05-25T09:52:21.047+0000] {processor.py:183} INFO - Processing /opt/airflow/dags/download-files_batch.py took 0.267 seconds
[2024-05-25T09:52:51.521+0000] {processor.py:161} INFO - Started process (PID=194) to work on /opt/airflow/dags/download-files_batch.py
[2024-05-25T09:52:51.522+0000] {processor.py:830} INFO - Processing file /opt/airflow/dags/download-files_batch.py for tasks to queue
[2024-05-25T09:52:51.523+0000] {logging_mixin.py:188} INFO - [2024-05-25T09:52:51.523+0000] {dagbag.py:545} INFO - Filling up the DagBag from /opt/airflow/dags/download-files_batch.py
[2024-05-25T09:52:51.676+0000] {processor.py:840} INFO - DAG(s) 'download_files_batch' retrieved from /opt/airflow/dags/download-files_batch.py
[2024-05-25T09:52:51.701+0000] {logging_mixin.py:188} INFO - [2024-05-25T09:52:51.701+0000] {dag.py:3096} INFO - Sync 1 DAGs
[2024-05-25T09:52:51.721+0000] {logging_mixin.py:188} INFO - [2024-05-25T09:52:51.721+0000] {dag.py:3954} INFO - Setting next_dagrun for download_files_batch to 2024-05-25 09:50:00+00:00, run_after=2024-05-25 09:55:00+00:00
[2024-05-25T09:52:51.807+0000] {processor.py:183} INFO - Processing /opt/airflow/dags/download-files_batch.py took 0.290 seconds
[2024-05-25T09:53:22.658+0000] {processor.py:161} INFO - Started process (PID=195) to work on /opt/airflow/dags/download-files_batch.py
[2024-05-25T09:53:22.659+0000] {processor.py:830} INFO - Processing file /opt/airflow/dags/download-files_batch.py for tasks to queue
[2024-05-25T09:53:22.660+0000] {logging_mixin.py:188} INFO - [2024-05-25T09:53:22.659+0000] {dagbag.py:545} INFO - Filling up the DagBag from /opt/airflow/dags/download-files_batch.py
[2024-05-25T09:53:22.819+0000] {processor.py:840} INFO - DAG(s) 'download_files_batch' retrieved from /opt/airflow/dags/download-files_batch.py
[2024-05-25T09:53:22.846+0000] {logging_mixin.py:188} INFO - [2024-05-25T09:53:22.845+0000] {dag.py:3096} INFO - Sync 1 DAGs
[2024-05-25T09:53:22.866+0000] {logging_mixin.py:188} INFO - [2024-05-25T09:53:22.866+0000] {dag.py:3954} INFO - Setting next_dagrun for download_files_batch to 2024-05-25 09:50:00+00:00, run_after=2024-05-25 09:55:00+00:00
[2024-05-25T09:53:22.928+0000] {processor.py:183} INFO - Processing /opt/airflow/dags/download-files_batch.py took 0.274 seconds
[2024-05-25T09:53:53.746+0000] {processor.py:161} INFO - Started process (PID=196) to work on /opt/airflow/dags/download-files_batch.py
[2024-05-25T09:53:53.747+0000] {processor.py:830} INFO - Processing file /opt/airflow/dags/download-files_batch.py for tasks to queue
[2024-05-25T09:53:53.748+0000] {logging_mixin.py:188} INFO - [2024-05-25T09:53:53.748+0000] {dagbag.py:545} INFO - Filling up the DagBag from /opt/airflow/dags/download-files_batch.py
[2024-05-25T09:53:53.923+0000] {processor.py:840} INFO - DAG(s) 'download_files_batch' retrieved from /opt/airflow/dags/download-files_batch.py
[2024-05-25T09:53:53.952+0000] {logging_mixin.py:188} INFO - [2024-05-25T09:53:53.952+0000] {dag.py:3096} INFO - Sync 1 DAGs
[2024-05-25T09:53:53.978+0000] {logging_mixin.py:188} INFO - [2024-05-25T09:53:53.977+0000] {dag.py:3954} INFO - Setting next_dagrun for download_files_batch to 2024-05-25 09:50:00+00:00, run_after=2024-05-25 09:55:00+00:00
[2024-05-25T09:53:54.062+0000] {processor.py:183} INFO - Processing /opt/airflow/dags/download-files_batch.py took 0.320 seconds
[2024-05-25T09:54:24.208+0000] {processor.py:161} INFO - Started process (PID=197) to work on /opt/airflow/dags/download-files_batch.py
[2024-05-25T09:54:24.209+0000] {processor.py:830} INFO - Processing file /opt/airflow/dags/download-files_batch.py for tasks to queue
[2024-05-25T09:54:24.210+0000] {logging_mixin.py:188} INFO - [2024-05-25T09:54:24.210+0000] {dagbag.py:545} INFO - Filling up the DagBag from /opt/airflow/dags/download-files_batch.py
[2024-05-25T09:54:24.393+0000] {processor.py:840} INFO - DAG(s) 'download_files_batch' retrieved from /opt/airflow/dags/download-files_batch.py
[2024-05-25T09:54:24.421+0000] {logging_mixin.py:188} INFO - [2024-05-25T09:54:24.420+0000] {dag.py:3096} INFO - Sync 1 DAGs
[2024-05-25T09:54:24.444+0000] {logging_mixin.py:188} INFO - [2024-05-25T09:54:24.444+0000] {dag.py:3954} INFO - Setting next_dagrun for download_files_batch to 2024-05-25 09:50:00+00:00, run_after=2024-05-25 09:55:00+00:00
[2024-05-25T09:54:24.505+0000] {processor.py:183} INFO - Processing /opt/airflow/dags/download-files_batch.py took 0.301 seconds
[2024-05-25T09:54:55.490+0000] {processor.py:161} INFO - Started process (PID=198) to work on /opt/airflow/dags/download-files_batch.py
[2024-05-25T09:54:55.491+0000] {processor.py:830} INFO - Processing file /opt/airflow/dags/download-files_batch.py for tasks to queue
[2024-05-25T09:54:55.492+0000] {logging_mixin.py:188} INFO - [2024-05-25T09:54:55.492+0000] {dagbag.py:545} INFO - Filling up the DagBag from /opt/airflow/dags/download-files_batch.py
[2024-05-25T09:54:55.652+0000] {processor.py:840} INFO - DAG(s) 'download_files_batch' retrieved from /opt/airflow/dags/download-files_batch.py
[2024-05-25T09:54:55.677+0000] {logging_mixin.py:188} INFO - [2024-05-25T09:54:55.677+0000] {dag.py:3096} INFO - Sync 1 DAGs
[2024-05-25T09:54:55.697+0000] {logging_mixin.py:188} INFO - [2024-05-25T09:54:55.697+0000] {dag.py:3954} INFO - Setting next_dagrun for download_files_batch to 2024-05-25 09:50:00+00:00, run_after=2024-05-25 09:55:00+00:00
[2024-05-25T09:54:55.766+0000] {processor.py:183} INFO - Processing /opt/airflow/dags/download-files_batch.py took 0.280 seconds
[2024-05-25T09:57:48.973+0000] {processor.py:161} INFO - Started process (PID=216) to work on /opt/airflow/dags/download-files_batch.py
[2024-05-25T09:57:48.974+0000] {processor.py:830} INFO - Processing file /opt/airflow/dags/download-files_batch.py for tasks to queue
[2024-05-25T09:57:48.975+0000] {logging_mixin.py:188} INFO - [2024-05-25T09:57:48.974+0000] {dagbag.py:545} INFO - Filling up the DagBag from /opt/airflow/dags/download-files_batch.py
[2024-05-25T09:57:49.127+0000] {processor.py:840} INFO - DAG(s) 'download_files_batch' retrieved from /opt/airflow/dags/download-files_batch.py
[2024-05-25T09:57:49.153+0000] {logging_mixin.py:188} INFO - [2024-05-25T09:57:49.152+0000] {dag.py:3096} INFO - Sync 1 DAGs
[2024-05-25T09:57:49.173+0000] {logging_mixin.py:188} INFO - [2024-05-25T09:57:49.173+0000] {dag.py:3954} INFO - Setting next_dagrun for download_files_batch to 2024-05-25 09:55:00+00:00, run_after=2024-05-25 10:00:00+00:00
[2024-05-25T09:57:49.246+0000] {processor.py:183} INFO - Processing /opt/airflow/dags/download-files_batch.py took 0.277 seconds
[2024-05-25T09:58:19.434+0000] {processor.py:161} INFO - Started process (PID=217) to work on /opt/airflow/dags/download-files_batch.py
[2024-05-25T09:58:19.435+0000] {processor.py:830} INFO - Processing file /opt/airflow/dags/download-files_batch.py for tasks to queue
[2024-05-25T09:58:19.436+0000] {logging_mixin.py:188} INFO - [2024-05-25T09:58:19.436+0000] {dagbag.py:545} INFO - Filling up the DagBag from /opt/airflow/dags/download-files_batch.py
[2024-05-25T09:58:19.591+0000] {processor.py:840} INFO - DAG(s) 'download_files_batch' retrieved from /opt/airflow/dags/download-files_batch.py
[2024-05-25T09:58:19.616+0000] {logging_mixin.py:188} INFO - [2024-05-25T09:58:19.616+0000] {dag.py:3096} INFO - Sync 1 DAGs
[2024-05-25T09:58:19.637+0000] {logging_mixin.py:188} INFO - [2024-05-25T09:58:19.637+0000] {dag.py:3954} INFO - Setting next_dagrun for download_files_batch to 2024-05-25 09:55:00+00:00, run_after=2024-05-25 10:00:00+00:00
[2024-05-25T09:58:19.707+0000] {processor.py:183} INFO - Processing /opt/airflow/dags/download-files_batch.py took 0.277 seconds
[2024-05-25T09:58:50.169+0000] {processor.py:161} INFO - Started process (PID=218) to work on /opt/airflow/dags/download-files_batch.py
[2024-05-25T09:58:50.170+0000] {processor.py:830} INFO - Processing file /opt/airflow/dags/download-files_batch.py for tasks to queue
[2024-05-25T09:58:50.171+0000] {logging_mixin.py:188} INFO - [2024-05-25T09:58:50.171+0000] {dagbag.py:545} INFO - Filling up the DagBag from /opt/airflow/dags/download-files_batch.py
[2024-05-25T09:58:50.314+0000] {processor.py:840} INFO - DAG(s) 'download_files_batch' retrieved from /opt/airflow/dags/download-files_batch.py
[2024-05-25T09:58:50.337+0000] {logging_mixin.py:188} INFO - [2024-05-25T09:58:50.336+0000] {dag.py:3096} INFO - Sync 1 DAGs
[2024-05-25T09:58:50.356+0000] {logging_mixin.py:188} INFO - [2024-05-25T09:58:50.356+0000] {dag.py:3954} INFO - Setting next_dagrun for download_files_batch to 2024-05-25 09:55:00+00:00, run_after=2024-05-25 10:00:00+00:00
[2024-05-25T09:58:50.407+0000] {processor.py:183} INFO - Processing /opt/airflow/dags/download-files_batch.py took 0.242 seconds
[2024-05-25T09:59:21.182+0000] {processor.py:161} INFO - Started process (PID=219) to work on /opt/airflow/dags/download-files_batch.py
[2024-05-25T09:59:21.183+0000] {processor.py:830} INFO - Processing file /opt/airflow/dags/download-files_batch.py for tasks to queue
[2024-05-25T09:59:21.184+0000] {logging_mixin.py:188} INFO - [2024-05-25T09:59:21.183+0000] {dagbag.py:545} INFO - Filling up the DagBag from /opt/airflow/dags/download-files_batch.py
[2024-05-25T09:59:21.321+0000] {processor.py:840} INFO - DAG(s) 'download_files_batch' retrieved from /opt/airflow/dags/download-files_batch.py
[2024-05-25T09:59:21.346+0000] {logging_mixin.py:188} INFO - [2024-05-25T09:59:21.345+0000] {dag.py:3096} INFO - Sync 1 DAGs
[2024-05-25T09:59:21.369+0000] {logging_mixin.py:188} INFO - [2024-05-25T09:59:21.369+0000] {dag.py:3954} INFO - Setting next_dagrun for download_files_batch to 2024-05-25 09:55:00+00:00, run_after=2024-05-25 10:00:00+00:00
[2024-05-25T09:59:21.450+0000] {processor.py:183} INFO - Processing /opt/airflow/dags/download-files_batch.py took 0.272 seconds
[2024-05-25T09:59:51.622+0000] {processor.py:161} INFO - Started process (PID=220) to work on /opt/airflow/dags/download-files_batch.py
[2024-05-25T09:59:51.622+0000] {processor.py:830} INFO - Processing file /opt/airflow/dags/download-files_batch.py for tasks to queue
[2024-05-25T09:59:51.623+0000] {logging_mixin.py:188} INFO - [2024-05-25T09:59:51.623+0000] {dagbag.py:545} INFO - Filling up the DagBag from /opt/airflow/dags/download-files_batch.py
[2024-05-25T09:59:51.765+0000] {processor.py:840} INFO - DAG(s) 'download_files_batch' retrieved from /opt/airflow/dags/download-files_batch.py
[2024-05-25T09:59:51.790+0000] {logging_mixin.py:188} INFO - [2024-05-25T09:59:51.790+0000] {dag.py:3096} INFO - Sync 1 DAGs
[2024-05-25T09:59:51.811+0000] {logging_mixin.py:188} INFO - [2024-05-25T09:59:51.811+0000] {dag.py:3954} INFO - Setting next_dagrun for download_files_batch to 2024-05-25 09:55:00+00:00, run_after=2024-05-25 10:00:00+00:00
[2024-05-25T09:59:51.930+0000] {processor.py:183} INFO - Processing /opt/airflow/dags/download-files_batch.py took 0.312 seconds
[2024-05-25T10:01:50.120+0000] {processor.py:161} INFO - Started process (PID=238) to work on /opt/airflow/dags/download-files_batch.py
[2024-05-25T10:01:50.121+0000] {processor.py:830} INFO - Processing file /opt/airflow/dags/download-files_batch.py for tasks to queue
[2024-05-25T10:01:50.122+0000] {logging_mixin.py:188} INFO - [2024-05-25T10:01:50.121+0000] {dagbag.py:545} INFO - Filling up the DagBag from /opt/airflow/dags/download-files_batch.py
[2024-05-25T10:01:50.295+0000] {processor.py:840} INFO - DAG(s) 'download_files_batch' retrieved from /opt/airflow/dags/download-files_batch.py
[2024-05-25T10:01:50.322+0000] {logging_mixin.py:188} INFO - [2024-05-25T10:01:50.321+0000] {dag.py:3096} INFO - Sync 1 DAGs
[2024-05-25T10:01:50.344+0000] {logging_mixin.py:188} INFO - [2024-05-25T10:01:50.344+0000] {dag.py:3954} INFO - Setting next_dagrun for download_files_batch to 2024-05-25 10:00:00+00:00, run_after=2024-05-25 10:05:00+00:00
[2024-05-25T10:01:50.409+0000] {processor.py:183} INFO - Processing /opt/airflow/dags/download-files_batch.py took 0.294 seconds
[2024-05-25T10:02:21.571+0000] {processor.py:161} INFO - Started process (PID=239) to work on /opt/airflow/dags/download-files_batch.py
[2024-05-25T10:02:21.571+0000] {processor.py:830} INFO - Processing file /opt/airflow/dags/download-files_batch.py for tasks to queue
[2024-05-25T10:02:21.572+0000] {logging_mixin.py:188} INFO - [2024-05-25T10:02:21.572+0000] {dagbag.py:545} INFO - Filling up the DagBag from /opt/airflow/dags/download-files_batch.py
[2024-05-25T10:02:21.734+0000] {processor.py:840} INFO - DAG(s) 'download_files_batch' retrieved from /opt/airflow/dags/download-files_batch.py
[2024-05-25T10:02:21.762+0000] {logging_mixin.py:188} INFO - [2024-05-25T10:02:21.762+0000] {dag.py:3096} INFO - Sync 1 DAGs
[2024-05-25T10:02:21.785+0000] {logging_mixin.py:188} INFO - [2024-05-25T10:02:21.785+0000] {dag.py:3954} INFO - Setting next_dagrun for download_files_batch to 2024-05-25 10:00:00+00:00, run_after=2024-05-25 10:05:00+00:00
[2024-05-25T10:02:21.850+0000] {processor.py:183} INFO - Processing /opt/airflow/dags/download-files_batch.py took 0.283 seconds
[2024-05-25T10:02:52.355+0000] {processor.py:161} INFO - Started process (PID=240) to work on /opt/airflow/dags/download-files_batch.py
[2024-05-25T10:02:52.355+0000] {processor.py:830} INFO - Processing file /opt/airflow/dags/download-files_batch.py for tasks to queue
[2024-05-25T10:02:52.357+0000] {logging_mixin.py:188} INFO - [2024-05-25T10:02:52.356+0000] {dagbag.py:545} INFO - Filling up the DagBag from /opt/airflow/dags/download-files_batch.py
[2024-05-25T10:02:52.511+0000] {processor.py:840} INFO - DAG(s) 'download_files_batch' retrieved from /opt/airflow/dags/download-files_batch.py
[2024-05-25T10:02:52.535+0000] {logging_mixin.py:188} INFO - [2024-05-25T10:02:52.535+0000] {dag.py:3096} INFO - Sync 1 DAGs
[2024-05-25T10:02:52.554+0000] {logging_mixin.py:188} INFO - [2024-05-25T10:02:52.554+0000] {dag.py:3954} INFO - Setting next_dagrun for download_files_batch to 2024-05-25 10:00:00+00:00, run_after=2024-05-25 10:05:00+00:00
[2024-05-25T10:02:52.620+0000] {processor.py:183} INFO - Processing /opt/airflow/dags/download-files_batch.py took 0.270 seconds
[2024-05-25T10:03:22.995+0000] {processor.py:161} INFO - Started process (PID=241) to work on /opt/airflow/dags/download-files_batch.py
[2024-05-25T10:03:22.996+0000] {processor.py:830} INFO - Processing file /opt/airflow/dags/download-files_batch.py for tasks to queue
[2024-05-25T10:03:22.997+0000] {logging_mixin.py:188} INFO - [2024-05-25T10:03:22.997+0000] {dagbag.py:545} INFO - Filling up the DagBag from /opt/airflow/dags/download-files_batch.py
[2024-05-25T10:03:23.163+0000] {processor.py:840} INFO - DAG(s) 'download_files_batch' retrieved from /opt/airflow/dags/download-files_batch.py
[2024-05-25T10:03:23.188+0000] {logging_mixin.py:188} INFO - [2024-05-25T10:03:23.188+0000] {dag.py:3096} INFO - Sync 1 DAGs
[2024-05-25T10:03:23.210+0000] {logging_mixin.py:188} INFO - [2024-05-25T10:03:23.210+0000] {dag.py:3954} INFO - Setting next_dagrun for download_files_batch to 2024-05-25 10:00:00+00:00, run_after=2024-05-25 10:05:00+00:00
[2024-05-25T10:03:23.265+0000] {processor.py:183} INFO - Processing /opt/airflow/dags/download-files_batch.py took 0.275 seconds
[2024-05-25T10:03:53.678+0000] {processor.py:161} INFO - Started process (PID=242) to work on /opt/airflow/dags/download-files_batch.py
[2024-05-25T10:03:53.679+0000] {processor.py:830} INFO - Processing file /opt/airflow/dags/download-files_batch.py for tasks to queue
[2024-05-25T10:03:53.681+0000] {logging_mixin.py:188} INFO - [2024-05-25T10:03:53.680+0000] {dagbag.py:545} INFO - Filling up the DagBag from /opt/airflow/dags/download-files_batch.py
[2024-05-25T10:03:53.954+0000] {processor.py:840} INFO - DAG(s) 'download_files_batch' retrieved from /opt/airflow/dags/download-files_batch.py
[2024-05-25T10:03:53.989+0000] {logging_mixin.py:188} INFO - [2024-05-25T10:03:53.989+0000] {dag.py:3096} INFO - Sync 1 DAGs
[2024-05-25T10:03:54.019+0000] {logging_mixin.py:188} INFO - [2024-05-25T10:03:54.018+0000] {dag.py:3954} INFO - Setting next_dagrun for download_files_batch to 2024-05-25 10:00:00+00:00, run_after=2024-05-25 10:05:00+00:00
[2024-05-25T10:03:54.108+0000] {processor.py:183} INFO - Processing /opt/airflow/dags/download-files_batch.py took 0.436 seconds
[2024-05-25T10:04:24.352+0000] {processor.py:161} INFO - Started process (PID=243) to work on /opt/airflow/dags/download-files_batch.py
[2024-05-25T10:04:24.354+0000] {processor.py:830} INFO - Processing file /opt/airflow/dags/download-files_batch.py for tasks to queue
[2024-05-25T10:04:24.355+0000] {logging_mixin.py:188} INFO - [2024-05-25T10:04:24.355+0000] {dagbag.py:545} INFO - Filling up the DagBag from /opt/airflow/dags/download-files_batch.py
[2024-05-25T10:04:24.546+0000] {processor.py:840} INFO - DAG(s) 'download_files_batch' retrieved from /opt/airflow/dags/download-files_batch.py
[2024-05-25T10:04:24.574+0000] {logging_mixin.py:188} INFO - [2024-05-25T10:04:24.573+0000] {dag.py:3096} INFO - Sync 1 DAGs
[2024-05-25T10:04:24.596+0000] {logging_mixin.py:188} INFO - [2024-05-25T10:04:24.596+0000] {dag.py:3954} INFO - Setting next_dagrun for download_files_batch to 2024-05-25 10:00:00+00:00, run_after=2024-05-25 10:05:00+00:00
[2024-05-25T10:04:24.653+0000] {processor.py:183} INFO - Processing /opt/airflow/dags/download-files_batch.py took 0.307 seconds
[2024-05-25T10:04:55.030+0000] {processor.py:161} INFO - Started process (PID=244) to work on /opt/airflow/dags/download-files_batch.py
[2024-05-25T10:04:55.031+0000] {processor.py:830} INFO - Processing file /opt/airflow/dags/download-files_batch.py for tasks to queue
[2024-05-25T10:04:55.032+0000] {logging_mixin.py:188} INFO - [2024-05-25T10:04:55.031+0000] {dagbag.py:545} INFO - Filling up the DagBag from /opt/airflow/dags/download-files_batch.py
[2024-05-25T10:04:55.194+0000] {processor.py:840} INFO - DAG(s) 'download_files_batch' retrieved from /opt/airflow/dags/download-files_batch.py
[2024-05-25T10:04:55.221+0000] {logging_mixin.py:188} INFO - [2024-05-25T10:04:55.221+0000] {dag.py:3096} INFO - Sync 1 DAGs
[2024-05-25T10:04:55.243+0000] {logging_mixin.py:188} INFO - [2024-05-25T10:04:55.243+0000] {dag.py:3954} INFO - Setting next_dagrun for download_files_batch to 2024-05-25 10:00:00+00:00, run_after=2024-05-25 10:05:00+00:00
[2024-05-25T10:04:55.300+0000] {processor.py:183} INFO - Processing /opt/airflow/dags/download-files_batch.py took 0.274 seconds
[2024-05-25T10:06:51.505+0000] {processor.py:161} INFO - Started process (PID=262) to work on /opt/airflow/dags/download-files_batch.py
[2024-05-25T10:06:51.506+0000] {processor.py:830} INFO - Processing file /opt/airflow/dags/download-files_batch.py for tasks to queue
[2024-05-25T10:06:51.506+0000] {logging_mixin.py:188} INFO - [2024-05-25T10:06:51.506+0000] {dagbag.py:545} INFO - Filling up the DagBag from /opt/airflow/dags/download-files_batch.py
[2024-05-25T10:06:51.680+0000] {processor.py:840} INFO - DAG(s) 'download_files_batch' retrieved from /opt/airflow/dags/download-files_batch.py
[2024-05-25T10:06:51.707+0000] {logging_mixin.py:188} INFO - [2024-05-25T10:06:51.706+0000] {dag.py:3096} INFO - Sync 1 DAGs
[2024-05-25T10:06:51.730+0000] {logging_mixin.py:188} INFO - [2024-05-25T10:06:51.729+0000] {dag.py:3954} INFO - Setting next_dagrun for download_files_batch to 2024-05-25 10:05:00+00:00, run_after=2024-05-25 10:10:00+00:00
[2024-05-25T10:06:51.791+0000] {processor.py:183} INFO - Processing /opt/airflow/dags/download-files_batch.py took 0.291 seconds
[2024-05-25T10:07:22.003+0000] {processor.py:161} INFO - Started process (PID=263) to work on /opt/airflow/dags/download-files_batch.py
[2024-05-25T10:07:22.003+0000] {processor.py:830} INFO - Processing file /opt/airflow/dags/download-files_batch.py for tasks to queue
[2024-05-25T10:07:22.004+0000] {logging_mixin.py:188} INFO - [2024-05-25T10:07:22.004+0000] {dagbag.py:545} INFO - Filling up the DagBag from /opt/airflow/dags/download-files_batch.py
[2024-05-25T10:07:22.153+0000] {processor.py:840} INFO - DAG(s) 'download_files_batch' retrieved from /opt/airflow/dags/download-files_batch.py
[2024-05-25T10:07:22.176+0000] {logging_mixin.py:188} INFO - [2024-05-25T10:07:22.176+0000] {dag.py:3096} INFO - Sync 1 DAGs
[2024-05-25T10:07:22.195+0000] {logging_mixin.py:188} INFO - [2024-05-25T10:07:22.195+0000] {dag.py:3954} INFO - Setting next_dagrun for download_files_batch to 2024-05-25 10:05:00+00:00, run_after=2024-05-25 10:10:00+00:00
[2024-05-25T10:07:22.283+0000] {processor.py:183} INFO - Processing /opt/airflow/dags/download-files_batch.py took 0.284 seconds
[2024-05-25T10:07:52.754+0000] {processor.py:161} INFO - Started process (PID=264) to work on /opt/airflow/dags/download-files_batch.py
[2024-05-25T10:07:52.755+0000] {processor.py:830} INFO - Processing file /opt/airflow/dags/download-files_batch.py for tasks to queue
[2024-05-25T10:07:52.755+0000] {logging_mixin.py:188} INFO - [2024-05-25T10:07:52.755+0000] {dagbag.py:545} INFO - Filling up the DagBag from /opt/airflow/dags/download-files_batch.py
[2024-05-25T10:07:52.898+0000] {processor.py:840} INFO - DAG(s) 'download_files_batch' retrieved from /opt/airflow/dags/download-files_batch.py
[2024-05-25T10:07:52.925+0000] {logging_mixin.py:188} INFO - [2024-05-25T10:07:52.925+0000] {dag.py:3096} INFO - Sync 1 DAGs
[2024-05-25T10:07:52.949+0000] {logging_mixin.py:188} INFO - [2024-05-25T10:07:52.949+0000] {dag.py:3954} INFO - Setting next_dagrun for download_files_batch to 2024-05-25 10:05:00+00:00, run_after=2024-05-25 10:10:00+00:00
[2024-05-25T10:07:53.005+0000] {processor.py:183} INFO - Processing /opt/airflow/dags/download-files_batch.py took 0.255 seconds
[2024-05-25T10:08:23.763+0000] {processor.py:161} INFO - Started process (PID=265) to work on /opt/airflow/dags/download-files_batch.py
[2024-05-25T10:08:23.764+0000] {processor.py:830} INFO - Processing file /opt/airflow/dags/download-files_batch.py for tasks to queue
[2024-05-25T10:08:23.765+0000] {logging_mixin.py:188} INFO - [2024-05-25T10:08:23.764+0000] {dagbag.py:545} INFO - Filling up the DagBag from /opt/airflow/dags/download-files_batch.py
[2024-05-25T10:08:23.928+0000] {processor.py:840} INFO - DAG(s) 'download_files_batch' retrieved from /opt/airflow/dags/download-files_batch.py
[2024-05-25T10:08:23.954+0000] {logging_mixin.py:188} INFO - [2024-05-25T10:08:23.953+0000] {dag.py:3096} INFO - Sync 1 DAGs
[2024-05-25T10:08:23.975+0000] {logging_mixin.py:188} INFO - [2024-05-25T10:08:23.975+0000] {dag.py:3954} INFO - Setting next_dagrun for download_files_batch to 2024-05-25 10:05:00+00:00, run_after=2024-05-25 10:10:00+00:00
[2024-05-25T10:08:24.035+0000] {processor.py:183} INFO - Processing /opt/airflow/dags/download-files_batch.py took 0.276 seconds
[2024-05-25T10:08:54.256+0000] {processor.py:161} INFO - Started process (PID=266) to work on /opt/airflow/dags/download-files_batch.py
[2024-05-25T10:08:54.257+0000] {processor.py:830} INFO - Processing file /opt/airflow/dags/download-files_batch.py for tasks to queue
[2024-05-25T10:08:54.258+0000] {logging_mixin.py:188} INFO - [2024-05-25T10:08:54.258+0000] {dagbag.py:545} INFO - Filling up the DagBag from /opt/airflow/dags/download-files_batch.py
[2024-05-25T10:08:54.506+0000] {processor.py:840} INFO - DAG(s) 'download_files_batch' retrieved from /opt/airflow/dags/download-files_batch.py
[2024-05-25T10:08:54.547+0000] {logging_mixin.py:188} INFO - [2024-05-25T10:08:54.546+0000] {dag.py:3096} INFO - Sync 1 DAGs
[2024-05-25T10:08:54.578+0000] {logging_mixin.py:188} INFO - [2024-05-25T10:08:54.578+0000] {dag.py:3954} INFO - Setting next_dagrun for download_files_batch to 2024-05-25 10:05:00+00:00, run_after=2024-05-25 10:10:00+00:00
[2024-05-25T10:08:54.694+0000] {processor.py:183} INFO - Processing /opt/airflow/dags/download-files_batch.py took 0.445 seconds
[2024-05-25T10:09:25.389+0000] {processor.py:161} INFO - Started process (PID=267) to work on /opt/airflow/dags/download-files_batch.py
[2024-05-25T10:09:25.390+0000] {processor.py:830} INFO - Processing file /opt/airflow/dags/download-files_batch.py for tasks to queue
[2024-05-25T10:09:25.391+0000] {logging_mixin.py:188} INFO - [2024-05-25T10:09:25.390+0000] {dagbag.py:545} INFO - Filling up the DagBag from /opt/airflow/dags/download-files_batch.py
[2024-05-25T10:09:25.551+0000] {processor.py:840} INFO - DAG(s) 'download_files_batch' retrieved from /opt/airflow/dags/download-files_batch.py
[2024-05-25T10:09:25.577+0000] {logging_mixin.py:188} INFO - [2024-05-25T10:09:25.577+0000] {dag.py:3096} INFO - Sync 1 DAGs
[2024-05-25T10:09:25.597+0000] {logging_mixin.py:188} INFO - [2024-05-25T10:09:25.597+0000] {dag.py:3954} INFO - Setting next_dagrun for download_files_batch to 2024-05-25 10:05:00+00:00, run_after=2024-05-25 10:10:00+00:00
[2024-05-25T10:09:25.648+0000] {processor.py:183} INFO - Processing /opt/airflow/dags/download-files_batch.py took 0.263 seconds
[2024-05-25T10:09:55.769+0000] {processor.py:161} INFO - Started process (PID=268) to work on /opt/airflow/dags/download-files_batch.py
[2024-05-25T10:09:55.770+0000] {processor.py:830} INFO - Processing file /opt/airflow/dags/download-files_batch.py for tasks to queue
[2024-05-25T10:09:55.771+0000] {logging_mixin.py:188} INFO - [2024-05-25T10:09:55.771+0000] {dagbag.py:545} INFO - Filling up the DagBag from /opt/airflow/dags/download-files_batch.py
[2024-05-25T10:09:55.909+0000] {processor.py:840} INFO - DAG(s) 'download_files_batch' retrieved from /opt/airflow/dags/download-files_batch.py
[2024-05-25T10:09:55.941+0000] {logging_mixin.py:188} INFO - [2024-05-25T10:09:55.940+0000] {dag.py:3096} INFO - Sync 1 DAGs
[2024-05-25T10:09:55.960+0000] {logging_mixin.py:188} INFO - [2024-05-25T10:09:55.960+0000] {dag.py:3954} INFO - Setting next_dagrun for download_files_batch to 2024-05-25 10:05:00+00:00, run_after=2024-05-25 10:10:00+00:00
[2024-05-25T10:09:56.056+0000] {processor.py:183} INFO - Processing /opt/airflow/dags/download-files_batch.py took 0.290 seconds
[2024-05-25T10:12:03.581+0000] {processor.py:161} INFO - Started process (PID=286) to work on /opt/airflow/dags/download-files_batch.py
[2024-05-25T10:12:03.582+0000] {processor.py:830} INFO - Processing file /opt/airflow/dags/download-files_batch.py for tasks to queue
[2024-05-25T10:12:03.583+0000] {logging_mixin.py:188} INFO - [2024-05-25T10:12:03.583+0000] {dagbag.py:545} INFO - Filling up the DagBag from /opt/airflow/dags/download-files_batch.py
[2024-05-25T10:12:03.750+0000] {processor.py:840} INFO - DAG(s) 'download_files_batch' retrieved from /opt/airflow/dags/download-files_batch.py
[2024-05-25T10:12:03.778+0000] {logging_mixin.py:188} INFO - [2024-05-25T10:12:03.777+0000] {dag.py:3096} INFO - Sync 1 DAGs
[2024-05-25T10:12:03.800+0000] {logging_mixin.py:188} INFO - [2024-05-25T10:12:03.799+0000] {dag.py:3954} INFO - Setting next_dagrun for download_files_batch to 2024-05-25 10:10:00+00:00, run_after=2024-05-25 10:15:00+00:00
[2024-05-25T10:12:03.858+0000] {processor.py:183} INFO - Processing /opt/airflow/dags/download-files_batch.py took 0.282 seconds
[2024-05-25T10:12:33.972+0000] {processor.py:161} INFO - Started process (PID=287) to work on /opt/airflow/dags/download-files_batch.py
[2024-05-25T10:12:33.973+0000] {processor.py:830} INFO - Processing file /opt/airflow/dags/download-files_batch.py for tasks to queue
[2024-05-25T10:12:33.974+0000] {logging_mixin.py:188} INFO - [2024-05-25T10:12:33.973+0000] {dagbag.py:545} INFO - Filling up the DagBag from /opt/airflow/dags/download-files_batch.py
[2024-05-25T10:12:34.161+0000] {processor.py:840} INFO - DAG(s) 'download_files_batch' retrieved from /opt/airflow/dags/download-files_batch.py
[2024-05-25T10:12:34.188+0000] {logging_mixin.py:188} INFO - [2024-05-25T10:12:34.188+0000] {dag.py:3096} INFO - Sync 1 DAGs
[2024-05-25T10:12:34.211+0000] {logging_mixin.py:188} INFO - [2024-05-25T10:12:34.210+0000] {dag.py:3954} INFO - Setting next_dagrun for download_files_batch to 2024-05-25 10:10:00+00:00, run_after=2024-05-25 10:15:00+00:00
[2024-05-25T10:12:34.272+0000] {processor.py:183} INFO - Processing /opt/airflow/dags/download-files_batch.py took 0.305 seconds
[2024-05-25T10:13:04.776+0000] {processor.py:161} INFO - Started process (PID=288) to work on /opt/airflow/dags/download-files_batch.py
[2024-05-25T10:13:04.777+0000] {processor.py:830} INFO - Processing file /opt/airflow/dags/download-files_batch.py for tasks to queue
[2024-05-25T10:13:04.778+0000] {logging_mixin.py:188} INFO - [2024-05-25T10:13:04.778+0000] {dagbag.py:545} INFO - Filling up the DagBag from /opt/airflow/dags/download-files_batch.py
[2024-05-25T10:13:04.924+0000] {processor.py:840} INFO - DAG(s) 'download_files_batch' retrieved from /opt/airflow/dags/download-files_batch.py
[2024-05-25T10:13:04.948+0000] {logging_mixin.py:188} INFO - [2024-05-25T10:13:04.948+0000] {dag.py:3096} INFO - Sync 1 DAGs
[2024-05-25T10:13:04.969+0000] {logging_mixin.py:188} INFO - [2024-05-25T10:13:04.969+0000] {dag.py:3954} INFO - Setting next_dagrun for download_files_batch to 2024-05-25 10:10:00+00:00, run_after=2024-05-25 10:15:00+00:00
[2024-05-25T10:13:05.030+0000] {processor.py:183} INFO - Processing /opt/airflow/dags/download-files_batch.py took 0.258 seconds
[2024-05-25T10:13:35.776+0000] {processor.py:161} INFO - Started process (PID=289) to work on /opt/airflow/dags/download-files_batch.py
[2024-05-25T10:13:35.777+0000] {processor.py:830} INFO - Processing file /opt/airflow/dags/download-files_batch.py for tasks to queue
[2024-05-25T10:13:35.778+0000] {logging_mixin.py:188} INFO - [2024-05-25T10:13:35.778+0000] {dagbag.py:545} INFO - Filling up the DagBag from /opt/airflow/dags/download-files_batch.py
[2024-05-25T10:13:36.000+0000] {processor.py:840} INFO - DAG(s) 'download_files_batch' retrieved from /opt/airflow/dags/download-files_batch.py
[2024-05-25T10:13:36.035+0000] {logging_mixin.py:188} INFO - [2024-05-25T10:13:36.034+0000] {dag.py:3096} INFO - Sync 1 DAGs
[2024-05-25T10:13:36.063+0000] {logging_mixin.py:188} INFO - [2024-05-25T10:13:36.063+0000] {dag.py:3954} INFO - Setting next_dagrun for download_files_batch to 2024-05-25 10:10:00+00:00, run_after=2024-05-25 10:15:00+00:00
[2024-05-25T10:13:36.158+0000] {processor.py:183} INFO - Processing /opt/airflow/dags/download-files_batch.py took 0.388 seconds
[2024-05-25T10:14:06.329+0000] {processor.py:161} INFO - Started process (PID=290) to work on /opt/airflow/dags/download-files_batch.py
[2024-05-25T10:14:06.330+0000] {processor.py:830} INFO - Processing file /opt/airflow/dags/download-files_batch.py for tasks to queue
[2024-05-25T10:14:06.331+0000] {logging_mixin.py:188} INFO - [2024-05-25T10:14:06.330+0000] {dagbag.py:545} INFO - Filling up the DagBag from /opt/airflow/dags/download-files_batch.py
[2024-05-25T10:14:06.482+0000] {processor.py:840} INFO - DAG(s) 'download_files_batch' retrieved from /opt/airflow/dags/download-files_batch.py
[2024-05-25T10:14:06.506+0000] {logging_mixin.py:188} INFO - [2024-05-25T10:14:06.506+0000] {dag.py:3096} INFO - Sync 1 DAGs
[2024-05-25T10:14:06.527+0000] {logging_mixin.py:188} INFO - [2024-05-25T10:14:06.527+0000] {dag.py:3954} INFO - Setting next_dagrun for download_files_batch to 2024-05-25 10:10:00+00:00, run_after=2024-05-25 10:15:00+00:00
[2024-05-25T10:14:06.585+0000] {processor.py:183} INFO - Processing /opt/airflow/dags/download-files_batch.py took 0.260 seconds
[2024-05-25T10:14:37.585+0000] {processor.py:161} INFO - Started process (PID=291) to work on /opt/airflow/dags/download-files_batch.py
[2024-05-25T10:14:37.586+0000] {processor.py:830} INFO - Processing file /opt/airflow/dags/download-files_batch.py for tasks to queue
[2024-05-25T10:14:37.587+0000] {logging_mixin.py:188} INFO - [2024-05-25T10:14:37.586+0000] {dagbag.py:545} INFO - Filling up the DagBag from /opt/airflow/dags/download-files_batch.py
[2024-05-25T10:14:37.740+0000] {processor.py:840} INFO - DAG(s) 'download_files_batch' retrieved from /opt/airflow/dags/download-files_batch.py
[2024-05-25T10:14:37.765+0000] {logging_mixin.py:188} INFO - [2024-05-25T10:14:37.765+0000] {dag.py:3096} INFO - Sync 1 DAGs
[2024-05-25T10:14:37.785+0000] {logging_mixin.py:188} INFO - [2024-05-25T10:14:37.785+0000] {dag.py:3954} INFO - Setting next_dagrun for download_files_batch to 2024-05-25 10:10:00+00:00, run_after=2024-05-25 10:15:00+00:00
[2024-05-25T10:14:37.834+0000] {processor.py:183} INFO - Processing /opt/airflow/dags/download-files_batch.py took 0.253 seconds
[2024-05-25T10:16:50.549+0000] {processor.py:161} INFO - Started process (PID=309) to work on /opt/airflow/dags/download-files_batch.py
[2024-05-25T10:16:50.550+0000] {processor.py:830} INFO - Processing file /opt/airflow/dags/download-files_batch.py for tasks to queue
[2024-05-25T10:16:50.551+0000] {logging_mixin.py:188} INFO - [2024-05-25T10:16:50.550+0000] {dagbag.py:545} INFO - Filling up the DagBag from /opt/airflow/dags/download-files_batch.py
[2024-05-25T10:16:50.706+0000] {processor.py:840} INFO - DAG(s) 'download_files_batch' retrieved from /opt/airflow/dags/download-files_batch.py
[2024-05-25T10:16:50.731+0000] {logging_mixin.py:188} INFO - [2024-05-25T10:16:50.731+0000] {dag.py:3096} INFO - Sync 1 DAGs
[2024-05-25T10:16:50.751+0000] {logging_mixin.py:188} INFO - [2024-05-25T10:16:50.751+0000] {dag.py:3954} INFO - Setting next_dagrun for download_files_batch to 2024-05-25 10:15:00+00:00, run_after=2024-05-25 10:20:00+00:00
[2024-05-25T10:16:50.803+0000] {processor.py:183} INFO - Processing /opt/airflow/dags/download-files_batch.py took 0.258 seconds
[2024-05-25T10:16:55.197+0000] {processor.py:161} INFO - Started process (PID=310) to work on /opt/airflow/dags/download-files_batch.py
[2024-05-25T10:16:55.198+0000] {processor.py:830} INFO - Processing file /opt/airflow/dags/download-files_batch.py for tasks to queue
[2024-05-25T10:16:55.199+0000] {logging_mixin.py:188} INFO - [2024-05-25T10:16:55.199+0000] {dagbag.py:545} INFO - Filling up the DagBag from /opt/airflow/dags/download-files_batch.py
[2024-05-25T10:16:55.390+0000] {processor.py:840} INFO - DAG(s) 'download_files_batch' retrieved from /opt/airflow/dags/download-files_batch.py
[2024-05-25T10:16:55.525+0000] {logging_mixin.py:188} INFO - [2024-05-25T10:16:55.524+0000] {dag.py:3096} INFO - Sync 1 DAGs
[2024-05-25T10:16:55.552+0000] {logging_mixin.py:188} INFO - [2024-05-25T10:16:55.552+0000] {dag.py:3954} INFO - Setting next_dagrun for download_files_batch to 2024-05-25 10:15:00+00:00, run_after=2024-05-25 10:17:00+00:00
[2024-05-25T10:16:55.640+0000] {processor.py:183} INFO - Processing /opt/airflow/dags/download-files_batch.py took 0.447 seconds
[2024-05-25T10:18:52.565+0000] {processor.py:161} INFO - Started process (PID=328) to work on /opt/airflow/dags/download-files_batch.py
[2024-05-25T10:18:52.566+0000] {processor.py:830} INFO - Processing file /opt/airflow/dags/download-files_batch.py for tasks to queue
[2024-05-25T10:18:52.567+0000] {logging_mixin.py:188} INFO - [2024-05-25T10:18:52.566+0000] {dagbag.py:545} INFO - Filling up the DagBag from /opt/airflow/dags/download-files_batch.py
[2024-05-25T10:18:52.741+0000] {processor.py:840} INFO - DAG(s) 'download_files_batch' retrieved from /opt/airflow/dags/download-files_batch.py
[2024-05-25T10:18:52.768+0000] {logging_mixin.py:188} INFO - [2024-05-25T10:18:52.768+0000] {dag.py:3096} INFO - Sync 1 DAGs
[2024-05-25T10:18:52.792+0000] {logging_mixin.py:188} INFO - [2024-05-25T10:18:52.791+0000] {dag.py:3954} INFO - Setting next_dagrun for download_files_batch to 2024-05-25 10:17:00+00:00, run_after=2024-05-25 10:19:00+00:00
[2024-05-25T10:18:52.855+0000] {processor.py:183} INFO - Processing /opt/airflow/dags/download-files_batch.py took 0.295 seconds
[2024-05-25T10:21:04.400+0000] {processor.py:161} INFO - Started process (PID=346) to work on /opt/airflow/dags/download-files_batch.py
[2024-05-25T10:21:04.401+0000] {processor.py:830} INFO - Processing file /opt/airflow/dags/download-files_batch.py for tasks to queue
[2024-05-25T10:21:04.403+0000] {logging_mixin.py:188} INFO - [2024-05-25T10:21:04.402+0000] {dagbag.py:545} INFO - Filling up the DagBag from /opt/airflow/dags/download-files_batch.py
[2024-05-25T10:21:04.604+0000] {processor.py:840} INFO - DAG(s) 'download_files_batch' retrieved from /opt/airflow/dags/download-files_batch.py
[2024-05-25T10:21:04.632+0000] {logging_mixin.py:188} INFO - [2024-05-25T10:21:04.632+0000] {dag.py:3096} INFO - Sync 1 DAGs
[2024-05-25T10:21:04.654+0000] {logging_mixin.py:188} INFO - [2024-05-25T10:21:04.654+0000] {dag.py:3954} INFO - Setting next_dagrun for download_files_batch to 2024-05-25 10:19:00+00:00, run_after=2024-05-25 10:21:00+00:00
[2024-05-25T10:21:04.719+0000] {processor.py:183} INFO - Processing /opt/airflow/dags/download-files_batch.py took 0.324 seconds
[2024-05-25T10:22:59.910+0000] {processor.py:161} INFO - Started process (PID=364) to work on /opt/airflow/dags/download-files_batch.py
[2024-05-25T10:22:59.911+0000] {processor.py:830} INFO - Processing file /opt/airflow/dags/download-files_batch.py for tasks to queue
[2024-05-25T10:22:59.913+0000] {logging_mixin.py:188} INFO - [2024-05-25T10:22:59.912+0000] {dagbag.py:545} INFO - Filling up the DagBag from /opt/airflow/dags/download-files_batch.py
[2024-05-25T10:23:00.147+0000] {processor.py:840} INFO - DAG(s) 'download_files_batch' retrieved from /opt/airflow/dags/download-files_batch.py
[2024-05-25T10:23:00.182+0000] {logging_mixin.py:188} INFO - [2024-05-25T10:23:00.182+0000] {dag.py:3096} INFO - Sync 1 DAGs
[2024-05-25T10:23:00.211+0000] {logging_mixin.py:188} INFO - [2024-05-25T10:23:00.210+0000] {dag.py:3954} INFO - Setting next_dagrun for download_files_batch to 2024-05-25 10:21:00+00:00, run_after=2024-05-25 10:23:00+00:00
[2024-05-25T10:23:00.285+0000] {processor.py:183} INFO - Processing /opt/airflow/dags/download-files_batch.py took 0.380 seconds
[2024-05-25T10:24:49.755+0000] {processor.py:161} INFO - Started process (PID=382) to work on /opt/airflow/dags/download-files_batch.py
[2024-05-25T10:24:49.756+0000] {processor.py:830} INFO - Processing file /opt/airflow/dags/download-files_batch.py for tasks to queue
[2024-05-25T10:24:49.757+0000] {logging_mixin.py:188} INFO - [2024-05-25T10:24:49.757+0000] {dagbag.py:545} INFO - Filling up the DagBag from /opt/airflow/dags/download-files_batch.py
[2024-05-25T10:24:49.973+0000] {processor.py:840} INFO - DAG(s) 'download_files_batch' retrieved from /opt/airflow/dags/download-files_batch.py
[2024-05-25T10:24:50.006+0000] {logging_mixin.py:188} INFO - [2024-05-25T10:24:50.006+0000] {dag.py:3096} INFO - Sync 1 DAGs
[2024-05-25T10:24:50.032+0000] {logging_mixin.py:188} INFO - [2024-05-25T10:24:50.032+0000] {dag.py:3954} INFO - Setting next_dagrun for download_files_batch to 2024-05-25 10:23:00+00:00, run_after=2024-05-25 10:25:00+00:00
[2024-05-25T10:24:50.098+0000] {processor.py:183} INFO - Processing /opt/airflow/dags/download-files_batch.py took 0.349 seconds
[2024-05-25T10:28:26.078+0000] {processor.py:161} INFO - Started process (PID=416) to work on /opt/airflow/dags/download-files_batch.py
[2024-05-25T10:28:26.079+0000] {processor.py:830} INFO - Processing file /opt/airflow/dags/download-files_batch.py for tasks to queue
[2024-05-25T10:28:26.080+0000] {logging_mixin.py:188} INFO - [2024-05-25T10:28:26.079+0000] {dagbag.py:545} INFO - Filling up the DagBag from /opt/airflow/dags/download-files_batch.py
[2024-05-25T10:28:26.258+0000] {processor.py:840} INFO - DAG(s) 'download_files_batch' retrieved from /opt/airflow/dags/download-files_batch.py
[2024-05-25T10:28:26.285+0000] {logging_mixin.py:188} INFO - [2024-05-25T10:28:26.285+0000] {dag.py:3096} INFO - Sync 1 DAGs
[2024-05-25T10:28:26.308+0000] {logging_mixin.py:188} INFO - [2024-05-25T10:28:26.307+0000] {dag.py:3954} INFO - Setting next_dagrun for download_files_batch to 2024-05-25 10:23:00+00:00, run_after=2024-05-25 10:25:00+00:00
[2024-05-25T10:28:26.378+0000] {processor.py:183} INFO - Processing /opt/airflow/dags/download-files_batch.py took 0.305 seconds
[2024-05-25T10:30:35.122+0000] {processor.py:161} INFO - Started process (PID=434) to work on /opt/airflow/dags/download-files_batch.py
[2024-05-25T10:30:35.123+0000] {processor.py:830} INFO - Processing file /opt/airflow/dags/download-files_batch.py for tasks to queue
[2024-05-25T10:30:35.124+0000] {logging_mixin.py:188} INFO - [2024-05-25T10:30:35.123+0000] {dagbag.py:545} INFO - Filling up the DagBag from /opt/airflow/dags/download-files_batch.py
[2024-05-25T10:30:35.299+0000] {processor.py:840} INFO - DAG(s) 'download_files_batch' retrieved from /opt/airflow/dags/download-files_batch.py
[2024-05-25T10:30:35.327+0000] {logging_mixin.py:188} INFO - [2024-05-25T10:30:35.327+0000] {dag.py:3096} INFO - Sync 1 DAGs
[2024-05-25T10:30:35.352+0000] {logging_mixin.py:188} INFO - [2024-05-25T10:30:35.352+0000] {dag.py:3954} INFO - Setting next_dagrun for download_files_batch to 2024-05-25 10:25:00+00:00, run_after=2024-05-25 10:27:00+00:00
[2024-05-25T10:30:35.442+0000] {processor.py:183} INFO - Processing /opt/airflow/dags/download-files_batch.py took 0.325 seconds
[2024-05-25T10:33:27.575+0000] {processor.py:161} INFO - Started process (PID=452) to work on /opt/airflow/dags/download-files_batch.py
[2024-05-25T10:33:27.576+0000] {processor.py:830} INFO - Processing file /opt/airflow/dags/download-files_batch.py for tasks to queue
[2024-05-25T10:33:27.578+0000] {logging_mixin.py:188} INFO - [2024-05-25T10:33:27.578+0000] {dagbag.py:545} INFO - Filling up the DagBag from /opt/airflow/dags/download-files_batch.py
[2024-05-25T10:33:27.760+0000] {processor.py:840} INFO - DAG(s) 'download_files_batch' retrieved from /opt/airflow/dags/download-files_batch.py
[2024-05-25T10:33:27.787+0000] {logging_mixin.py:188} INFO - [2024-05-25T10:33:27.786+0000] {dag.py:3096} INFO - Sync 1 DAGs
[2024-05-25T10:33:27.808+0000] {logging_mixin.py:188} INFO - [2024-05-25T10:33:27.808+0000] {dag.py:3954} INFO - Setting next_dagrun for download_files_batch to 2024-05-25 10:27:00+00:00, run_after=2024-05-25 10:29:00+00:00
[2024-05-25T10:33:27.864+0000] {processor.py:183} INFO - Processing /opt/airflow/dags/download-files_batch.py took 0.294 seconds
[2024-05-25T10:35:12.836+0000] {processor.py:161} INFO - Started process (PID=470) to work on /opt/airflow/dags/download-files_batch.py
[2024-05-25T10:35:12.837+0000] {processor.py:830} INFO - Processing file /opt/airflow/dags/download-files_batch.py for tasks to queue
[2024-05-25T10:35:12.838+0000] {logging_mixin.py:188} INFO - [2024-05-25T10:35:12.838+0000] {dagbag.py:545} INFO - Filling up the DagBag from /opt/airflow/dags/download-files_batch.py
[2024-05-25T10:35:13.022+0000] {processor.py:840} INFO - DAG(s) 'download_files_batch' retrieved from /opt/airflow/dags/download-files_batch.py
[2024-05-25T10:35:13.049+0000] {logging_mixin.py:188} INFO - [2024-05-25T10:35:13.049+0000] {dag.py:3096} INFO - Sync 1 DAGs
[2024-05-25T10:35:13.073+0000] {logging_mixin.py:188} INFO - [2024-05-25T10:35:13.073+0000] {dag.py:3954} INFO - Setting next_dagrun for download_files_batch to 2024-05-25 10:29:00+00:00, run_after=2024-05-25 10:31:00+00:00
[2024-05-25T10:35:13.172+0000] {processor.py:183} INFO - Processing /opt/airflow/dags/download-files_batch.py took 0.340 seconds
[2024-05-25T10:39:00.728+0000] {processor.py:161} INFO - Started process (PID=521) to work on /opt/airflow/dags/download-files_batch.py
[2024-05-25T10:39:00.729+0000] {processor.py:830} INFO - Processing file /opt/airflow/dags/download-files_batch.py for tasks to queue
[2024-05-25T10:39:00.730+0000] {logging_mixin.py:188} INFO - [2024-05-25T10:39:00.730+0000] {dagbag.py:545} INFO - Filling up the DagBag from /opt/airflow/dags/download-files_batch.py
[2024-05-25T10:39:00.899+0000] {processor.py:840} INFO - DAG(s) 'download_files_batch' retrieved from /opt/airflow/dags/download-files_batch.py
[2024-05-25T10:39:00.924+0000] {logging_mixin.py:188} INFO - [2024-05-25T10:39:00.924+0000] {dag.py:3096} INFO - Sync 1 DAGs
[2024-05-25T10:39:00.947+0000] {logging_mixin.py:188} INFO - [2024-05-25T10:39:00.947+0000] {dag.py:3954} INFO - Setting next_dagrun for download_files_batch to 2024-05-25 10:31:00+00:00, run_after=2024-05-25 10:33:00+00:00
[2024-05-25T10:39:01.001+0000] {processor.py:183} INFO - Processing /opt/airflow/dags/download-files_batch.py took 0.277 seconds
[2024-05-25T10:41:19.188+0000] {processor.py:161} INFO - Started process (PID=571) to work on /opt/airflow/dags/download-files_batch.py
[2024-05-25T10:41:19.189+0000] {processor.py:830} INFO - Processing file /opt/airflow/dags/download-files_batch.py for tasks to queue
[2024-05-25T10:41:19.190+0000] {logging_mixin.py:188} INFO - [2024-05-25T10:41:19.189+0000] {dagbag.py:545} INFO - Filling up the DagBag from /opt/airflow/dags/download-files_batch.py
[2024-05-25T10:41:19.355+0000] {processor.py:840} INFO - DAG(s) 'download_files_batch' retrieved from /opt/airflow/dags/download-files_batch.py
[2024-05-25T10:41:19.380+0000] {logging_mixin.py:188} INFO - [2024-05-25T10:41:19.380+0000] {dag.py:3096} INFO - Sync 1 DAGs
[2024-05-25T10:41:19.401+0000] {logging_mixin.py:188} INFO - [2024-05-25T10:41:19.401+0000] {dag.py:3954} INFO - Setting next_dagrun for download_files_batch to 2024-05-25 10:35:00+00:00, run_after=2024-05-25 10:37:00+00:00
[2024-05-25T10:41:19.456+0000] {processor.py:183} INFO - Processing /opt/airflow/dags/download-files_batch.py took 0.272 seconds
[2024-05-25T10:43:05.659+0000] {processor.py:161} INFO - Started process (PID=589) to work on /opt/airflow/dags/download-files_batch.py
[2024-05-25T10:43:05.660+0000] {processor.py:830} INFO - Processing file /opt/airflow/dags/download-files_batch.py for tasks to queue
[2024-05-25T10:43:05.661+0000] {logging_mixin.py:188} INFO - [2024-05-25T10:43:05.660+0000] {dagbag.py:545} INFO - Filling up the DagBag from /opt/airflow/dags/download-files_batch.py
[2024-05-25T10:43:05.817+0000] {processor.py:840} INFO - DAG(s) 'download_files_batch' retrieved from /opt/airflow/dags/download-files_batch.py
[2024-05-25T10:43:05.840+0000] {logging_mixin.py:188} INFO - [2024-05-25T10:43:05.840+0000] {dag.py:3096} INFO - Sync 1 DAGs
[2024-05-25T10:43:05.860+0000] {logging_mixin.py:188} INFO - [2024-05-25T10:43:05.860+0000] {dag.py:3954} INFO - Setting next_dagrun for download_files_batch to 2024-05-25 10:37:00+00:00, run_after=2024-05-25 10:39:00+00:00
[2024-05-25T10:43:05.942+0000] {processor.py:183} INFO - Processing /opt/airflow/dags/download-files_batch.py took 0.288 seconds
[2024-05-25T10:44:55.091+0000] {processor.py:161} INFO - Started process (PID=607) to work on /opt/airflow/dags/download-files_batch.py
[2024-05-25T10:44:55.092+0000] {processor.py:830} INFO - Processing file /opt/airflow/dags/download-files_batch.py for tasks to queue
[2024-05-25T10:44:55.093+0000] {logging_mixin.py:188} INFO - [2024-05-25T10:44:55.093+0000] {dagbag.py:545} INFO - Filling up the DagBag from /opt/airflow/dags/download-files_batch.py
[2024-05-25T10:44:55.261+0000] {processor.py:840} INFO - DAG(s) 'download_files_batch' retrieved from /opt/airflow/dags/download-files_batch.py
[2024-05-25T10:44:55.286+0000] {logging_mixin.py:188} INFO - [2024-05-25T10:44:55.286+0000] {dag.py:3096} INFO - Sync 1 DAGs
[2024-05-25T10:44:55.306+0000] {logging_mixin.py:188} INFO - [2024-05-25T10:44:55.306+0000] {dag.py:3954} INFO - Setting next_dagrun for download_files_batch to 2024-05-25 10:39:00+00:00, run_after=2024-05-25 10:41:00+00:00
[2024-05-25T10:44:55.399+0000] {processor.py:183} INFO - Processing /opt/airflow/dags/download-files_batch.py took 0.313 seconds
[2024-05-25T10:46:42.748+0000] {processor.py:161} INFO - Started process (PID=625) to work on /opt/airflow/dags/download-files_batch.py
[2024-05-25T10:46:42.749+0000] {processor.py:830} INFO - Processing file /opt/airflow/dags/download-files_batch.py for tasks to queue
[2024-05-25T10:46:42.750+0000] {logging_mixin.py:188} INFO - [2024-05-25T10:46:42.749+0000] {dagbag.py:545} INFO - Filling up the DagBag from /opt/airflow/dags/download-files_batch.py
[2024-05-25T10:46:42.919+0000] {processor.py:840} INFO - DAG(s) 'download_files_batch' retrieved from /opt/airflow/dags/download-files_batch.py
[2024-05-25T10:46:42.946+0000] {logging_mixin.py:188} INFO - [2024-05-25T10:46:42.946+0000] {dag.py:3096} INFO - Sync 1 DAGs
[2024-05-25T10:46:42.972+0000] {logging_mixin.py:188} INFO - [2024-05-25T10:46:42.972+0000] {dag.py:3954} INFO - Setting next_dagrun for download_files_batch to 2024-05-25 10:41:00+00:00, run_after=2024-05-25 10:43:00+00:00
[2024-05-25T10:46:43.037+0000] {processor.py:183} INFO - Processing /opt/airflow/dags/download-files_batch.py took 0.294 seconds
[2024-05-25T10:48:28.667+0000] {processor.py:161} INFO - Started process (PID=643) to work on /opt/airflow/dags/download-files_batch.py
[2024-05-25T10:48:28.668+0000] {processor.py:830} INFO - Processing file /opt/airflow/dags/download-files_batch.py for tasks to queue
[2024-05-25T10:48:28.669+0000] {logging_mixin.py:188} INFO - [2024-05-25T10:48:28.668+0000] {dagbag.py:545} INFO - Filling up the DagBag from /opt/airflow/dags/download-files_batch.py
[2024-05-25T10:48:28.838+0000] {processor.py:840} INFO - DAG(s) 'download_files_batch' retrieved from /opt/airflow/dags/download-files_batch.py
[2024-05-25T10:48:28.866+0000] {logging_mixin.py:188} INFO - [2024-05-25T10:48:28.866+0000] {dag.py:3096} INFO - Sync 1 DAGs
[2024-05-25T10:48:28.890+0000] {logging_mixin.py:188} INFO - [2024-05-25T10:48:28.890+0000] {dag.py:3954} INFO - Setting next_dagrun for download_files_batch to 2024-05-25 10:43:00+00:00, run_after=2024-05-25 10:45:00+00:00
[2024-05-25T10:48:28.957+0000] {processor.py:183} INFO - Processing /opt/airflow/dags/download-files_batch.py took 0.294 seconds
[2024-05-25T10:50:13.247+0000] {processor.py:161} INFO - Started process (PID=661) to work on /opt/airflow/dags/download-files_batch.py
[2024-05-25T10:50:13.248+0000] {processor.py:830} INFO - Processing file /opt/airflow/dags/download-files_batch.py for tasks to queue
[2024-05-25T10:50:13.249+0000] {logging_mixin.py:188} INFO - [2024-05-25T10:50:13.249+0000] {dagbag.py:545} INFO - Filling up the DagBag from /opt/airflow/dags/download-files_batch.py
[2024-05-25T10:50:13.417+0000] {processor.py:840} INFO - DAG(s) 'download_files_batch' retrieved from /opt/airflow/dags/download-files_batch.py
[2024-05-25T10:50:13.442+0000] {logging_mixin.py:188} INFO - [2024-05-25T10:50:13.442+0000] {dag.py:3096} INFO - Sync 1 DAGs
[2024-05-25T10:50:13.463+0000] {logging_mixin.py:188} INFO - [2024-05-25T10:50:13.463+0000] {dag.py:3954} INFO - Setting next_dagrun for download_files_batch to 2024-05-25 10:45:00+00:00, run_after=2024-05-25 10:47:00+00:00
[2024-05-25T10:50:13.518+0000] {processor.py:183} INFO - Processing /opt/airflow/dags/download-files_batch.py took 0.275 seconds
[2024-05-25T10:51:59.108+0000] {processor.py:161} INFO - Started process (PID=679) to work on /opt/airflow/dags/download-files_batch.py
[2024-05-25T10:51:59.109+0000] {processor.py:830} INFO - Processing file /opt/airflow/dags/download-files_batch.py for tasks to queue
[2024-05-25T10:51:59.110+0000] {logging_mixin.py:188} INFO - [2024-05-25T10:51:59.110+0000] {dagbag.py:545} INFO - Filling up the DagBag from /opt/airflow/dags/download-files_batch.py
[2024-05-25T10:51:59.273+0000] {processor.py:840} INFO - DAG(s) 'download_files_batch' retrieved from /opt/airflow/dags/download-files_batch.py
[2024-05-25T10:51:59.297+0000] {logging_mixin.py:188} INFO - [2024-05-25T10:51:59.296+0000] {dag.py:3096} INFO - Sync 1 DAGs
[2024-05-25T10:51:59.316+0000] {logging_mixin.py:188} INFO - [2024-05-25T10:51:59.316+0000] {dag.py:3954} INFO - Setting next_dagrun for download_files_batch to 2024-05-25 10:47:00+00:00, run_after=2024-05-25 10:49:00+00:00
[2024-05-25T10:51:59.371+0000] {processor.py:183} INFO - Processing /opt/airflow/dags/download-files_batch.py took 0.268 seconds
[2024-05-25T10:53:46.028+0000] {processor.py:161} INFO - Started process (PID=697) to work on /opt/airflow/dags/download-files_batch.py
[2024-05-25T10:53:46.029+0000] {processor.py:830} INFO - Processing file /opt/airflow/dags/download-files_batch.py for tasks to queue
[2024-05-25T10:53:46.030+0000] {logging_mixin.py:188} INFO - [2024-05-25T10:53:46.029+0000] {dagbag.py:545} INFO - Filling up the DagBag from /opt/airflow/dags/download-files_batch.py
[2024-05-25T10:53:46.187+0000] {processor.py:840} INFO - DAG(s) 'download_files_batch' retrieved from /opt/airflow/dags/download-files_batch.py
[2024-05-25T10:53:46.213+0000] {logging_mixin.py:188} INFO - [2024-05-25T10:53:46.213+0000] {dag.py:3096} INFO - Sync 1 DAGs
[2024-05-25T10:53:46.236+0000] {logging_mixin.py:188} INFO - [2024-05-25T10:53:46.235+0000] {dag.py:3954} INFO - Setting next_dagrun for download_files_batch to 2024-05-25 10:49:00+00:00, run_after=2024-05-25 10:51:00+00:00
[2024-05-25T10:53:46.421+0000] {processor.py:183} INFO - Processing /opt/airflow/dags/download-files_batch.py took 0.398 seconds
