[2024-05-25T09:39:47.956+0000] {local_task_job_runner.py:120} INFO - ::group::Pre task execution logs
[2024-05-25T09:39:48.025+0000] {taskinstance.py:2076} INFO - Dependencies all met for dep_context=non-requeueable deps ti=<TaskInstance: download_files_batch.download_and_upload_task_0 manual__2024-05-25T09:39:43.144651+00:00 [queued]>
[2024-05-25T09:39:48.036+0000] {taskinstance.py:2076} INFO - Dependencies all met for dep_context=requeueable deps ti=<TaskInstance: download_files_batch.download_and_upload_task_0 manual__2024-05-25T09:39:43.144651+00:00 [queued]>
[2024-05-25T09:39:48.037+0000] {taskinstance.py:2306} INFO - Starting attempt 1 of 2
[2024-05-25T09:39:48.072+0000] {taskinstance.py:2330} INFO - Executing <Task(PythonOperator): download_and_upload_task_0> on 2024-05-25 09:39:43.144651+00:00
[2024-05-25T09:39:48.076+0000] {standard_task_runner.py:63} INFO - Started process 125 to run task
[2024-05-25T09:39:48.078+0000] {standard_task_runner.py:90} INFO - Running: ['airflow', 'tasks', 'run', 'download_files_batch', 'download_and_upload_task_0', 'manual__2024-05-25T09:39:43.144651+00:00', '--job-id', '3', '--raw', '--subdir', 'DAGS_FOLDER/download-files_batch.py', '--cfg-path', '/tmp/tmprbc2pnpn']
[2024-05-25T09:39:48.080+0000] {standard_task_runner.py:91} INFO - Job 3: Subtask download_and_upload_task_0
[2024-05-25T09:39:48.151+0000] {task_command.py:426} INFO - Running <TaskInstance: download_files_batch.download_and_upload_task_0 manual__2024-05-25T09:39:43.144651+00:00 [running]> on host 7f87f2070cf0
[2024-05-25T09:39:48.277+0000] {taskinstance.py:2648} INFO - Exporting env vars: AIRFLOW_CTX_DAG_OWNER='airflow' AIRFLOW_CTX_DAG_ID='download_files_batch' AIRFLOW_CTX_TASK_ID='download_and_upload_task_0' AIRFLOW_CTX_EXECUTION_DATE='2024-05-25T09:39:43.144651+00:00' AIRFLOW_CTX_TRY_NUMBER='1' AIRFLOW_CTX_DAG_RUN_ID='manual__2024-05-25T09:39:43.144651+00:00'
[2024-05-25T09:39:48.278+0000] {taskinstance.py:430} INFO - ::endgroup::
[2024-05-25T09:39:48.318+0000] {logging_mixin.py:188} WARNING - /home/airflow/.local/lib/python3.12/site-packages/airflow/utils/context.py:320 AirflowContextDeprecationWarning: Accessing 'execution_date' from the template is deprecated and will be removed in a future version. Please use 'data_interval_start' or 'logical_date' instead.
[2024-05-25T09:41:36.069+0000] {logging_mixin.py:188} INFO - File downloaded successfully from https://covid.ourworldindata.org/data/owid-covid-data.csv!
[2024-05-25T09:41:37.702+0000] {logging_mixin.py:188} INFO - File our-world-in-data-covid19_20240525T093943.xlsx uploaded successfully to MinIO!
[2024-05-25T09:41:37.703+0000] {python.py:237} INFO - Done. Returned value was: None
[2024-05-25T09:41:37.703+0000] {taskinstance.py:441} INFO - ::group::Post task execution logs
[2024-05-25T09:41:37.716+0000] {taskinstance.py:1206} INFO - Marking task as SUCCESS. dag_id=download_files_batch, task_id=download_and_upload_task_0, run_id=manual__2024-05-25T09:39:43.144651+00:00, execution_date=20240525T093943, start_date=20240525T093948, end_date=20240525T094137
[2024-05-25T09:41:37.790+0000] {local_task_job_runner.py:240} INFO - Task exited with return code 0
[2024-05-25T09:41:37.806+0000] {taskinstance.py:3498} INFO - 0 downstream tasks scheduled from follow-on schedule check
[2024-05-25T09:41:37.808+0000] {local_task_job_runner.py:222} INFO - ::endgroup::
