[2024-05-28T03:38:10.263+0000] {processor.py:161} INFO - Started process (PID=64) to work on /opt/airflow/dags/download-files_batch.py
[2024-05-28T03:38:10.265+0000] {processor.py:830} INFO - Processing file /opt/airflow/dags/download-files_batch.py for tasks to queue
[2024-05-28T03:38:10.272+0000] {logging_mixin.py:188} INFO - [2024-05-28T03:38:10.271+0000] {dagbag.py:545} INFO - Filling up the DagBag from /opt/airflow/dags/download-files_batch.py
[2024-05-28T03:38:10.620+0000] {processor.py:840} INFO - DAG(s) 'download_files_batch' retrieved from /opt/airflow/dags/download-files_batch.py
[2024-05-28T03:38:10.640+0000] {logging_mixin.py:188} INFO - [2024-05-28T03:38:10.639+0000] {dag.py:3096} INFO - Sync 1 DAGs
[2024-05-28T03:38:10.714+0000] {logging_mixin.py:188} INFO - [2024-05-28T03:38:10.714+0000] {dag.py:3954} INFO - Setting next_dagrun for download_files_batch to 2024-05-28 03:24:00+00:00, run_after=2024-05-28 03:26:00+00:00
[2024-05-28T03:38:10.820+0000] {processor.py:183} INFO - Processing /opt/airflow/dags/download-files_batch.py took 0.566 seconds
[2024-05-28T03:42:37.191+0000] {processor.py:161} INFO - Started process (PID=64) to work on /opt/airflow/dags/download-files_batch.py
[2024-05-28T03:42:37.193+0000] {processor.py:830} INFO - Processing file /opt/airflow/dags/download-files_batch.py for tasks to queue
[2024-05-28T03:42:37.195+0000] {logging_mixin.py:188} INFO - [2024-05-28T03:42:37.194+0000] {dagbag.py:545} INFO - Filling up the DagBag from /opt/airflow/dags/download-files_batch.py
[2024-05-28T03:42:37.440+0000] {processor.py:840} INFO - DAG(s) 'download_files_batch' retrieved from /opt/airflow/dags/download-files_batch.py
[2024-05-28T03:42:37.464+0000] {logging_mixin.py:188} INFO - [2024-05-28T03:42:37.464+0000] {dag.py:3096} INFO - Sync 1 DAGs
[2024-05-28T03:42:37.504+0000] {logging_mixin.py:188} INFO - [2024-05-28T03:42:37.504+0000] {dag.py:3954} INFO - Setting next_dagrun for download_files_batch to 2024-05-28 03:26:00+00:00, run_after=2024-05-28 03:28:00+00:00
[2024-05-28T03:42:37.573+0000] {processor.py:183} INFO - Processing /opt/airflow/dags/download-files_batch.py took 0.395 seconds
[2024-05-28T03:45:21.443+0000] {processor.py:161} INFO - Started process (PID=126) to work on /opt/airflow/dags/download-files_batch.py
[2024-05-28T03:45:21.444+0000] {processor.py:830} INFO - Processing file /opt/airflow/dags/download-files_batch.py for tasks to queue
[2024-05-28T03:45:21.445+0000] {logging_mixin.py:188} INFO - [2024-05-28T03:45:21.445+0000] {dagbag.py:545} INFO - Filling up the DagBag from /opt/airflow/dags/download-files_batch.py
[2024-05-28T03:45:21.589+0000] {processor.py:840} INFO - DAG(s) 'download_files_batch' retrieved from /opt/airflow/dags/download-files_batch.py
[2024-05-28T03:45:21.688+0000] {logging_mixin.py:188} INFO - [2024-05-28T03:45:21.688+0000] {dag.py:3096} INFO - Sync 1 DAGs
[2024-05-28T03:45:21.703+0000] {logging_mixin.py:188} INFO - [2024-05-28T03:45:21.703+0000] {dag.py:3954} INFO - Setting next_dagrun for download_files_batch to 2024-05-28 03:44:00+00:00, run_after=2024-05-28 03:46:00+00:00
[2024-05-28T03:45:21.754+0000] {processor.py:183} INFO - Processing /opt/airflow/dags/download-files_batch.py took 0.315 seconds
[2024-05-28T03:45:52.890+0000] {processor.py:161} INFO - Started process (PID=127) to work on /opt/airflow/dags/download-files_batch.py
[2024-05-28T03:45:52.891+0000] {processor.py:830} INFO - Processing file /opt/airflow/dags/download-files_batch.py for tasks to queue
[2024-05-28T03:45:52.892+0000] {logging_mixin.py:188} INFO - [2024-05-28T03:45:52.892+0000] {dagbag.py:545} INFO - Filling up the DagBag from /opt/airflow/dags/download-files_batch.py
[2024-05-28T03:45:53.021+0000] {processor.py:840} INFO - DAG(s) 'download_files_batch' retrieved from /opt/airflow/dags/download-files_batch.py
[2024-05-28T03:45:53.043+0000] {logging_mixin.py:188} INFO - [2024-05-28T03:45:53.043+0000] {dag.py:3096} INFO - Sync 1 DAGs
[2024-05-28T03:45:53.062+0000] {logging_mixin.py:188} INFO - [2024-05-28T03:45:53.062+0000] {dag.py:3954} INFO - Setting next_dagrun for download_files_batch to 2024-05-28 03:44:00+00:00, run_after=2024-05-28 03:46:00+00:00
[2024-05-28T03:45:53.144+0000] {processor.py:183} INFO - Processing /opt/airflow/dags/download-files_batch.py took 0.257 seconds
[2024-05-28T03:46:49.310+0000] {processor.py:161} INFO - Started process (PID=144) to work on /opt/airflow/dags/download-files_batch.py
[2024-05-28T03:46:49.310+0000] {processor.py:830} INFO - Processing file /opt/airflow/dags/download-files_batch.py for tasks to queue
[2024-05-28T03:46:49.311+0000] {logging_mixin.py:188} INFO - [2024-05-28T03:46:49.311+0000] {dagbag.py:545} INFO - Filling up the DagBag from /opt/airflow/dags/download-files_batch.py
[2024-05-28T03:46:49.449+0000] {processor.py:840} INFO - DAG(s) 'download_files_batch' retrieved from /opt/airflow/dags/download-files_batch.py
[2024-05-28T03:46:49.475+0000] {logging_mixin.py:188} INFO - [2024-05-28T03:46:49.475+0000] {dag.py:3096} INFO - Sync 1 DAGs
[2024-05-28T03:46:49.497+0000] {logging_mixin.py:188} INFO - [2024-05-28T03:46:49.497+0000] {dag.py:3954} INFO - Setting next_dagrun for download_files_batch to 2024-05-28 03:46:00+00:00, run_after=2024-05-28 03:48:00+00:00
[2024-05-28T03:46:49.568+0000] {processor.py:183} INFO - Processing /opt/airflow/dags/download-files_batch.py took 0.261 seconds
[2024-05-28T03:47:19.861+0000] {processor.py:161} INFO - Started process (PID=145) to work on /opt/airflow/dags/download-files_batch.py
[2024-05-28T03:47:19.862+0000] {processor.py:830} INFO - Processing file /opt/airflow/dags/download-files_batch.py for tasks to queue
[2024-05-28T03:47:19.864+0000] {logging_mixin.py:188} INFO - [2024-05-28T03:47:19.863+0000] {dagbag.py:545} INFO - Filling up the DagBag from /opt/airflow/dags/download-files_batch.py
[2024-05-28T03:47:20.003+0000] {processor.py:840} INFO - DAG(s) 'download_files_batch' retrieved from /opt/airflow/dags/download-files_batch.py
[2024-05-28T03:47:20.028+0000] {logging_mixin.py:188} INFO - [2024-05-28T03:47:20.028+0000] {dag.py:3096} INFO - Sync 1 DAGs
[2024-05-28T03:47:20.048+0000] {logging_mixin.py:188} INFO - [2024-05-28T03:47:20.048+0000] {dag.py:3954} INFO - Setting next_dagrun for download_files_batch to 2024-05-28 03:46:00+00:00, run_after=2024-05-28 03:48:00+00:00
[2024-05-28T03:47:20.127+0000] {processor.py:183} INFO - Processing /opt/airflow/dags/download-files_batch.py took 0.270 seconds
[2024-05-28T03:47:50.612+0000] {processor.py:161} INFO - Started process (PID=146) to work on /opt/airflow/dags/download-files_batch.py
[2024-05-28T03:47:50.613+0000] {processor.py:830} INFO - Processing file /opt/airflow/dags/download-files_batch.py for tasks to queue
[2024-05-28T03:47:50.614+0000] {logging_mixin.py:188} INFO - [2024-05-28T03:47:50.614+0000] {dagbag.py:545} INFO - Filling up the DagBag from /opt/airflow/dags/download-files_batch.py
[2024-05-28T03:47:50.746+0000] {processor.py:840} INFO - DAG(s) 'download_files_batch' retrieved from /opt/airflow/dags/download-files_batch.py
[2024-05-28T03:47:50.769+0000] {logging_mixin.py:188} INFO - [2024-05-28T03:47:50.769+0000] {dag.py:3096} INFO - Sync 1 DAGs
[2024-05-28T03:47:50.788+0000] {logging_mixin.py:188} INFO - [2024-05-28T03:47:50.788+0000] {dag.py:3954} INFO - Setting next_dagrun for download_files_batch to 2024-05-28 03:46:00+00:00, run_after=2024-05-28 03:48:00+00:00
[2024-05-28T03:47:50.837+0000] {processor.py:183} INFO - Processing /opt/airflow/dags/download-files_batch.py took 0.228 seconds
[2024-05-28T03:48:59.317+0000] {processor.py:161} INFO - Started process (PID=164) to work on /opt/airflow/dags/download-files_batch.py
[2024-05-28T03:48:59.318+0000] {processor.py:830} INFO - Processing file /opt/airflow/dags/download-files_batch.py for tasks to queue
[2024-05-28T03:48:59.319+0000] {logging_mixin.py:188} INFO - [2024-05-28T03:48:59.318+0000] {dagbag.py:545} INFO - Filling up the DagBag from /opt/airflow/dags/download-files_batch.py
[2024-05-28T03:48:59.528+0000] {processor.py:840} INFO - DAG(s) 'download_files_batch' retrieved from /opt/airflow/dags/download-files_batch.py
[2024-05-28T03:48:59.549+0000] {logging_mixin.py:188} INFO - [2024-05-28T03:48:59.549+0000] {dag.py:3096} INFO - Sync 1 DAGs
[2024-05-28T03:48:59.567+0000] {logging_mixin.py:188} INFO - [2024-05-28T03:48:59.567+0000] {dag.py:3954} INFO - Setting next_dagrun for download_files_batch to 2024-05-28 03:48:00+00:00, run_after=2024-05-28 03:50:00+00:00
[2024-05-28T03:48:59.636+0000] {processor.py:183} INFO - Processing /opt/airflow/dags/download-files_batch.py took 0.322 seconds
[2024-05-28T03:49:30.808+0000] {processor.py:161} INFO - Started process (PID=165) to work on /opt/airflow/dags/download-files_batch.py
[2024-05-28T03:49:30.809+0000] {processor.py:830} INFO - Processing file /opt/airflow/dags/download-files_batch.py for tasks to queue
[2024-05-28T03:49:30.810+0000] {logging_mixin.py:188} INFO - [2024-05-28T03:49:30.809+0000] {dagbag.py:545} INFO - Filling up the DagBag from /opt/airflow/dags/download-files_batch.py
[2024-05-28T03:49:31.044+0000] {processor.py:840} INFO - DAG(s) 'download_files_batch' retrieved from /opt/airflow/dags/download-files_batch.py
[2024-05-28T03:49:31.067+0000] {logging_mixin.py:188} INFO - [2024-05-28T03:49:31.067+0000] {dag.py:3096} INFO - Sync 1 DAGs
[2024-05-28T03:49:31.085+0000] {logging_mixin.py:188} INFO - [2024-05-28T03:49:31.085+0000] {dag.py:3954} INFO - Setting next_dagrun for download_files_batch to 2024-05-28 03:48:00+00:00, run_after=2024-05-28 03:50:00+00:00
[2024-05-28T03:49:31.175+0000] {processor.py:183} INFO - Processing /opt/airflow/dags/download-files_batch.py took 0.370 seconds
[2024-05-28T03:50:01.451+0000] {processor.py:161} INFO - Started process (PID=166) to work on /opt/airflow/dags/download-files_batch.py
[2024-05-28T03:50:01.452+0000] {processor.py:830} INFO - Processing file /opt/airflow/dags/download-files_batch.py for tasks to queue
[2024-05-28T03:50:01.453+0000] {logging_mixin.py:188} INFO - [2024-05-28T03:50:01.453+0000] {dagbag.py:545} INFO - Filling up the DagBag from /opt/airflow/dags/download-files_batch.py
[2024-05-28T03:50:01.702+0000] {processor.py:840} INFO - DAG(s) 'download_files_batch' retrieved from /opt/airflow/dags/download-files_batch.py
[2024-05-28T03:50:01.724+0000] {logging_mixin.py:188} INFO - [2024-05-28T03:50:01.724+0000] {dag.py:3096} INFO - Sync 1 DAGs
[2024-05-28T03:50:01.742+0000] {logging_mixin.py:188} INFO - [2024-05-28T03:50:01.742+0000] {dag.py:3954} INFO - Setting next_dagrun for download_files_batch to 2024-05-28 03:48:00+00:00, run_after=2024-05-28 03:50:00+00:00
[2024-05-28T03:50:01.838+0000] {processor.py:183} INFO - Processing /opt/airflow/dags/download-files_batch.py took 0.391 seconds
[2024-05-28T03:50:58.479+0000] {processor.py:161} INFO - Started process (PID=184) to work on /opt/airflow/dags/download-files_batch.py
[2024-05-28T03:50:58.479+0000] {processor.py:830} INFO - Processing file /opt/airflow/dags/download-files_batch.py for tasks to queue
[2024-05-28T03:50:58.480+0000] {logging_mixin.py:188} INFO - [2024-05-28T03:50:58.480+0000] {dagbag.py:545} INFO - Filling up the DagBag from /opt/airflow/dags/download-files_batch.py
[2024-05-28T03:50:58.773+0000] {processor.py:840} INFO - DAG(s) 'download_files_batch' retrieved from /opt/airflow/dags/download-files_batch.py
[2024-05-28T03:50:58.796+0000] {logging_mixin.py:188} INFO - [2024-05-28T03:50:58.795+0000] {dag.py:3096} INFO - Sync 1 DAGs
[2024-05-28T03:50:58.815+0000] {logging_mixin.py:188} INFO - [2024-05-28T03:50:58.815+0000] {dag.py:3954} INFO - Setting next_dagrun for download_files_batch to 2024-05-28 03:50:00+00:00, run_after=2024-05-28 03:52:00+00:00
[2024-05-28T03:50:58.895+0000] {processor.py:183} INFO - Processing /opt/airflow/dags/download-files_batch.py took 0.420 seconds
[2024-05-28T03:51:29.734+0000] {processor.py:161} INFO - Started process (PID=185) to work on /opt/airflow/dags/download-files_batch.py
[2024-05-28T03:51:29.735+0000] {processor.py:830} INFO - Processing file /opt/airflow/dags/download-files_batch.py for tasks to queue
[2024-05-28T03:51:29.736+0000] {logging_mixin.py:188} INFO - [2024-05-28T03:51:29.736+0000] {dagbag.py:545} INFO - Filling up the DagBag from /opt/airflow/dags/download-files_batch.py
[2024-05-28T03:51:29.999+0000] {processor.py:840} INFO - DAG(s) 'download_files_batch' retrieved from /opt/airflow/dags/download-files_batch.py
[2024-05-28T03:51:30.021+0000] {logging_mixin.py:188} INFO - [2024-05-28T03:51:30.021+0000] {dag.py:3096} INFO - Sync 1 DAGs
[2024-05-28T03:51:30.039+0000] {logging_mixin.py:188} INFO - [2024-05-28T03:51:30.039+0000] {dag.py:3954} INFO - Setting next_dagrun for download_files_batch to 2024-05-28 03:50:00+00:00, run_after=2024-05-28 03:52:00+00:00
[2024-05-28T03:51:30.088+0000] {processor.py:183} INFO - Processing /opt/airflow/dags/download-files_batch.py took 0.357 seconds
[2024-05-28T03:52:00.448+0000] {processor.py:161} INFO - Started process (PID=186) to work on /opt/airflow/dags/download-files_batch.py
[2024-05-28T03:52:00.449+0000] {processor.py:830} INFO - Processing file /opt/airflow/dags/download-files_batch.py for tasks to queue
[2024-05-28T03:52:00.450+0000] {logging_mixin.py:188} INFO - [2024-05-28T03:52:00.450+0000] {dagbag.py:545} INFO - Filling up the DagBag from /opt/airflow/dags/download-files_batch.py
[2024-05-28T03:52:00.786+0000] {processor.py:840} INFO - DAG(s) 'download_files_batch' retrieved from /opt/airflow/dags/download-files_batch.py
[2024-05-28T03:52:00.810+0000] {logging_mixin.py:188} INFO - [2024-05-28T03:52:00.810+0000] {dag.py:3096} INFO - Sync 1 DAGs
[2024-05-28T03:52:00.829+0000] {logging_mixin.py:188} INFO - [2024-05-28T03:52:00.829+0000] {dag.py:3954} INFO - Setting next_dagrun for download_files_batch to 2024-05-28 03:50:00+00:00, run_after=2024-05-28 03:52:00+00:00
[2024-05-28T03:52:00.885+0000] {processor.py:183} INFO - Processing /opt/airflow/dags/download-files_batch.py took 0.444 seconds
[2024-05-28T03:52:56.233+0000] {processor.py:161} INFO - Started process (PID=204) to work on /opt/airflow/dags/download-files_batch.py
[2024-05-28T03:52:56.233+0000] {processor.py:830} INFO - Processing file /opt/airflow/dags/download-files_batch.py for tasks to queue
[2024-05-28T03:52:56.234+0000] {logging_mixin.py:188} INFO - [2024-05-28T03:52:56.234+0000] {dagbag.py:545} INFO - Filling up the DagBag from /opt/airflow/dags/download-files_batch.py
[2024-05-28T03:52:56.446+0000] {processor.py:840} INFO - DAG(s) 'download_files_batch' retrieved from /opt/airflow/dags/download-files_batch.py
[2024-05-28T03:52:56.465+0000] {logging_mixin.py:188} INFO - [2024-05-28T03:52:56.465+0000] {dag.py:3096} INFO - Sync 1 DAGs
[2024-05-28T03:52:56.484+0000] {logging_mixin.py:188} INFO - [2024-05-28T03:52:56.483+0000] {dag.py:3954} INFO - Setting next_dagrun for download_files_batch to 2024-05-28 03:52:00+00:00, run_after=2024-05-28 03:54:00+00:00
[2024-05-28T03:52:56.554+0000] {processor.py:183} INFO - Processing /opt/airflow/dags/download-files_batch.py took 0.325 seconds
[2024-05-28T03:53:26.694+0000] {processor.py:161} INFO - Started process (PID=205) to work on /opt/airflow/dags/download-files_batch.py
[2024-05-28T03:53:26.695+0000] {processor.py:830} INFO - Processing file /opt/airflow/dags/download-files_batch.py for tasks to queue
[2024-05-28T03:53:26.696+0000] {logging_mixin.py:188} INFO - [2024-05-28T03:53:26.695+0000] {dagbag.py:545} INFO - Filling up the DagBag from /opt/airflow/dags/download-files_batch.py
[2024-05-28T03:53:26.928+0000] {processor.py:840} INFO - DAG(s) 'download_files_batch' retrieved from /opt/airflow/dags/download-files_batch.py
[2024-05-28T03:53:26.948+0000] {logging_mixin.py:188} INFO - [2024-05-28T03:53:26.948+0000] {dag.py:3096} INFO - Sync 1 DAGs
[2024-05-28T03:53:26.966+0000] {logging_mixin.py:188} INFO - [2024-05-28T03:53:26.966+0000] {dag.py:3954} INFO - Setting next_dagrun for download_files_batch to 2024-05-28 03:52:00+00:00, run_after=2024-05-28 03:54:00+00:00
[2024-05-28T03:53:27.039+0000] {processor.py:183} INFO - Processing /opt/airflow/dags/download-files_batch.py took 0.349 seconds
[2024-05-28T03:53:57.600+0000] {processor.py:161} INFO - Started process (PID=206) to work on /opt/airflow/dags/download-files_batch.py
[2024-05-28T03:53:57.601+0000] {processor.py:830} INFO - Processing file /opt/airflow/dags/download-files_batch.py for tasks to queue
[2024-05-28T03:53:57.601+0000] {logging_mixin.py:188} INFO - [2024-05-28T03:53:57.601+0000] {dagbag.py:545} INFO - Filling up the DagBag from /opt/airflow/dags/download-files_batch.py
[2024-05-28T03:53:57.861+0000] {processor.py:840} INFO - DAG(s) 'download_files_batch' retrieved from /opt/airflow/dags/download-files_batch.py
[2024-05-28T03:53:57.882+0000] {logging_mixin.py:188} INFO - [2024-05-28T03:53:57.882+0000] {dag.py:3096} INFO - Sync 1 DAGs
[2024-05-28T03:53:57.904+0000] {logging_mixin.py:188} INFO - [2024-05-28T03:53:57.904+0000] {dag.py:3954} INFO - Setting next_dagrun for download_files_batch to 2024-05-28 03:52:00+00:00, run_after=2024-05-28 03:54:00+00:00
[2024-05-28T03:53:58.021+0000] {processor.py:183} INFO - Processing /opt/airflow/dags/download-files_batch.py took 0.426 seconds
[2024-05-28T03:54:44.473+0000] {processor.py:161} INFO - Started process (PID=223) to work on /opt/airflow/dags/download-files_batch.py
[2024-05-28T03:54:44.474+0000] {processor.py:830} INFO - Processing file /opt/airflow/dags/download-files_batch.py for tasks to queue
[2024-05-28T03:54:44.475+0000] {logging_mixin.py:188} INFO - [2024-05-28T03:54:44.474+0000] {dagbag.py:545} INFO - Filling up the DagBag from /opt/airflow/dags/download-files_batch.py
[2024-05-28T03:54:44.748+0000] {processor.py:840} INFO - DAG(s) 'download_files_batch' retrieved from /opt/airflow/dags/download-files_batch.py
[2024-05-28T03:54:44.770+0000] {logging_mixin.py:188} INFO - [2024-05-28T03:54:44.770+0000] {dag.py:3096} INFO - Sync 1 DAGs
[2024-05-28T03:54:44.789+0000] {logging_mixin.py:188} INFO - [2024-05-28T03:54:44.789+0000] {dag.py:3954} INFO - Setting next_dagrun for download_files_batch to 2024-05-28 03:54:00+00:00, run_after=2024-05-28 03:56:00+00:00
[2024-05-28T03:54:44.862+0000] {processor.py:183} INFO - Processing /opt/airflow/dags/download-files_batch.py took 0.394 seconds
[2024-05-28T03:55:15.018+0000] {processor.py:161} INFO - Started process (PID=224) to work on /opt/airflow/dags/download-files_batch.py
[2024-05-28T03:55:15.019+0000] {processor.py:830} INFO - Processing file /opt/airflow/dags/download-files_batch.py for tasks to queue
[2024-05-28T03:55:15.020+0000] {logging_mixin.py:188} INFO - [2024-05-28T03:55:15.019+0000] {dagbag.py:545} INFO - Filling up the DagBag from /opt/airflow/dags/download-files_batch.py
[2024-05-28T03:55:15.255+0000] {processor.py:840} INFO - DAG(s) 'download_files_batch' retrieved from /opt/airflow/dags/download-files_batch.py
[2024-05-28T03:55:15.275+0000] {logging_mixin.py:188} INFO - [2024-05-28T03:55:15.275+0000] {dag.py:3096} INFO - Sync 1 DAGs
[2024-05-28T03:55:15.293+0000] {logging_mixin.py:188} INFO - [2024-05-28T03:55:15.293+0000] {dag.py:3954} INFO - Setting next_dagrun for download_files_batch to 2024-05-28 03:54:00+00:00, run_after=2024-05-28 03:56:00+00:00
[2024-05-28T03:55:15.361+0000] {processor.py:183} INFO - Processing /opt/airflow/dags/download-files_batch.py took 0.346 seconds
[2024-05-28T03:55:45.762+0000] {processor.py:161} INFO - Started process (PID=225) to work on /opt/airflow/dags/download-files_batch.py
[2024-05-28T03:55:45.763+0000] {processor.py:830} INFO - Processing file /opt/airflow/dags/download-files_batch.py for tasks to queue
[2024-05-28T03:55:45.764+0000] {logging_mixin.py:188} INFO - [2024-05-28T03:55:45.763+0000] {dagbag.py:545} INFO - Filling up the DagBag from /opt/airflow/dags/download-files_batch.py
[2024-05-28T03:55:46.013+0000] {processor.py:840} INFO - DAG(s) 'download_files_batch' retrieved from /opt/airflow/dags/download-files_batch.py
[2024-05-28T03:55:46.034+0000] {logging_mixin.py:188} INFO - [2024-05-28T03:55:46.034+0000] {dag.py:3096} INFO - Sync 1 DAGs
[2024-05-28T03:55:46.052+0000] {logging_mixin.py:188} INFO - [2024-05-28T03:55:46.052+0000] {dag.py:3954} INFO - Setting next_dagrun for download_files_batch to 2024-05-28 03:54:00+00:00, run_after=2024-05-28 03:56:00+00:00
[2024-05-28T03:55:46.134+0000] {processor.py:183} INFO - Processing /opt/airflow/dags/download-files_batch.py took 0.376 seconds
[2024-05-28T03:56:52.252+0000] {processor.py:161} INFO - Started process (PID=243) to work on /opt/airflow/dags/download-files_batch.py
[2024-05-28T03:56:52.253+0000] {processor.py:830} INFO - Processing file /opt/airflow/dags/download-files_batch.py for tasks to queue
[2024-05-28T03:56:52.254+0000] {logging_mixin.py:188} INFO - [2024-05-28T03:56:52.254+0000] {dagbag.py:545} INFO - Filling up the DagBag from /opt/airflow/dags/download-files_batch.py
[2024-05-28T03:56:52.535+0000] {processor.py:840} INFO - DAG(s) 'download_files_batch' retrieved from /opt/airflow/dags/download-files_batch.py
[2024-05-28T03:56:52.558+0000] {logging_mixin.py:188} INFO - [2024-05-28T03:56:52.558+0000] {dag.py:3096} INFO - Sync 1 DAGs
[2024-05-28T03:56:52.578+0000] {logging_mixin.py:188} INFO - [2024-05-28T03:56:52.578+0000] {dag.py:3954} INFO - Setting next_dagrun for download_files_batch to 2024-05-28 03:56:00+00:00, run_after=2024-05-28 03:58:00+00:00
[2024-05-28T03:56:52.631+0000] {processor.py:183} INFO - Processing /opt/airflow/dags/download-files_batch.py took 0.383 seconds
[2024-05-28T03:57:23.733+0000] {processor.py:161} INFO - Started process (PID=244) to work on /opt/airflow/dags/download-files_batch.py
[2024-05-28T03:57:23.734+0000] {processor.py:830} INFO - Processing file /opt/airflow/dags/download-files_batch.py for tasks to queue
[2024-05-28T03:57:23.734+0000] {logging_mixin.py:188} INFO - [2024-05-28T03:57:23.734+0000] {dagbag.py:545} INFO - Filling up the DagBag from /opt/airflow/dags/download-files_batch.py
[2024-05-28T03:57:24.006+0000] {processor.py:840} INFO - DAG(s) 'download_files_batch' retrieved from /opt/airflow/dags/download-files_batch.py
[2024-05-28T03:57:24.028+0000] {logging_mixin.py:188} INFO - [2024-05-28T03:57:24.028+0000] {dag.py:3096} INFO - Sync 1 DAGs
[2024-05-28T03:57:24.046+0000] {logging_mixin.py:188} INFO - [2024-05-28T03:57:24.046+0000] {dag.py:3954} INFO - Setting next_dagrun for download_files_batch to 2024-05-28 03:56:00+00:00, run_after=2024-05-28 03:58:00+00:00
[2024-05-28T03:57:24.099+0000] {processor.py:183} INFO - Processing /opt/airflow/dags/download-files_batch.py took 0.370 seconds
[2024-05-28T03:57:54.518+0000] {processor.py:161} INFO - Started process (PID=245) to work on /opt/airflow/dags/download-files_batch.py
[2024-05-28T03:57:54.519+0000] {processor.py:830} INFO - Processing file /opt/airflow/dags/download-files_batch.py for tasks to queue
[2024-05-28T03:57:54.519+0000] {logging_mixin.py:188} INFO - [2024-05-28T03:57:54.519+0000] {dagbag.py:545} INFO - Filling up the DagBag from /opt/airflow/dags/download-files_batch.py
[2024-05-28T03:57:54.760+0000] {processor.py:840} INFO - DAG(s) 'download_files_batch' retrieved from /opt/airflow/dags/download-files_batch.py
[2024-05-28T03:57:54.782+0000] {logging_mixin.py:188} INFO - [2024-05-28T03:57:54.782+0000] {dag.py:3096} INFO - Sync 1 DAGs
[2024-05-28T03:57:54.801+0000] {logging_mixin.py:188} INFO - [2024-05-28T03:57:54.801+0000] {dag.py:3954} INFO - Setting next_dagrun for download_files_batch to 2024-05-28 03:56:00+00:00, run_after=2024-05-28 03:58:00+00:00
[2024-05-28T03:57:54.870+0000] {processor.py:183} INFO - Processing /opt/airflow/dags/download-files_batch.py took 0.356 seconds
[2024-05-28T04:21:34.631+0000] {processor.py:161} INFO - Started process (PID=64) to work on /opt/airflow/dags/download-files_batch.py
[2024-05-28T04:21:34.632+0000] {processor.py:830} INFO - Processing file /opt/airflow/dags/download-files_batch.py for tasks to queue
[2024-05-28T04:21:34.635+0000] {logging_mixin.py:188} INFO - [2024-05-28T04:21:34.634+0000] {dagbag.py:545} INFO - Filling up the DagBag from /opt/airflow/dags/download-files_batch.py
[2024-05-28T04:21:34.892+0000] {processor.py:840} INFO - DAG(s) 'download_files_batch' retrieved from /opt/airflow/dags/download-files_batch.py
[2024-05-28T04:21:34.905+0000] {logging_mixin.py:188} INFO - [2024-05-28T04:21:34.905+0000] {dag.py:3096} INFO - Sync 1 DAGs
[2024-05-28T04:21:34.942+0000] {logging_mixin.py:188} INFO - [2024-05-28T04:21:34.942+0000] {dag.py:3954} INFO - Setting next_dagrun for download_files_batch to 2024-05-28 03:58:00+00:00, run_after=2024-05-28 04:00:00+00:00
[2024-05-28T04:21:35.023+0000] {processor.py:183} INFO - Processing /opt/airflow/dags/download-files_batch.py took 0.400 seconds
[2024-05-28T04:26:28.131+0000] {processor.py:161} INFO - Started process (PID=110) to work on /opt/airflow/dags/download-files_batch.py
[2024-05-28T04:26:28.132+0000] {processor.py:830} INFO - Processing file /opt/airflow/dags/download-files_batch.py for tasks to queue
[2024-05-28T04:26:28.133+0000] {logging_mixin.py:188} INFO - [2024-05-28T04:26:28.132+0000] {dagbag.py:545} INFO - Filling up the DagBag from /opt/airflow/dags/download-files_batch.py
[2024-05-28T04:26:28.334+0000] {processor.py:840} INFO - DAG(s) 'download_files_batch' retrieved from /opt/airflow/dags/download-files_batch.py
[2024-05-28T04:26:28.514+0000] {logging_mixin.py:188} INFO - [2024-05-28T04:26:28.514+0000] {dag.py:3096} INFO - Sync 1 DAGs
[2024-05-28T04:26:28.539+0000] {logging_mixin.py:188} INFO - [2024-05-28T04:26:28.538+0000] {dag.py:3954} INFO - Setting next_dagrun for download_files_batch to 2024-05-28 04:26:00+00:00, run_after=2024-05-28 04:28:00+00:00
[2024-05-28T04:26:28.645+0000] {processor.py:183} INFO - Processing /opt/airflow/dags/download-files_batch.py took 0.518 seconds
[2024-05-28T04:26:59.361+0000] {processor.py:161} INFO - Started process (PID=111) to work on /opt/airflow/dags/download-files_batch.py
[2024-05-28T04:26:59.379+0000] {processor.py:830} INFO - Processing file /opt/airflow/dags/download-files_batch.py for tasks to queue
[2024-05-28T04:26:59.384+0000] {logging_mixin.py:188} INFO - [2024-05-28T04:26:59.382+0000] {dagbag.py:545} INFO - Filling up the DagBag from /opt/airflow/dags/download-files_batch.py
[2024-05-28T04:26:59.591+0000] {processor.py:840} INFO - DAG(s) 'download_files_batch' retrieved from /opt/airflow/dags/download-files_batch.py
[2024-05-28T04:26:59.621+0000] {logging_mixin.py:188} INFO - [2024-05-28T04:26:59.621+0000] {dag.py:3096} INFO - Sync 1 DAGs
[2024-05-28T04:26:59.650+0000] {logging_mixin.py:188} INFO - [2024-05-28T04:26:59.649+0000] {dag.py:3954} INFO - Setting next_dagrun for download_files_batch to 2024-05-28 04:26:00+00:00, run_after=2024-05-28 04:28:00+00:00
[2024-05-28T04:26:59.766+0000] {processor.py:183} INFO - Processing /opt/airflow/dags/download-files_batch.py took 0.424 seconds
[2024-05-28T04:27:30.090+0000] {processor.py:161} INFO - Started process (PID=112) to work on /opt/airflow/dags/download-files_batch.py
[2024-05-28T04:27:30.093+0000] {processor.py:830} INFO - Processing file /opt/airflow/dags/download-files_batch.py for tasks to queue
[2024-05-28T04:27:30.096+0000] {logging_mixin.py:188} INFO - [2024-05-28T04:27:30.095+0000] {dagbag.py:545} INFO - Filling up the DagBag from /opt/airflow/dags/download-files_batch.py
[2024-05-28T04:27:30.294+0000] {processor.py:840} INFO - DAG(s) 'download_files_batch' retrieved from /opt/airflow/dags/download-files_batch.py
[2024-05-28T04:27:30.328+0000] {logging_mixin.py:188} INFO - [2024-05-28T04:27:30.328+0000] {dag.py:3096} INFO - Sync 1 DAGs
[2024-05-28T04:27:30.365+0000] {logging_mixin.py:188} INFO - [2024-05-28T04:27:30.364+0000] {dag.py:3954} INFO - Setting next_dagrun for download_files_batch to 2024-05-28 04:26:00+00:00, run_after=2024-05-28 04:28:00+00:00
[2024-05-28T04:27:30.470+0000] {processor.py:183} INFO - Processing /opt/airflow/dags/download-files_batch.py took 0.389 seconds
[2024-05-28T04:28:00.681+0000] {processor.py:161} INFO - Started process (PID=113) to work on /opt/airflow/dags/download-files_batch.py
[2024-05-28T04:28:00.683+0000] {processor.py:830} INFO - Processing file /opt/airflow/dags/download-files_batch.py for tasks to queue
[2024-05-28T04:28:00.684+0000] {logging_mixin.py:188} INFO - [2024-05-28T04:28:00.683+0000] {dagbag.py:545} INFO - Filling up the DagBag from /opt/airflow/dags/download-files_batch.py
[2024-05-28T04:28:00.860+0000] {processor.py:840} INFO - DAG(s) 'download_files_batch' retrieved from /opt/airflow/dags/download-files_batch.py
[2024-05-28T04:28:00.891+0000] {logging_mixin.py:188} INFO - [2024-05-28T04:28:00.891+0000] {dag.py:3096} INFO - Sync 1 DAGs
[2024-05-28T04:28:00.917+0000] {logging_mixin.py:188} INFO - [2024-05-28T04:28:00.917+0000] {dag.py:3954} INFO - Setting next_dagrun for download_files_batch to 2024-05-28 04:26:00+00:00, run_after=2024-05-28 04:28:00+00:00
[2024-05-28T04:28:01.042+0000] {processor.py:183} INFO - Processing /opt/airflow/dags/download-files_batch.py took 0.367 seconds
[2024-05-28T04:30:37.623+0000] {processor.py:161} INFO - Started process (PID=131) to work on /opt/airflow/dags/download-files_batch.py
[2024-05-28T04:30:37.624+0000] {processor.py:830} INFO - Processing file /opt/airflow/dags/download-files_batch.py for tasks to queue
[2024-05-28T04:30:37.626+0000] {logging_mixin.py:188} INFO - [2024-05-28T04:30:37.625+0000] {dagbag.py:545} INFO - Filling up the DagBag from /opt/airflow/dags/download-files_batch.py
[2024-05-28T04:30:37.966+0000] {processor.py:840} INFO - DAG(s) 'download_files_batch' retrieved from /opt/airflow/dags/download-files_batch.py
[2024-05-28T04:30:37.995+0000] {logging_mixin.py:188} INFO - [2024-05-28T04:30:37.995+0000] {dag.py:3096} INFO - Sync 1 DAGs
[2024-05-28T04:30:38.021+0000] {logging_mixin.py:188} INFO - [2024-05-28T04:30:38.020+0000] {dag.py:3954} INFO - Setting next_dagrun for download_files_batch to 2024-05-28 04:28:00+00:00, run_after=2024-05-28 04:30:00+00:00
[2024-05-28T04:30:38.109+0000] {processor.py:183} INFO - Processing /opt/airflow/dags/download-files_batch.py took 0.492 seconds
[2024-05-28T04:32:35.949+0000] {processor.py:161} INFO - Started process (PID=149) to work on /opt/airflow/dags/download-files_batch.py
[2024-05-28T04:32:35.950+0000] {processor.py:830} INFO - Processing file /opt/airflow/dags/download-files_batch.py for tasks to queue
[2024-05-28T04:32:35.951+0000] {logging_mixin.py:188} INFO - [2024-05-28T04:32:35.951+0000] {dagbag.py:545} INFO - Filling up the DagBag from /opt/airflow/dags/download-files_batch.py
[2024-05-28T04:32:36.214+0000] {processor.py:840} INFO - DAG(s) 'download_files_batch' retrieved from /opt/airflow/dags/download-files_batch.py
[2024-05-28T04:32:36.248+0000] {logging_mixin.py:188} INFO - [2024-05-28T04:32:36.248+0000] {dag.py:3096} INFO - Sync 1 DAGs
[2024-05-28T04:32:36.279+0000] {logging_mixin.py:188} INFO - [2024-05-28T04:32:36.279+0000] {dag.py:3954} INFO - Setting next_dagrun for download_files_batch to 2024-05-28 04:30:00+00:00, run_after=2024-05-28 04:32:00+00:00
[2024-05-28T04:32:36.363+0000] {processor.py:183} INFO - Processing /opt/airflow/dags/download-files_batch.py took 0.419 seconds
[2024-05-28T04:34:22.902+0000] {processor.py:161} INFO - Started process (PID=167) to work on /opt/airflow/dags/download-files_batch.py
[2024-05-28T04:34:22.903+0000] {processor.py:830} INFO - Processing file /opt/airflow/dags/download-files_batch.py for tasks to queue
[2024-05-28T04:34:22.904+0000] {logging_mixin.py:188} INFO - [2024-05-28T04:34:22.903+0000] {dagbag.py:545} INFO - Filling up the DagBag from /opt/airflow/dags/download-files_batch.py
[2024-05-28T04:34:23.179+0000] {processor.py:840} INFO - DAG(s) 'download_files_batch' retrieved from /opt/airflow/dags/download-files_batch.py
[2024-05-28T04:34:23.211+0000] {logging_mixin.py:188} INFO - [2024-05-28T04:34:23.210+0000] {dag.py:3096} INFO - Sync 1 DAGs
[2024-05-28T04:34:23.236+0000] {logging_mixin.py:188} INFO - [2024-05-28T04:34:23.236+0000] {dag.py:3954} INFO - Setting next_dagrun for download_files_batch to 2024-05-28 04:32:00+00:00, run_after=2024-05-28 04:34:00+00:00
[2024-05-28T04:34:23.343+0000] {processor.py:183} INFO - Processing /opt/airflow/dags/download-files_batch.py took 0.447 seconds
[2024-05-28T04:36:15.521+0000] {processor.py:161} INFO - Started process (PID=185) to work on /opt/airflow/dags/download-files_batch.py
[2024-05-28T04:36:15.522+0000] {processor.py:830} INFO - Processing file /opt/airflow/dags/download-files_batch.py for tasks to queue
[2024-05-28T04:36:15.523+0000] {logging_mixin.py:188} INFO - [2024-05-28T04:36:15.522+0000] {dagbag.py:545} INFO - Filling up the DagBag from /opt/airflow/dags/download-files_batch.py
[2024-05-28T04:36:15.714+0000] {processor.py:840} INFO - DAG(s) 'download_files_batch' retrieved from /opt/airflow/dags/download-files_batch.py
[2024-05-28T04:36:15.745+0000] {logging_mixin.py:188} INFO - [2024-05-28T04:36:15.744+0000] {dag.py:3096} INFO - Sync 1 DAGs
[2024-05-28T04:36:15.771+0000] {logging_mixin.py:188} INFO - [2024-05-28T04:36:15.771+0000] {dag.py:3954} INFO - Setting next_dagrun for download_files_batch to 2024-05-28 04:34:00+00:00, run_after=2024-05-28 04:36:00+00:00
[2024-05-28T04:36:15.995+0000] {processor.py:183} INFO - Processing /opt/airflow/dags/download-files_batch.py took 0.478 seconds
[2024-05-28T04:51:09.590+0000] {processor.py:161} INFO - Started process (PID=64) to work on /opt/airflow/dags/download-files_batch.py
[2024-05-28T04:51:09.592+0000] {processor.py:830} INFO - Processing file /opt/airflow/dags/download-files_batch.py for tasks to queue
[2024-05-28T04:51:09.595+0000] {logging_mixin.py:188} INFO - [2024-05-28T04:51:09.594+0000] {dagbag.py:545} INFO - Filling up the DagBag from /opt/airflow/dags/download-files_batch.py
[2024-05-28T04:51:09.905+0000] {processor.py:840} INFO - DAG(s) 'download_files_batch' retrieved from /opt/airflow/dags/download-files_batch.py
[2024-05-28T04:51:09.945+0000] {logging_mixin.py:188} INFO - [2024-05-28T04:51:09.945+0000] {dag.py:3096} INFO - Sync 1 DAGs
[2024-05-28T04:51:10.060+0000] {logging_mixin.py:188} INFO - [2024-05-28T04:51:10.060+0000] {dag.py:3954} INFO - Setting next_dagrun for download_files_batch to 2024-05-28 04:36:00+00:00, run_after=2024-05-28 04:38:00+00:00
[2024-05-28T04:51:10.273+0000] {processor.py:183} INFO - Processing /opt/airflow/dags/download-files_batch.py took 0.690 seconds
[2024-05-28T04:52:19.358+0000] {processor.py:161} INFO - Started process (PID=64) to work on /opt/airflow/dags/download-files_batch.py
[2024-05-28T04:52:19.359+0000] {processor.py:830} INFO - Processing file /opt/airflow/dags/download-files_batch.py for tasks to queue
[2024-05-28T04:52:19.361+0000] {logging_mixin.py:188} INFO - [2024-05-28T04:52:19.360+0000] {dagbag.py:545} INFO - Filling up the DagBag from /opt/airflow/dags/download-files_batch.py
[2024-05-28T04:52:19.593+0000] {processor.py:840} INFO - DAG(s) 'download_files_batch' retrieved from /opt/airflow/dags/download-files_batch.py
[2024-05-28T04:52:19.611+0000] {logging_mixin.py:188} INFO - [2024-05-28T04:52:19.610+0000] {dag.py:3096} INFO - Sync 1 DAGs
[2024-05-28T04:52:19.657+0000] {logging_mixin.py:188} INFO - [2024-05-28T04:52:19.657+0000] {dag.py:3954} INFO - Setting next_dagrun for download_files_batch to 2024-05-28 04:38:00+00:00, run_after=2024-05-28 04:40:00+00:00
[2024-05-28T04:52:19.801+0000] {processor.py:183} INFO - Processing /opt/airflow/dags/download-files_batch.py took 0.448 seconds
[2024-05-28T04:53:02.856+0000] {processor.py:161} INFO - Started process (PID=64) to work on /opt/airflow/dags/download-files_batch.py
[2024-05-28T04:53:02.858+0000] {processor.py:830} INFO - Processing file /opt/airflow/dags/download-files_batch.py for tasks to queue
[2024-05-28T04:53:02.862+0000] {logging_mixin.py:188} INFO - [2024-05-28T04:53:02.861+0000] {dagbag.py:545} INFO - Filling up the DagBag from /opt/airflow/dags/download-files_batch.py
[2024-05-28T04:53:03.216+0000] {processor.py:840} INFO - DAG(s) 'download_files_batch' retrieved from /opt/airflow/dags/download-files_batch.py
[2024-05-28T04:53:03.231+0000] {logging_mixin.py:188} INFO - [2024-05-28T04:53:03.230+0000] {dag.py:3096} INFO - Sync 1 DAGs
[2024-05-28T04:53:03.274+0000] {logging_mixin.py:188} INFO - [2024-05-28T04:53:03.274+0000] {dag.py:3954} INFO - Setting next_dagrun for download_files_batch to 2024-05-28 04:40:00+00:00, run_after=2024-05-28 04:42:00+00:00
[2024-05-28T04:53:03.373+0000] {processor.py:183} INFO - Processing /opt/airflow/dags/download-files_batch.py took 0.525 seconds
