[2024-05-25T10:24:52.767+0000] {local_task_job_runner.py:120} INFO - ::group::Pre task execution logs
[2024-05-25T10:24:52.799+0000] {taskinstance.py:2076} INFO - Dependencies all met for dep_context=non-requeueable deps ti=<TaskInstance: download_files_batch.download_and_upload_task_0 manual__2024-05-25T10:24:08.595799+00:00 [queued]>
[2024-05-25T10:24:52.809+0000] {taskinstance.py:2076} INFO - Dependencies all met for dep_context=requeueable deps ti=<TaskInstance: download_files_batch.download_and_upload_task_0 manual__2024-05-25T10:24:08.595799+00:00 [queued]>
[2024-05-25T10:24:52.810+0000] {taskinstance.py:2306} INFO - Starting attempt 1 of 2
[2024-05-25T10:24:52.844+0000] {taskinstance.py:2330} INFO - Executing <Task(PythonOperator): download_and_upload_task_0> on 2024-05-25 10:24:08.595799+00:00
[2024-05-25T10:24:52.848+0000] {standard_task_runner.py:63} INFO - Started process 395 to run task
[2024-05-25T10:24:52.850+0000] {standard_task_runner.py:90} INFO - Running: ['airflow', 'tasks', 'run', 'download_files_batch', 'download_and_upload_task_0', 'manual__2024-05-25T10:24:08.595799+00:00', '--job-id', '16', '--raw', '--subdir', 'DAGS_FOLDER/download-files_batch.py', '--cfg-path', '/tmp/tmp9lc8phag']
[2024-05-25T10:24:52.851+0000] {standard_task_runner.py:91} INFO - Job 16: Subtask download_and_upload_task_0
[2024-05-25T10:24:52.925+0000] {task_command.py:426} INFO - Running <TaskInstance: download_files_batch.download_and_upload_task_0 manual__2024-05-25T10:24:08.595799+00:00 [running]> on host 7f87f2070cf0
[2024-05-25T10:24:53.064+0000] {taskinstance.py:2648} INFO - Exporting env vars: AIRFLOW_CTX_DAG_OWNER='airflow' AIRFLOW_CTX_DAG_ID='download_files_batch' AIRFLOW_CTX_TASK_ID='download_and_upload_task_0' AIRFLOW_CTX_EXECUTION_DATE='2024-05-25T10:24:08.595799+00:00' AIRFLOW_CTX_TRY_NUMBER='1' AIRFLOW_CTX_DAG_RUN_ID='manual__2024-05-25T10:24:08.595799+00:00'
[2024-05-25T10:24:53.065+0000] {taskinstance.py:430} INFO - ::endgroup::
[2024-05-25T10:24:53.083+0000] {logging_mixin.py:188} WARNING - /home/airflow/.local/lib/python3.12/site-packages/airflow/utils/context.py:320 AirflowContextDeprecationWarning: Accessing 'execution_date' from the template is deprecated and will be removed in a future version. Please use 'data_interval_start' or 'logical_date' instead.
[2024-05-25T10:26:37.078+0000] {logging_mixin.py:188} INFO - File downloaded successfully from https://covid.ourworldindata.org/data/owid-covid-data.csv!
[2024-05-25T10:26:38.984+0000] {logging_mixin.py:188} INFO - File our-world-in-data-covid19.xlsx uploaded successfully to MinIO!
[2024-05-25T10:26:38.984+0000] {python.py:237} INFO - Done. Returned value was: None
[2024-05-25T10:26:38.985+0000] {taskinstance.py:441} INFO - ::group::Post task execution logs
[2024-05-25T10:26:38.996+0000] {taskinstance.py:1206} INFO - Marking task as SUCCESS. dag_id=download_files_batch, task_id=download_and_upload_task_0, run_id=manual__2024-05-25T10:24:08.595799+00:00, execution_date=20240525T102408, start_date=20240525T102452, end_date=20240525T102638
[2024-05-25T10:26:39.068+0000] {local_task_job_runner.py:240} INFO - Task exited with return code 0
[2024-05-25T10:26:39.084+0000] {taskinstance.py:3498} INFO - 0 downstream tasks scheduled from follow-on schedule check
[2024-05-25T10:26:39.085+0000] {local_task_job_runner.py:222} INFO - ::endgroup::
