[2024-05-25T10:19:04.758+0000] {local_task_job_runner.py:120} INFO - ::group::Pre task execution logs
[2024-05-25T10:19:04.790+0000] {taskinstance.py:2076} INFO - Dependencies all met for dep_context=non-requeueable deps ti=<TaskInstance: download_files_batch.download_and_upload_task_0 scheduled__2024-05-25T10:17:00+00:00 [queued]>
[2024-05-25T10:19:04.801+0000] {taskinstance.py:2076} INFO - Dependencies all met for dep_context=requeueable deps ti=<TaskInstance: download_files_batch.download_and_upload_task_0 scheduled__2024-05-25T10:17:00+00:00 [queued]>
[2024-05-25T10:19:04.801+0000] {taskinstance.py:2306} INFO - Starting attempt 1 of 2
[2024-05-25T10:19:04.837+0000] {taskinstance.py:2330} INFO - Executing <Task(PythonOperator): download_and_upload_task_0> on 2024-05-25 10:17:00+00:00
[2024-05-25T10:19:04.841+0000] {standard_task_runner.py:63} INFO - Started process 341 to run task
[2024-05-25T10:19:04.843+0000] {standard_task_runner.py:90} INFO - Running: ['airflow', 'tasks', 'run', 'download_files_batch', 'download_and_upload_task_0', 'scheduled__2024-05-25T10:17:00+00:00', '--job-id', '13', '--raw', '--subdir', 'DAGS_FOLDER/download-files_batch.py', '--cfg-path', '/tmp/tmp9z9_3na4']
[2024-05-25T10:19:04.844+0000] {standard_task_runner.py:91} INFO - Job 13: Subtask download_and_upload_task_0
[2024-05-25T10:19:04.919+0000] {task_command.py:426} INFO - Running <TaskInstance: download_files_batch.download_and_upload_task_0 scheduled__2024-05-25T10:17:00+00:00 [running]> on host 7f87f2070cf0
[2024-05-25T10:19:05.059+0000] {taskinstance.py:2648} INFO - Exporting env vars: AIRFLOW_CTX_DAG_OWNER='airflow' AIRFLOW_CTX_DAG_ID='download_files_batch' AIRFLOW_CTX_TASK_ID='download_and_upload_task_0' AIRFLOW_CTX_EXECUTION_DATE='2024-05-25T10:17:00+00:00' AIRFLOW_CTX_TRY_NUMBER='1' AIRFLOW_CTX_DAG_RUN_ID='scheduled__2024-05-25T10:17:00+00:00'
[2024-05-25T10:19:05.060+0000] {taskinstance.py:430} INFO - ::endgroup::
[2024-05-25T10:19:05.080+0000] {logging_mixin.py:188} WARNING - /home/airflow/.local/lib/python3.12/site-packages/airflow/utils/context.py:320 AirflowContextDeprecationWarning: Accessing 'execution_date' from the template is deprecated and will be removed in a future version. Please use 'data_interval_start' or 'logical_date' instead.
[2024-05-25T10:20:59.613+0000] {logging_mixin.py:188} INFO - File downloaded successfully from https://covid.ourworldindata.org/data/owid-covid-data.csv!
[2024-05-25T10:21:03.321+0000] {logging_mixin.py:188} INFO - File our-world-in-data-covid19_20240525T101700.xlsx uploaded successfully to MinIO!
[2024-05-25T10:21:03.322+0000] {python.py:237} INFO - Done. Returned value was: None
[2024-05-25T10:21:03.322+0000] {taskinstance.py:441} INFO - ::group::Post task execution logs
[2024-05-25T10:21:03.333+0000] {taskinstance.py:1206} INFO - Marking task as SUCCESS. dag_id=download_files_batch, task_id=download_and_upload_task_0, run_id=scheduled__2024-05-25T10:17:00+00:00, execution_date=20240525T101700, start_date=20240525T101904, end_date=20240525T102103
[2024-05-25T10:21:03.411+0000] {local_task_job_runner.py:240} INFO - Task exited with return code 0
[2024-05-25T10:21:03.433+0000] {taskinstance.py:3498} INFO - 0 downstream tasks scheduled from follow-on schedule check
[2024-05-25T10:21:03.435+0000] {local_task_job_runner.py:222} INFO - ::endgroup::
