[2024-05-25T08:55:55.339+0000] {manager.py:470} INFO - Processing files using up to 1 processes at a time 
[2024-05-25T08:55:55.340+0000] {manager.py:471} INFO - Process each file at most once every 30 seconds
[2024-05-25T08:55:55.342+0000] {manager.py:472} INFO - Checking for new files in /opt/airflow/dags every 300 seconds
[2024-05-25T08:55:55.344+0000] {manager.py:737} INFO - Searching for files in /opt/airflow/dags
[2024-05-25T08:55:55.347+0000] {manager.py:740} INFO - There are 0 files in /opt/airflow/dags
[2024-05-25T09:00:55.586+0000] {manager.py:737} INFO - Searching for files in /opt/airflow/dags
[2024-05-25T09:00:55.587+0000] {manager.py:740} INFO - There are 0 files in /opt/airflow/dags
[2024-05-25T09:05:55.947+0000] {manager.py:737} INFO - Searching for files in /opt/airflow/dags
[2024-05-25T09:05:55.948+0000] {manager.py:740} INFO - There are 0 files in /opt/airflow/dags
[2024-05-25T09:10:56.339+0000] {manager.py:737} INFO - Searching for files in /opt/airflow/dags
[2024-05-25T09:10:56.341+0000] {manager.py:740} INFO - There are 0 files in /opt/airflow/dags
[2024-05-25T09:15:56.750+0000] {manager.py:737} INFO - Searching for files in /opt/airflow/dags
[2024-05-25T09:15:56.752+0000] {manager.py:740} INFO - There are 0 files in /opt/airflow/dags
[2024-05-25T09:20:56.938+0000] {manager.py:737} INFO - Searching for files in /opt/airflow/dags
[2024-05-25T09:20:56.939+0000] {manager.py:740} INFO - There are 0 files in /opt/airflow/dags
[2024-05-25T09:25:57.253+0000] {manager.py:737} INFO - Searching for files in /opt/airflow/dags
[2024-05-25T09:25:57.254+0000] {manager.py:740} INFO - There are 0 files in /opt/airflow/dags
[2024-05-25T09:30:57.436+0000] {manager.py:737} INFO - Searching for files in /opt/airflow/dags
[2024-05-25T09:30:57.445+0000] {manager.py:740} INFO - There are 1 files in /opt/airflow/dags
[2024-05-25T09:31:10.189+0000] {manager.py:878} INFO - 
================================================================================
DAG File Processing Stats

File Path                                  PID    Runtime      # DAGs    # Errors  Last Runtime    Last Run
-----------------------------------------  -----  ---------  --------  ----------  --------------  -------------------
/opt/airflow/dags/download-files_batch.py                           1           0  0.80s           2024-05-25T09:30:58
================================================================================
[2024-05-25T09:31:40.404+0000] {manager.py:878} INFO - 
================================================================================
DAG File Processing Stats

File Path                                  PID    Runtime      # DAGs    # Errors  Last Runtime    Last Run
-----------------------------------------  -----  ---------  --------  ----------  --------------  -------------------
/opt/airflow/dags/download-files_batch.py                           1           0  0.30s           2024-05-25T09:31:29
================================================================================
[2024-05-25T09:32:10.814+0000] {manager.py:878} INFO - 
================================================================================
DAG File Processing Stats

File Path                                  PID    Runtime      # DAGs    # Errors  Last Runtime    Last Run
-----------------------------------------  -----  ---------  --------  ----------  --------------  -------------------
/opt/airflow/dags/download-files_batch.py                           1           0  0.40s           2024-05-25T09:31:46
================================================================================
[2024-05-25T09:32:41.023+0000] {manager.py:878} INFO - 
================================================================================
DAG File Processing Stats

File Path                                  PID    Runtime      # DAGs    # Errors  Last Runtime    Last Run
-----------------------------------------  -----  ---------  --------  ----------  --------------  -------------------
/opt/airflow/dags/download-files_batch.py                           1           0  0.40s           2024-05-25T09:32:16
================================================================================
[2024-05-25T09:33:11.273+0000] {manager.py:878} INFO - 
================================================================================
DAG File Processing Stats

File Path                                  PID    Runtime      # DAGs    # Errors  Last Runtime    Last Run
-----------------------------------------  -----  ---------  --------  ----------  --------------  -------------------
/opt/airflow/dags/download-files_batch.py                           1           0  0.30s           2024-05-25T09:32:47
================================================================================
[2024-05-25T09:33:41.473+0000] {manager.py:878} INFO - 
================================================================================
DAG File Processing Stats

File Path                                  PID    Runtime      # DAGs    # Errors  Last Runtime    Last Run
-----------------------------------------  -----  ---------  --------  ----------  --------------  -------------------
/opt/airflow/dags/download-files_batch.py                           1           0  0.50s           2024-05-25T09:33:14
================================================================================
[2024-05-25T09:34:11.678+0000] {manager.py:878} INFO - 
================================================================================
DAG File Processing Stats

File Path                                  PID    Runtime      # DAGs    # Errors  Last Runtime    Last Run
-----------------------------------------  -----  ---------  --------  ----------  --------------  -------------------
/opt/airflow/dags/download-files_batch.py                           1           0  0.40s           2024-05-25T09:33:44
================================================================================
[2024-05-25T09:34:41.709+0000] {manager.py:878} INFO - 
================================================================================
DAG File Processing Stats

File Path                                  PID    Runtime      # DAGs    # Errors  Last Runtime    Last Run
-----------------------------------------  -----  ---------  --------  ----------  --------------  -------------------
/opt/airflow/dags/download-files_batch.py                           1           0  0.40s           2024-05-25T09:34:15
================================================================================
[2024-05-25T09:35:12.181+0000] {manager.py:878} INFO - 
================================================================================
DAG File Processing Stats

File Path                                  PID    Runtime      # DAGs    # Errors  Last Runtime    Last Run
-----------------------------------------  -----  ---------  --------  ----------  --------------  -------------------
/opt/airflow/dags/download-files_batch.py                           1           0  0.30s           2024-05-25T09:34:46
================================================================================
[2024-05-25T09:35:42.430+0000] {manager.py:878} INFO - 
================================================================================
DAG File Processing Stats

File Path                                  PID    Runtime      # DAGs    # Errors  Last Runtime    Last Run
-----------------------------------------  -----  ---------  --------  ----------  --------------  -------------------
/opt/airflow/dags/download-files_batch.py                           1           0  0.30s           2024-05-25T09:35:16
================================================================================
[2024-05-25T09:35:57.633+0000] {manager.py:737} INFO - Searching for files in /opt/airflow/dags
[2024-05-25T09:35:57.654+0000] {manager.py:740} INFO - There are 1 files in /opt/airflow/dags
[2024-05-25T09:36:12.669+0000] {manager.py:878} INFO - 
================================================================================
DAG File Processing Stats

File Path                                  PID    Runtime      # DAGs    # Errors  Last Runtime    Last Run
-----------------------------------------  -----  ---------  --------  ----------  --------------  -------------------
/opt/airflow/dags/download-files_batch.py                           1           0  0.40s           2024-05-25T09:35:47
================================================================================
[2024-05-25T09:36:42.932+0000] {manager.py:878} INFO - 
================================================================================
DAG File Processing Stats

File Path                                  PID    Runtime      # DAGs    # Errors  Last Runtime    Last Run
-----------------------------------------  -----  ---------  --------  ----------  --------------  -------------------
/opt/airflow/dags/download-files_batch.py                           1           0  0.30s           2024-05-25T09:36:18
================================================================================
[2024-05-25T09:37:13.177+0000] {manager.py:878} INFO - 
================================================================================
DAG File Processing Stats

File Path                                  PID    Runtime      # DAGs    # Errors  Last Runtime    Last Run
-----------------------------------------  -----  ---------  --------  ----------  --------------  -------------------
/opt/airflow/dags/download-files_batch.py                           1           0  0.40s           2024-05-25T09:36:49
================================================================================
[2024-05-25T09:37:43.453+0000] {manager.py:878} INFO - 
================================================================================
DAG File Processing Stats

File Path                                  PID    Runtime      # DAGs    # Errors  Last Runtime    Last Run
-----------------------------------------  -----  ---------  --------  ----------  --------------  -------------------
/opt/airflow/dags/download-files_batch.py                           1           0  0.30s           2024-05-25T09:37:19
================================================================================
[2024-05-25T09:38:13.728+0000] {manager.py:878} INFO - 
================================================================================
DAG File Processing Stats

File Path                                  PID    Runtime      # DAGs    # Errors  Last Runtime    Last Run
-----------------------------------------  -----  ---------  --------  ----------  --------------  -------------------
/opt/airflow/dags/download-files_batch.py                           1           0  0.40s           2024-05-25T09:37:50
================================================================================
[2024-05-25T09:38:44.047+0000] {manager.py:878} INFO - 
================================================================================
DAG File Processing Stats

File Path                                  PID    Runtime      # DAGs    # Errors  Last Runtime    Last Run
-----------------------------------------  -----  ---------  --------  ----------  --------------  -------------------
/opt/airflow/dags/download-files_batch.py                           1           0  0.40s           2024-05-25T09:38:21
================================================================================
[2024-05-25T09:39:14.243+0000] {manager.py:878} INFO - 
================================================================================
DAG File Processing Stats

File Path                                  PID    Runtime      # DAGs    # Errors  Last Runtime    Last Run
-----------------------------------------  -----  ---------  --------  ----------  --------------  -------------------
/opt/airflow/dags/download-files_batch.py                           1           0  0.40s           2024-05-25T09:38:52
================================================================================
[2024-05-25T09:39:44.309+0000] {manager.py:878} INFO - 
================================================================================
DAG File Processing Stats

File Path                                  PID    Runtime      # DAGs    # Errors  Last Runtime    Last Run
-----------------------------------------  -----  ---------  --------  ----------  --------------  -------------------
/opt/airflow/dags/download-files_batch.py                           1           0  0.40s           2024-05-25T09:39:22
================================================================================
[2024-05-25T09:41:38.322+0000] {manager.py:452} INFO - Exiting gracefully upon receiving signal 15
[2024-05-25T09:41:38.932+0000] {manager.py:470} INFO - Processing files using up to 1 processes at a time 
[2024-05-25T09:41:38.933+0000] {manager.py:471} INFO - Process each file at most once every 30 seconds
[2024-05-25T09:41:38.934+0000] {manager.py:472} INFO - Checking for new files in /opt/airflow/dags every 300 seconds
[2024-05-25T09:41:38.935+0000] {manager.py:737} INFO - Searching for files in /opt/airflow/dags
[2024-05-25T09:41:38.968+0000] {manager.py:740} INFO - There are 1 files in /opt/airflow/dags
[2024-05-25T09:41:39.477+0000] {manager.py:878} INFO - 
================================================================================
DAG File Processing Stats

File Path                                  PID    Runtime      # DAGs    # Errors  Last Runtime    Last Run
-----------------------------------------  -----  ---------  --------  ----------  --------------  -------------------
/opt/airflow/dags/download-files_batch.py                           1           0  0.40s           2024-05-25T09:41:39
================================================================================
[2024-05-25T09:43:35.033+0000] {manager.py:452} INFO - Exiting gracefully upon receiving signal 15
[2024-05-25T09:43:35.321+0000] {manager.py:470} INFO - Processing files using up to 1 processes at a time 
[2024-05-25T09:43:35.322+0000] {manager.py:471} INFO - Process each file at most once every 30 seconds
[2024-05-25T09:43:35.324+0000] {manager.py:472} INFO - Checking for new files in /opt/airflow/dags every 300 seconds
[2024-05-25T09:43:35.325+0000] {manager.py:737} INFO - Searching for files in /opt/airflow/dags
[2024-05-25T09:43:35.357+0000] {manager.py:740} INFO - There are 1 files in /opt/airflow/dags
[2024-05-25T09:43:35.768+0000] {manager.py:878} INFO - 
================================================================================
DAG File Processing Stats

File Path                                  PID    Runtime      # DAGs    # Errors  Last Runtime    Last Run
-----------------------------------------  -----  ---------  --------  ----------  --------------  -------------------
/opt/airflow/dags/download-files_batch.py                           1           0  0.31s           2024-05-25T09:43:35
================================================================================
[2024-05-25T09:44:06.293+0000] {manager.py:878} INFO - 
================================================================================
DAG File Processing Stats

File Path                                  PID    Runtime      # DAGs    # Errors  Last Runtime    Last Run
-----------------------------------------  -----  ---------  --------  ----------  --------------  -------------------
/opt/airflow/dags/download-files_batch.py                           1           0  0.40s           2024-05-25T09:44:06
================================================================================
[2024-05-25T09:44:37.065+0000] {manager.py:878} INFO - 
================================================================================
DAG File Processing Stats

File Path                                  PID    Runtime      # DAGs    # Errors  Last Runtime    Last Run
-----------------------------------------  -----  ---------  --------  ----------  --------------  -------------------
/opt/airflow/dags/download-files_batch.py                           1           0  0.30s           2024-05-25T09:44:37
================================================================================
[2024-05-25T09:46:50.326+0000] {manager.py:452} INFO - Exiting gracefully upon receiving signal 15
[2024-05-25T09:46:50.610+0000] {manager.py:470} INFO - Processing files using up to 1 processes at a time 
[2024-05-25T09:46:50.611+0000] {manager.py:471} INFO - Process each file at most once every 30 seconds
[2024-05-25T09:46:50.612+0000] {manager.py:472} INFO - Checking for new files in /opt/airflow/dags every 300 seconds
[2024-05-25T09:46:50.613+0000] {manager.py:737} INFO - Searching for files in /opt/airflow/dags
[2024-05-25T09:46:50.640+0000] {manager.py:740} INFO - There are 1 files in /opt/airflow/dags
[2024-05-25T09:46:51.027+0000] {manager.py:878} INFO - 
================================================================================
DAG File Processing Stats

File Path                                  PID    Runtime      # DAGs    # Errors  Last Runtime    Last Run
-----------------------------------------  -----  ---------  --------  ----------  --------------  -------------------
/opt/airflow/dags/download-files_batch.py                           1           0  0.31s           2024-05-25T09:46:51
================================================================================
[2024-05-25T09:47:21.431+0000] {manager.py:878} INFO - 
================================================================================
DAG File Processing Stats

File Path                                  PID    Runtime      # DAGs    # Errors  Last Runtime    Last Run
-----------------------------------------  -----  ---------  --------  ----------  --------------  -------------------
/opt/airflow/dags/download-files_batch.py                           1           0  0.30s           2024-05-25T09:47:21
================================================================================
[2024-05-25T09:47:52.377+0000] {manager.py:878} INFO - 
================================================================================
DAG File Processing Stats

File Path                                  PID    Runtime      # DAGs    # Errors  Last Runtime    Last Run
-----------------------------------------  -----  ---------  --------  ----------  --------------  -------------------
/opt/airflow/dags/download-files_batch.py                           1           0  0.30s           2024-05-25T09:47:52
================================================================================
[2024-05-25T09:48:23.427+0000] {manager.py:878} INFO - 
================================================================================
DAG File Processing Stats

File Path                                  PID    Runtime      # DAGs    # Errors  Last Runtime    Last Run
-----------------------------------------  -----  ---------  --------  ----------  --------------  -------------------
/opt/airflow/dags/download-files_batch.py                           1           0  0.30s           2024-05-25T09:48:23
================================================================================
[2024-05-25T09:48:54.002+0000] {manager.py:878} INFO - 
================================================================================
DAG File Processing Stats

File Path                                  PID    Runtime      # DAGs    # Errors  Last Runtime    Last Run
-----------------------------------------  -----  ---------  --------  ----------  --------------  -------------------
/opt/airflow/dags/download-files_batch.py                           1           0  0.40s           2024-05-25T09:48:54
================================================================================
[2024-05-25T09:49:25.146+0000] {manager.py:878} INFO - 
================================================================================
DAG File Processing Stats

File Path                                  PID    Runtime      # DAGs    # Errors  Last Runtime    Last Run
-----------------------------------------  -----  ---------  --------  ----------  --------------  -------------------
/opt/airflow/dags/download-files_batch.py                           1           0  0.30s           2024-05-25T09:49:25
================================================================================
[2024-05-25T09:49:56.182+0000] {manager.py:878} INFO - 
================================================================================
DAG File Processing Stats

File Path                                  PID    Runtime      # DAGs    # Errors  Last Runtime    Last Run
-----------------------------------------  -----  ---------  --------  ----------  --------------  -------------------
/opt/airflow/dags/download-files_batch.py                           1           0  0.30s           2024-05-25T09:49:56
================================================================================
[2024-05-25T09:51:49.888+0000] {manager.py:452} INFO - Exiting gracefully upon receiving signal 15
[2024-05-25T09:51:50.131+0000] {manager.py:470} INFO - Processing files using up to 1 processes at a time 
[2024-05-25T09:51:50.132+0000] {manager.py:471} INFO - Process each file at most once every 30 seconds
[2024-05-25T09:51:50.134+0000] {manager.py:472} INFO - Checking for new files in /opt/airflow/dags every 300 seconds
[2024-05-25T09:51:50.135+0000] {manager.py:737} INFO - Searching for files in /opt/airflow/dags
[2024-05-25T09:51:50.166+0000] {manager.py:740} INFO - There are 1 files in /opt/airflow/dags
[2024-05-25T09:51:50.568+0000] {manager.py:878} INFO - 
================================================================================
DAG File Processing Stats

File Path                                  PID    Runtime      # DAGs    # Errors  Last Runtime    Last Run
-----------------------------------------  -----  ---------  --------  ----------  --------------  -------------------
/opt/airflow/dags/download-files_batch.py                           1           0  0.30s           2024-05-25T09:51:50
================================================================================
[2024-05-25T09:52:21.073+0000] {manager.py:878} INFO - 
================================================================================
DAG File Processing Stats

File Path                                  PID    Runtime      # DAGs    # Errors  Last Runtime    Last Run
-----------------------------------------  -----  ---------  --------  ----------  --------------  -------------------
/opt/airflow/dags/download-files_batch.py                           1           0  0.30s           2024-05-25T09:52:21
================================================================================
[2024-05-25T09:52:51.813+0000] {manager.py:878} INFO - 
================================================================================
DAG File Processing Stats

File Path                                  PID    Runtime      # DAGs    # Errors  Last Runtime    Last Run
-----------------------------------------  -----  ---------  --------  ----------  --------------  -------------------
/opt/airflow/dags/download-files_batch.py                           1           0  0.31s           2024-05-25T09:52:51
================================================================================
[2024-05-25T09:53:22.946+0000] {manager.py:878} INFO - 
================================================================================
DAG File Processing Stats

File Path                                  PID    Runtime      # DAGs    # Errors  Last Runtime    Last Run
-----------------------------------------  -----  ---------  --------  ----------  --------------  -------------------
/opt/airflow/dags/download-files_batch.py                           1           0  0.30s           2024-05-25T09:53:22
================================================================================
[2024-05-25T09:53:54.134+0000] {manager.py:878} INFO - 
================================================================================
DAG File Processing Stats

File Path                                  PID    Runtime      # DAGs    # Errors  Last Runtime    Last Run
-----------------------------------------  -----  ---------  --------  ----------  --------------  -------------------
/opt/airflow/dags/download-files_batch.py                           1           0  0.40s           2024-05-25T09:53:54
================================================================================
[2024-05-25T09:54:24.594+0000] {manager.py:878} INFO - 
================================================================================
DAG File Processing Stats

File Path                                  PID    Runtime      # DAGs    # Errors  Last Runtime    Last Run
-----------------------------------------  -----  ---------  --------  ----------  --------------  -------------------
/opt/airflow/dags/download-files_batch.py                           1           0  0.40s           2024-05-25T09:54:24
================================================================================
[2024-05-25T09:54:55.778+0000] {manager.py:878} INFO - 
================================================================================
DAG File Processing Stats

File Path                                  PID    Runtime      # DAGs    # Errors  Last Runtime    Last Run
-----------------------------------------  -----  ---------  --------  ----------  --------------  -------------------
/opt/airflow/dags/download-files_batch.py                           1           0  0.30s           2024-05-25T09:54:55
================================================================================
[2024-05-25T09:57:48.611+0000] {manager.py:452} INFO - Exiting gracefully upon receiving signal 15
[2024-05-25T09:57:48.852+0000] {manager.py:470} INFO - Processing files using up to 1 processes at a time 
[2024-05-25T09:57:48.853+0000] {manager.py:471} INFO - Process each file at most once every 30 seconds
[2024-05-25T09:57:48.854+0000] {manager.py:472} INFO - Checking for new files in /opt/airflow/dags every 300 seconds
[2024-05-25T09:57:48.855+0000] {manager.py:737} INFO - Searching for files in /opt/airflow/dags
[2024-05-25T09:57:48.881+0000] {manager.py:740} INFO - There are 1 files in /opt/airflow/dags
[2024-05-25T09:57:49.262+0000] {manager.py:878} INFO - 
================================================================================
DAG File Processing Stats

File Path                                  PID    Runtime      # DAGs    # Errors  Last Runtime    Last Run
-----------------------------------------  -----  ---------  --------  ----------  --------------  -------------------
/opt/airflow/dags/download-files_batch.py                           1           0  0.30s           2024-05-25T09:57:49
================================================================================
[2024-05-25T09:58:19.722+0000] {manager.py:878} INFO - 
================================================================================
DAG File Processing Stats

File Path                                  PID    Runtime      # DAGs    # Errors  Last Runtime    Last Run
-----------------------------------------  -----  ---------  --------  ----------  --------------  -------------------
/opt/airflow/dags/download-files_batch.py                           1           0  0.30s           2024-05-25T09:58:19
================================================================================
[2024-05-25T09:58:50.459+0000] {manager.py:878} INFO - 
================================================================================
DAG File Processing Stats

File Path                                  PID    Runtime      # DAGs    # Errors  Last Runtime    Last Run
-----------------------------------------  -----  ---------  --------  ----------  --------------  -------------------
/opt/airflow/dags/download-files_batch.py                           1           0  0.30s           2024-05-25T09:58:50
================================================================================
[2024-05-25T09:59:21.470+0000] {manager.py:878} INFO - 
================================================================================
DAG File Processing Stats

File Path                                  PID    Runtime      # DAGs    # Errors  Last Runtime    Last Run
-----------------------------------------  -----  ---------  --------  ----------  --------------  -------------------
/opt/airflow/dags/download-files_batch.py                           1           0  0.30s           2024-05-25T09:59:21
================================================================================
[2024-05-25T09:59:52.011+0000] {manager.py:878} INFO - 
================================================================================
DAG File Processing Stats

File Path                                  PID    Runtime      # DAGs    # Errors  Last Runtime    Last Run
-----------------------------------------  -----  ---------  --------  ----------  --------------  -------------------
/opt/airflow/dags/download-files_batch.py                           1           0  0.40s           2024-05-25T09:59:52
================================================================================
[2024-05-25T10:01:49.676+0000] {manager.py:452} INFO - Exiting gracefully upon receiving signal 15
[2024-05-25T10:01:49.968+0000] {manager.py:470} INFO - Processing files using up to 1 processes at a time 
[2024-05-25T10:01:49.970+0000] {manager.py:471} INFO - Process each file at most once every 30 seconds
[2024-05-25T10:01:49.971+0000] {manager.py:472} INFO - Checking for new files in /opt/airflow/dags every 300 seconds
[2024-05-25T10:01:49.972+0000] {manager.py:737} INFO - Searching for files in /opt/airflow/dags
[2024-05-25T10:01:50.004+0000] {manager.py:740} INFO - There are 1 files in /opt/airflow/dags
[2024-05-25T10:01:50.505+0000] {manager.py:878} INFO - 
================================================================================
DAG File Processing Stats

File Path                                  PID    Runtime      # DAGs    # Errors  Last Runtime    Last Run
-----------------------------------------  -----  ---------  --------  ----------  --------------  -------------------
/opt/airflow/dags/download-files_batch.py                           1           0  0.41s           2024-05-25T10:01:50
================================================================================
[2024-05-25T10:02:21.858+0000] {manager.py:878} INFO - 
================================================================================
DAG File Processing Stats

File Path                                  PID    Runtime      # DAGs    # Errors  Last Runtime    Last Run
-----------------------------------------  -----  ---------  --------  ----------  --------------  -------------------
/opt/airflow/dags/download-files_batch.py                           1           0  0.30s           2024-05-25T10:02:21
================================================================================
[2024-05-25T10:02:52.640+0000] {manager.py:878} INFO - 
================================================================================
DAG File Processing Stats

File Path                                  PID    Runtime      # DAGs    # Errors  Last Runtime    Last Run
-----------------------------------------  -----  ---------  --------  ----------  --------------  -------------------
/opt/airflow/dags/download-files_batch.py                           1           0  0.30s           2024-05-25T10:02:52
================================================================================
[2024-05-25T10:03:23.280+0000] {manager.py:878} INFO - 
================================================================================
DAG File Processing Stats

File Path                                  PID    Runtime      # DAGs    # Errors  Last Runtime    Last Run
-----------------------------------------  -----  ---------  --------  ----------  --------------  -------------------
/opt/airflow/dags/download-files_batch.py                           1           0  0.30s           2024-05-25T10:03:23
================================================================================
[2024-05-25T10:03:54.159+0000] {manager.py:878} INFO - 
================================================================================
DAG File Processing Stats

File Path                                  PID    Runtime      # DAGs    # Errors  Last Runtime    Last Run
-----------------------------------------  -----  ---------  --------  ----------  --------------  -------------------
/opt/airflow/dags/download-files_batch.py                           1           0  0.51s           2024-05-25T10:03:54
================================================================================
[2024-05-25T10:04:24.737+0000] {manager.py:878} INFO - 
================================================================================
DAG File Processing Stats

File Path                                  PID    Runtime      # DAGs    # Errors  Last Runtime    Last Run
-----------------------------------------  -----  ---------  --------  ----------  --------------  -------------------
/opt/airflow/dags/download-files_batch.py                           1           0  0.40s           2024-05-25T10:04:24
================================================================================
[2024-05-25T10:04:55.317+0000] {manager.py:878} INFO - 
================================================================================
DAG File Processing Stats

File Path                                  PID    Runtime      # DAGs    # Errors  Last Runtime    Last Run
-----------------------------------------  -----  ---------  --------  ----------  --------------  -------------------
/opt/airflow/dags/download-files_batch.py                           1           0  0.30s           2024-05-25T10:04:55
================================================================================
[2024-05-25T10:06:51.087+0000] {manager.py:452} INFO - Exiting gracefully upon receiving signal 15
[2024-05-25T10:06:51.372+0000] {manager.py:470} INFO - Processing files using up to 1 processes at a time 
[2024-05-25T10:06:51.373+0000] {manager.py:471} INFO - Process each file at most once every 30 seconds
[2024-05-25T10:06:51.374+0000] {manager.py:472} INFO - Checking for new files in /opt/airflow/dags every 300 seconds
[2024-05-25T10:06:51.375+0000] {manager.py:737} INFO - Searching for files in /opt/airflow/dags
[2024-05-25T10:06:51.404+0000] {manager.py:740} INFO - There are 1 files in /opt/airflow/dags
[2024-05-25T10:06:51.893+0000] {manager.py:878} INFO - 
================================================================================
DAG File Processing Stats

File Path                                  PID    Runtime      # DAGs    # Errors  Last Runtime    Last Run
-----------------------------------------  -----  ---------  --------  ----------  --------------  -------------------
/opt/airflow/dags/download-files_batch.py                           1           0  0.40s           2024-05-25T10:06:51
================================================================================
[2024-05-25T10:07:22.291+0000] {manager.py:878} INFO - 
================================================================================
DAG File Processing Stats

File Path                                  PID    Runtime      # DAGs    # Errors  Last Runtime    Last Run
-----------------------------------------  -----  ---------  --------  ----------  --------------  -------------------
/opt/airflow/dags/download-files_batch.py                           1           0  0.30s           2024-05-25T10:07:22
================================================================================
[2024-05-25T10:07:53.043+0000] {manager.py:878} INFO - 
================================================================================
DAG File Processing Stats

File Path                                  PID    Runtime      # DAGs    # Errors  Last Runtime    Last Run
-----------------------------------------  -----  ---------  --------  ----------  --------------  -------------------
/opt/airflow/dags/download-files_batch.py                           1           0  0.30s           2024-05-25T10:07:53
================================================================================
[2024-05-25T10:08:24.050+0000] {manager.py:878} INFO - 
================================================================================
DAG File Processing Stats

File Path                                  PID    Runtime      # DAGs    # Errors  Last Runtime    Last Run
-----------------------------------------  -----  ---------  --------  ----------  --------------  -------------------
/opt/airflow/dags/download-files_batch.py                           1           0  0.30s           2024-05-25T10:08:24
================================================================================
[2024-05-25T10:08:54.739+0000] {manager.py:878} INFO - 
================================================================================
DAG File Processing Stats

File Path                                  PID    Runtime      # DAGs    # Errors  Last Runtime    Last Run
-----------------------------------------  -----  ---------  --------  ----------  --------------  -------------------
/opt/airflow/dags/download-files_batch.py                           1           0  0.50s           2024-05-25T10:08:54
================================================================================
[2024-05-25T10:09:25.675+0000] {manager.py:878} INFO - 
================================================================================
DAG File Processing Stats

File Path                                  PID    Runtime      # DAGs    # Errors  Last Runtime    Last Run
-----------------------------------------  -----  ---------  --------  ----------  --------------  -------------------
/opt/airflow/dags/download-files_batch.py                           1           0  0.30s           2024-05-25T10:09:25
================================================================================
[2024-05-25T10:09:56.062+0000] {manager.py:878} INFO - 
================================================================================
DAG File Processing Stats

File Path                                  PID    Runtime      # DAGs    # Errors  Last Runtime    Last Run
-----------------------------------------  -----  ---------  --------  ----------  --------------  -------------------
/opt/airflow/dags/download-files_batch.py                           1           0  0.31s           2024-05-25T10:09:56
================================================================================
[2024-05-25T10:12:03.174+0000] {manager.py:452} INFO - Exiting gracefully upon receiving signal 15
[2024-05-25T10:12:03.423+0000] {manager.py:470} INFO - Processing files using up to 1 processes at a time 
[2024-05-25T10:12:03.424+0000] {manager.py:471} INFO - Process each file at most once every 30 seconds
[2024-05-25T10:12:03.425+0000] {manager.py:472} INFO - Checking for new files in /opt/airflow/dags every 300 seconds
[2024-05-25T10:12:03.426+0000] {manager.py:737} INFO - Searching for files in /opt/airflow/dags
[2024-05-25T10:12:03.460+0000] {manager.py:740} INFO - There are 1 files in /opt/airflow/dags
[2024-05-25T10:12:03.869+0000] {manager.py:878} INFO - 
================================================================================
DAG File Processing Stats

File Path                                  PID    Runtime      # DAGs    # Errors  Last Runtime    Last Run
-----------------------------------------  -----  ---------  --------  ----------  --------------  -------------------
/opt/airflow/dags/download-files_batch.py                           1           0  0.30s           2024-05-25T10:12:03
================================================================================
[2024-05-25T10:12:34.359+0000] {manager.py:878} INFO - 
================================================================================
DAG File Processing Stats

File Path                                  PID    Runtime      # DAGs    # Errors  Last Runtime    Last Run
-----------------------------------------  -----  ---------  --------  ----------  --------------  -------------------
/opt/airflow/dags/download-files_batch.py                           1           0  0.41s           2024-05-25T10:12:34
================================================================================
[2024-05-25T10:13:05.064+0000] {manager.py:878} INFO - 
================================================================================
DAG File Processing Stats

File Path                                  PID    Runtime      # DAGs    # Errors  Last Runtime    Last Run
-----------------------------------------  -----  ---------  --------  ----------  --------------  -------------------
/opt/airflow/dags/download-files_batch.py                           1           0  0.30s           2024-05-25T10:13:05
================================================================================
[2024-05-25T10:13:36.167+0000] {manager.py:878} INFO - 
================================================================================
DAG File Processing Stats

File Path                                  PID    Runtime      # DAGs    # Errors  Last Runtime    Last Run
-----------------------------------------  -----  ---------  --------  ----------  --------------  -------------------
/opt/airflow/dags/download-files_batch.py                           1           0  0.41s           2024-05-25T10:13:36
================================================================================
[2024-05-25T10:14:06.617+0000] {manager.py:878} INFO - 
================================================================================
DAG File Processing Stats

File Path                                  PID    Runtime      # DAGs    # Errors  Last Runtime    Last Run
-----------------------------------------  -----  ---------  --------  ----------  --------------  -------------------
/opt/airflow/dags/download-files_batch.py                           1           0  0.30s           2024-05-25T10:14:06
================================================================================
[2024-05-25T10:14:37.873+0000] {manager.py:878} INFO - 
================================================================================
DAG File Processing Stats

File Path                                  PID    Runtime      # DAGs    # Errors  Last Runtime    Last Run
-----------------------------------------  -----  ---------  --------  ----------  --------------  -------------------
/opt/airflow/dags/download-files_batch.py                           1           0  0.30s           2024-05-25T10:14:37
================================================================================
[2024-05-25T10:16:50.185+0000] {manager.py:452} INFO - Exiting gracefully upon receiving signal 15
[2024-05-25T10:16:50.427+0000] {manager.py:470} INFO - Processing files using up to 1 processes at a time 
[2024-05-25T10:16:50.428+0000] {manager.py:471} INFO - Process each file at most once every 30 seconds
[2024-05-25T10:16:50.429+0000] {manager.py:472} INFO - Checking for new files in /opt/airflow/dags every 300 seconds
[2024-05-25T10:16:50.429+0000] {manager.py:737} INFO - Searching for files in /opt/airflow/dags
[2024-05-25T10:16:50.457+0000] {manager.py:740} INFO - There are 1 files in /opt/airflow/dags
[2024-05-25T10:16:50.837+0000] {manager.py:878} INFO - 
================================================================================
DAG File Processing Stats

File Path                                  PID    Runtime      # DAGs    # Errors  Last Runtime    Last Run
-----------------------------------------  -----  ---------  --------  ----------  --------------  -------------------
/opt/airflow/dags/download-files_batch.py                           1           0  0.30s           2024-05-25T10:16:50
================================================================================
[2024-05-25T10:18:52.115+0000] {manager.py:452} INFO - Exiting gracefully upon receiving signal 15
[2024-05-25T10:18:52.405+0000] {manager.py:470} INFO - Processing files using up to 1 processes at a time 
[2024-05-25T10:18:52.407+0000] {manager.py:471} INFO - Process each file at most once every 30 seconds
[2024-05-25T10:18:52.408+0000] {manager.py:472} INFO - Checking for new files in /opt/airflow/dags every 300 seconds
[2024-05-25T10:18:52.410+0000] {manager.py:737} INFO - Searching for files in /opt/airflow/dags
[2024-05-25T10:18:52.444+0000] {manager.py:740} INFO - There are 1 files in /opt/airflow/dags
[2024-05-25T10:18:52.952+0000] {manager.py:878} INFO - 
================================================================================
DAG File Processing Stats

File Path                                  PID    Runtime      # DAGs    # Errors  Last Runtime    Last Run
-----------------------------------------  -----  ---------  --------  ----------  --------------  -------------------
/opt/airflow/dags/download-files_batch.py                           1           0  0.40s           2024-05-25T10:18:52
================================================================================
[2024-05-25T10:21:03.950+0000] {manager.py:452} INFO - Exiting gracefully upon receiving signal 15
[2024-05-25T10:21:04.241+0000] {manager.py:470} INFO - Processing files using up to 1 processes at a time 
[2024-05-25T10:21:04.242+0000] {manager.py:471} INFO - Process each file at most once every 30 seconds
[2024-05-25T10:21:04.244+0000] {manager.py:472} INFO - Checking for new files in /opt/airflow/dags every 300 seconds
[2024-05-25T10:21:04.245+0000] {manager.py:737} INFO - Searching for files in /opt/airflow/dags
[2024-05-25T10:21:04.285+0000] {manager.py:740} INFO - There are 1 files in /opt/airflow/dags
[2024-05-25T10:21:04.787+0000] {manager.py:878} INFO - 
================================================================================
DAG File Processing Stats

File Path                                  PID    Runtime      # DAGs    # Errors  Last Runtime    Last Run
-----------------------------------------  -----  ---------  --------  ----------  --------------  -------------------
/opt/airflow/dags/download-files_batch.py                           1           0  0.41s           2024-05-25T10:21:04
================================================================================
[2024-05-25T10:22:59.448+0000] {manager.py:452} INFO - Exiting gracefully upon receiving signal 15
[2024-05-25T10:22:59.752+0000] {manager.py:470} INFO - Processing files using up to 1 processes at a time 
[2024-05-25T10:22:59.753+0000] {manager.py:471} INFO - Process each file at most once every 30 seconds
[2024-05-25T10:22:59.755+0000] {manager.py:472} INFO - Checking for new files in /opt/airflow/dags every 300 seconds
[2024-05-25T10:22:59.756+0000] {manager.py:737} INFO - Searching for files in /opt/airflow/dags
[2024-05-25T10:22:59.789+0000] {manager.py:740} INFO - There are 1 files in /opt/airflow/dags
[2024-05-25T10:23:00.299+0000] {manager.py:878} INFO - 
================================================================================
DAG File Processing Stats

File Path                                  PID    Runtime      # DAGs    # Errors  Last Runtime    Last Run
-----------------------------------------  -----  ---------  --------  ----------  --------------  -------------------
/opt/airflow/dags/download-files_batch.py                           1           0  0.40s           2024-05-25T10:23:00
================================================================================
[2024-05-25T10:24:49.320+0000] {manager.py:452} INFO - Exiting gracefully upon receiving signal 15
[2024-05-25T10:24:49.607+0000] {manager.py:470} INFO - Processing files using up to 1 processes at a time 
[2024-05-25T10:24:49.608+0000] {manager.py:471} INFO - Process each file at most once every 30 seconds
[2024-05-25T10:24:49.609+0000] {manager.py:472} INFO - Checking for new files in /opt/airflow/dags every 300 seconds
[2024-05-25T10:24:49.610+0000] {manager.py:737} INFO - Searching for files in /opt/airflow/dags
[2024-05-25T10:24:49.639+0000] {manager.py:740} INFO - There are 1 files in /opt/airflow/dags
[2024-05-25T10:24:50.143+0000] {manager.py:878} INFO - 
================================================================================
DAG File Processing Stats

File Path                                  PID    Runtime      # DAGs    # Errors  Last Runtime    Last Run
-----------------------------------------  -----  ---------  --------  ----------  --------------  -------------------
/opt/airflow/dags/download-files_batch.py                           1           0  0.41s           2024-05-25T10:24:50
================================================================================
[2024-05-25T10:28:25.650+0000] {manager.py:452} INFO - Exiting gracefully upon receiving signal 15
[2024-05-25T10:28:25.935+0000] {manager.py:470} INFO - Processing files using up to 1 processes at a time 
[2024-05-25T10:28:25.936+0000] {manager.py:471} INFO - Process each file at most once every 30 seconds
[2024-05-25T10:28:25.937+0000] {manager.py:472} INFO - Checking for new files in /opt/airflow/dags every 300 seconds
[2024-05-25T10:28:25.938+0000] {manager.py:737} INFO - Searching for files in /opt/airflow/dags
[2024-05-25T10:28:25.969+0000] {manager.py:740} INFO - There are 1 files in /opt/airflow/dags
[2024-05-25T10:28:26.465+0000] {manager.py:878} INFO - 
================================================================================
DAG File Processing Stats

File Path                                  PID    Runtime      # DAGs    # Errors  Last Runtime    Last Run
-----------------------------------------  -----  ---------  --------  ----------  --------------  -------------------
/opt/airflow/dags/download-files_batch.py                           1           0  0.40s           2024-05-25T10:28:26
================================================================================
[2024-05-25T10:30:34.747+0000] {manager.py:452} INFO - Exiting gracefully upon receiving signal 15
[2024-05-25T10:30:34.989+0000] {manager.py:470} INFO - Processing files using up to 1 processes at a time 
[2024-05-25T10:30:34.990+0000] {manager.py:471} INFO - Process each file at most once every 30 seconds
[2024-05-25T10:30:34.990+0000] {manager.py:472} INFO - Checking for new files in /opt/airflow/dags every 300 seconds
[2024-05-25T10:30:34.991+0000] {manager.py:737} INFO - Searching for files in /opt/airflow/dags
[2024-05-25T10:30:35.020+0000] {manager.py:740} INFO - There are 1 files in /opt/airflow/dags
[2024-05-25T10:30:35.509+0000] {manager.py:878} INFO - 
================================================================================
DAG File Processing Stats

File Path                                  PID    Runtime      # DAGs    # Errors  Last Runtime    Last Run
-----------------------------------------  -----  ---------  --------  ----------  --------------  -------------------
/opt/airflow/dags/download-files_batch.py                           1           0  0.40s           2024-05-25T10:30:35
================================================================================
[2024-05-25T10:33:27.090+0000] {manager.py:452} INFO - Exiting gracefully upon receiving signal 15
[2024-05-25T10:33:27.424+0000] {manager.py:470} INFO - Processing files using up to 1 processes at a time 
[2024-05-25T10:33:27.425+0000] {manager.py:471} INFO - Process each file at most once every 30 seconds
[2024-05-25T10:33:27.427+0000] {manager.py:472} INFO - Checking for new files in /opt/airflow/dags every 300 seconds
[2024-05-25T10:33:27.428+0000] {manager.py:737} INFO - Searching for files in /opt/airflow/dags
[2024-05-25T10:33:27.458+0000] {manager.py:740} INFO - There are 1 files in /opt/airflow/dags
[2024-05-25T10:33:27.961+0000] {manager.py:878} INFO - 
================================================================================
DAG File Processing Stats

File Path                                  PID    Runtime      # DAGs    # Errors  Last Runtime    Last Run
-----------------------------------------  -----  ---------  --------  ----------  --------------  -------------------
/opt/airflow/dags/download-files_batch.py                           1           0  0.40s           2024-05-25T10:33:27
================================================================================
[2024-05-25T10:35:12.450+0000] {manager.py:452} INFO - Exiting gracefully upon receiving signal 15
[2024-05-25T10:35:12.696+0000] {manager.py:470} INFO - Processing files using up to 1 processes at a time 
[2024-05-25T10:35:12.697+0000] {manager.py:471} INFO - Process each file at most once every 30 seconds
[2024-05-25T10:35:12.698+0000] {manager.py:472} INFO - Checking for new files in /opt/airflow/dags every 300 seconds
[2024-05-25T10:35:12.699+0000] {manager.py:737} INFO - Searching for files in /opt/airflow/dags
[2024-05-25T10:35:12.739+0000] {manager.py:740} INFO - There are 1 files in /opt/airflow/dags
[2024-05-25T10:35:13.225+0000] {manager.py:878} INFO - 
================================================================================
DAG File Processing Stats

File Path                                  PID    Runtime      # DAGs    # Errors  Last Runtime    Last Run
-----------------------------------------  -----  ---------  --------  ----------  --------------  -------------------
/opt/airflow/dags/download-files_batch.py                           1           0  0.40s           2024-05-25T10:35:13
================================================================================
[2024-05-25T10:39:00.362+0000] {manager.py:452} INFO - Exiting gracefully upon receiving signal 15
[2024-05-25T10:39:00.603+0000] {manager.py:470} INFO - Processing files using up to 1 processes at a time 
[2024-05-25T10:39:00.604+0000] {manager.py:471} INFO - Process each file at most once every 30 seconds
[2024-05-25T10:39:00.605+0000] {manager.py:472} INFO - Checking for new files in /opt/airflow/dags every 300 seconds
[2024-05-25T10:39:00.606+0000] {manager.py:737} INFO - Searching for files in /opt/airflow/dags
[2024-05-25T10:39:00.633+0000] {manager.py:740} INFO - There are 1 files in /opt/airflow/dags
[2024-05-25T10:39:01.017+0000] {manager.py:878} INFO - 
================================================================================
DAG File Processing Stats

File Path                                  PID    Runtime      # DAGs    # Errors  Last Runtime    Last Run
-----------------------------------------  -----  ---------  --------  ----------  --------------  -------------------
/opt/airflow/dags/download-files_batch.py                           1           0  0.30s           2024-05-25T10:39:01
================================================================================
[2024-05-25T10:41:18.713+0000] {manager.py:452} INFO - Exiting gracefully upon receiving signal 15
[2024-05-25T10:41:19.042+0000] {manager.py:470} INFO - Processing files using up to 1 processes at a time 
[2024-05-25T10:41:19.043+0000] {manager.py:471} INFO - Process each file at most once every 30 seconds
[2024-05-25T10:41:19.044+0000] {manager.py:472} INFO - Checking for new files in /opt/airflow/dags every 300 seconds
[2024-05-25T10:41:19.045+0000] {manager.py:737} INFO - Searching for files in /opt/airflow/dags
[2024-05-25T10:41:19.078+0000] {manager.py:740} INFO - There are 1 files in /opt/airflow/dags
[2024-05-25T10:41:19.475+0000] {manager.py:878} INFO - 
================================================================================
DAG File Processing Stats

File Path                                  PID    Runtime      # DAGs    # Errors  Last Runtime    Last Run
-----------------------------------------  -----  ---------  --------  ----------  --------------  -------------------
/opt/airflow/dags/download-files_batch.py                           1           0  0.30s           2024-05-25T10:41:19
================================================================================
[2024-05-25T10:43:05.298+0000] {manager.py:452} INFO - Exiting gracefully upon receiving signal 15
[2024-05-25T10:43:05.538+0000] {manager.py:470} INFO - Processing files using up to 1 processes at a time 
[2024-05-25T10:43:05.539+0000] {manager.py:471} INFO - Process each file at most once every 30 seconds
[2024-05-25T10:43:05.540+0000] {manager.py:472} INFO - Checking for new files in /opt/airflow/dags every 300 seconds
[2024-05-25T10:43:05.541+0000] {manager.py:737} INFO - Searching for files in /opt/airflow/dags
[2024-05-25T10:43:05.566+0000] {manager.py:740} INFO - There are 1 files in /opt/airflow/dags
[2024-05-25T10:43:05.949+0000] {manager.py:878} INFO - 
================================================================================
DAG File Processing Stats

File Path                                  PID    Runtime      # DAGs    # Errors  Last Runtime    Last Run
-----------------------------------------  -----  ---------  --------  ----------  --------------  -------------------
/opt/airflow/dags/download-files_batch.py                           1           0  0.31s           2024-05-25T10:43:05
================================================================================
[2024-05-25T10:44:54.716+0000] {manager.py:452} INFO - Exiting gracefully upon receiving signal 15
[2024-05-25T10:44:54.957+0000] {manager.py:470} INFO - Processing files using up to 1 processes at a time 
[2024-05-25T10:44:54.958+0000] {manager.py:471} INFO - Process each file at most once every 30 seconds
[2024-05-25T10:44:54.959+0000] {manager.py:472} INFO - Checking for new files in /opt/airflow/dags every 300 seconds
[2024-05-25T10:44:54.961+0000] {manager.py:737} INFO - Searching for files in /opt/airflow/dags
[2024-05-25T10:44:54.988+0000] {manager.py:740} INFO - There are 1 files in /opt/airflow/dags
[2024-05-25T10:44:55.478+0000] {manager.py:878} INFO - 
================================================================================
DAG File Processing Stats

File Path                                  PID    Runtime      # DAGs    # Errors  Last Runtime    Last Run
-----------------------------------------  -----  ---------  --------  ----------  --------------  -------------------
/opt/airflow/dags/download-files_batch.py                           1           0  0.40s           2024-05-25T10:44:55
================================================================================
[2024-05-25T10:46:42.323+0000] {manager.py:452} INFO - Exiting gracefully upon receiving signal 15
[2024-05-25T10:46:42.612+0000] {manager.py:470} INFO - Processing files using up to 1 processes at a time 
[2024-05-25T10:46:42.613+0000] {manager.py:471} INFO - Process each file at most once every 30 seconds
[2024-05-25T10:46:42.614+0000] {manager.py:472} INFO - Checking for new files in /opt/airflow/dags every 300 seconds
[2024-05-25T10:46:42.615+0000] {manager.py:737} INFO - Searching for files in /opt/airflow/dags
[2024-05-25T10:46:42.645+0000] {manager.py:740} INFO - There are 1 files in /opt/airflow/dags
[2024-05-25T10:46:43.136+0000] {manager.py:878} INFO - 
================================================================================
DAG File Processing Stats

File Path                                  PID    Runtime      # DAGs    # Errors  Last Runtime    Last Run
-----------------------------------------  -----  ---------  --------  ----------  --------------  -------------------
/opt/airflow/dags/download-files_batch.py                           1           0  0.40s           2024-05-25T10:46:43
================================================================================
[2024-05-25T10:48:28.247+0000] {manager.py:452} INFO - Exiting gracefully upon receiving signal 15
[2024-05-25T10:48:28.531+0000] {manager.py:470} INFO - Processing files using up to 1 processes at a time 
[2024-05-25T10:48:28.532+0000] {manager.py:471} INFO - Process each file at most once every 30 seconds
[2024-05-25T10:48:28.533+0000] {manager.py:472} INFO - Checking for new files in /opt/airflow/dags every 300 seconds
[2024-05-25T10:48:28.534+0000] {manager.py:737} INFO - Searching for files in /opt/airflow/dags
[2024-05-25T10:48:28.563+0000] {manager.py:740} INFO - There are 1 files in /opt/airflow/dags
[2024-05-25T10:48:29.055+0000] {manager.py:878} INFO - 
================================================================================
DAG File Processing Stats

File Path                                  PID    Runtime      # DAGs    # Errors  Last Runtime    Last Run
-----------------------------------------  -----  ---------  --------  ----------  --------------  -------------------
/opt/airflow/dags/download-files_batch.py                           1           0  0.40s           2024-05-25T10:48:29
================================================================================
[2024-05-25T10:50:12.868+0000] {manager.py:452} INFO - Exiting gracefully upon receiving signal 15
[2024-05-25T10:50:13.108+0000] {manager.py:470} INFO - Processing files using up to 1 processes at a time 
[2024-05-25T10:50:13.109+0000] {manager.py:471} INFO - Process each file at most once every 30 seconds
[2024-05-25T10:50:13.110+0000] {manager.py:472} INFO - Checking for new files in /opt/airflow/dags every 300 seconds
[2024-05-25T10:50:13.111+0000] {manager.py:737} INFO - Searching for files in /opt/airflow/dags
[2024-05-25T10:50:13.138+0000] {manager.py:740} INFO - There are 1 files in /opt/airflow/dags
[2024-05-25T10:50:13.535+0000] {manager.py:878} INFO - 
================================================================================
DAG File Processing Stats

File Path                                  PID    Runtime      # DAGs    # Errors  Last Runtime    Last Run
-----------------------------------------  -----  ---------  --------  ----------  --------------  -------------------
/opt/airflow/dags/download-files_batch.py                           1           0  0.30s           2024-05-25T10:50:13
================================================================================
[2024-05-25T10:51:58.707+0000] {manager.py:452} INFO - Exiting gracefully upon receiving signal 15
[2024-05-25T10:51:58.977+0000] {manager.py:470} INFO - Processing files using up to 1 processes at a time 
[2024-05-25T10:51:58.978+0000] {manager.py:471} INFO - Process each file at most once every 30 seconds
[2024-05-25T10:51:58.979+0000] {manager.py:472} INFO - Checking for new files in /opt/airflow/dags every 300 seconds
[2024-05-25T10:51:58.981+0000] {manager.py:737} INFO - Searching for files in /opt/airflow/dags
[2024-05-25T10:51:59.009+0000] {manager.py:740} INFO - There are 1 files in /opt/airflow/dags
[2024-05-25T10:51:59.397+0000] {manager.py:878} INFO - 
================================================================================
DAG File Processing Stats

File Path                                  PID    Runtime      # DAGs    # Errors  Last Runtime    Last Run
-----------------------------------------  -----  ---------  --------  ----------  --------------  -------------------
/opt/airflow/dags/download-files_batch.py                           1           0  0.30s           2024-05-25T10:51:59
================================================================================
[2024-05-25T10:53:45.598+0000] {manager.py:452} INFO - Exiting gracefully upon receiving signal 15
[2024-05-25T10:53:45.898+0000] {manager.py:470} INFO - Processing files using up to 1 processes at a time 
[2024-05-25T10:53:45.899+0000] {manager.py:471} INFO - Process each file at most once every 30 seconds
[2024-05-25T10:53:45.900+0000] {manager.py:472} INFO - Checking for new files in /opt/airflow/dags every 300 seconds
[2024-05-25T10:53:45.901+0000] {manager.py:737} INFO - Searching for files in /opt/airflow/dags
[2024-05-25T10:53:45.929+0000] {manager.py:740} INFO - There are 1 files in /opt/airflow/dags
[2024-05-25T10:53:46.516+0000] {manager.py:878} INFO - 
================================================================================
DAG File Processing Stats

File Path                                  PID    Runtime      # DAGs    # Errors  Last Runtime    Last Run
-----------------------------------------  -----  ---------  --------  ----------  --------------  -------------------
/opt/airflow/dags/download-files_batch.py                           1           0  0.50s           2024-05-25T10:53:46
================================================================================
[2024-05-28T03:38:09.989+0000] {manager.py:470} INFO - Processing files using up to 1 processes at a time 
[2024-05-28T03:38:09.991+0000] {manager.py:471} INFO - Process each file at most once every 30 seconds
[2024-05-28T03:38:09.993+0000] {manager.py:472} INFO - Checking for new files in /opt/airflow/dags every 300 seconds
[2024-05-28T03:38:09.995+0000] {manager.py:737} INFO - Searching for files in /opt/airflow/dags
[2024-05-28T03:38:10.032+0000] {manager.py:740} INFO - There are 1 files in /opt/airflow/dags
[2024-05-28T03:38:10.835+0000] {manager.py:878} INFO - 
================================================================================
DAG File Processing Stats

File Path                                  PID    Runtime      # DAGs    # Errors  Last Runtime    Last Run
-----------------------------------------  -----  ---------  --------  ----------  --------------  -------------------
/opt/airflow/dags/download-files_batch.py                           1           0  0.61s           2024-05-28T03:38:10
================================================================================
[2024-05-28T03:42:36.906+0000] {manager.py:470} INFO - Processing files using up to 1 processes at a time 
[2024-05-28T03:42:36.908+0000] {manager.py:471} INFO - Process each file at most once every 30 seconds
[2024-05-28T03:42:36.910+0000] {manager.py:472} INFO - Checking for new files in /opt/airflow/dags every 300 seconds
[2024-05-28T03:42:36.911+0000] {manager.py:737} INFO - Searching for files in /opt/airflow/dags
[2024-05-28T03:42:36.954+0000] {manager.py:740} INFO - There are 1 files in /opt/airflow/dags
[2024-05-28T03:42:37.665+0000] {manager.py:878} INFO - 
================================================================================
DAG File Processing Stats

File Path                                  PID    Runtime      # DAGs    # Errors  Last Runtime    Last Run
-----------------------------------------  -----  ---------  --------  ----------  --------------  -------------------
/opt/airflow/dags/download-files_batch.py                           1           0  0.51s           2024-05-28T03:42:37
================================================================================
[2024-05-28T03:45:21.108+0000] {manager.py:452} INFO - Exiting gracefully upon receiving signal 15
[2024-05-28T03:45:21.338+0000] {manager.py:470} INFO - Processing files using up to 1 processes at a time 
[2024-05-28T03:45:21.339+0000] {manager.py:471} INFO - Process each file at most once every 30 seconds
[2024-05-28T03:45:21.340+0000] {manager.py:472} INFO - Checking for new files in /opt/airflow/dags every 300 seconds
[2024-05-28T03:45:21.341+0000] {manager.py:737} INFO - Searching for files in /opt/airflow/dags
[2024-05-28T03:45:21.371+0000] {manager.py:740} INFO - There are 1 files in /opt/airflow/dags
[2024-05-28T03:45:21.832+0000] {manager.py:878} INFO - 
================================================================================
DAG File Processing Stats

File Path                                  PID    Runtime      # DAGs    # Errors  Last Runtime    Last Run
-----------------------------------------  -----  ---------  --------  ----------  --------------  -------------------
/opt/airflow/dags/download-files_batch.py                           1           0  0.40s           2024-05-28T03:45:21
================================================================================
[2024-05-28T03:45:53.180+0000] {manager.py:878} INFO - 
================================================================================
DAG File Processing Stats

File Path                                  PID    Runtime      # DAGs    # Errors  Last Runtime    Last Run
-----------------------------------------  -----  ---------  --------  ----------  --------------  -------------------
/opt/airflow/dags/download-files_batch.py                           1           0  0.30s           2024-05-28T03:45:53
================================================================================
[2024-05-28T03:46:49.599+0000] {manager.py:878} INFO - 
================================================================================
DAG File Processing Stats

File Path                                  PID    Runtime      # DAGs    # Errors  Last Runtime    Last Run
-----------------------------------------  -----  ---------  --------  ----------  --------------  -------------------
/opt/airflow/dags/download-files_batch.py                           1           0  0.30s           2024-05-28T03:46:49
================================================================================
[2024-05-28T03:47:20.150+0000] {manager.py:878} INFO - 
================================================================================
DAG File Processing Stats

File Path                                  PID    Runtime      # DAGs    # Errors  Last Runtime    Last Run
-----------------------------------------  -----  ---------  --------  ----------  --------------  -------------------
/opt/airflow/dags/download-files_batch.py                           1           0  0.30s           2024-05-28T03:47:20
================================================================================
[2024-05-28T03:47:50.903+0000] {manager.py:878} INFO - 
================================================================================
DAG File Processing Stats

File Path                                  PID    Runtime      # DAGs    # Errors  Last Runtime    Last Run
-----------------------------------------  -----  ---------  --------  ----------  --------------  -------------------
/opt/airflow/dags/download-files_batch.py                           1           0  0.30s           2024-05-28T03:47:50
================================================================================
[2024-05-28T03:48:58.940+0000] {manager.py:452} INFO - Exiting gracefully upon receiving signal 15
[2024-05-28T03:48:59.221+0000] {manager.py:470} INFO - Processing files using up to 1 processes at a time 
[2024-05-28T03:48:59.222+0000] {manager.py:471} INFO - Process each file at most once every 30 seconds
[2024-05-28T03:48:59.222+0000] {manager.py:472} INFO - Checking for new files in /opt/airflow/dags every 300 seconds
[2024-05-28T03:48:59.223+0000] {manager.py:737} INFO - Searching for files in /opt/airflow/dags
[2024-05-28T03:48:59.244+0000] {manager.py:740} INFO - There are 1 files in /opt/airflow/dags
[2024-05-28T03:48:59.709+0000] {manager.py:878} INFO - 
================================================================================
DAG File Processing Stats

File Path                                  PID    Runtime      # DAGs    # Errors  Last Runtime    Last Run
-----------------------------------------  -----  ---------  --------  ----------  --------------  -------------------
/opt/airflow/dags/download-files_batch.py                           1           0  0.40s           2024-05-28T03:48:59
================================================================================
[2024-05-28T03:49:31.197+0000] {manager.py:878} INFO - 
================================================================================
DAG File Processing Stats

File Path                                  PID    Runtime      # DAGs    # Errors  Last Runtime    Last Run
-----------------------------------------  -----  ---------  --------  ----------  --------------  -------------------
/opt/airflow/dags/download-files_batch.py                           1           0  0.40s           2024-05-28T03:49:31
================================================================================
[2024-05-28T03:50:01.939+0000] {manager.py:878} INFO - 
================================================================================
DAG File Processing Stats

File Path                                  PID    Runtime      # DAGs    # Errors  Last Runtime    Last Run
-----------------------------------------  -----  ---------  --------  ----------  --------------  -------------------
/opt/airflow/dags/download-files_batch.py                           1           0  0.50s           2024-05-28T03:50:01
================================================================================
[2024-05-28T03:50:58.056+0000] {manager.py:452} INFO - Exiting gracefully upon receiving signal 15
[2024-05-28T03:50:58.344+0000] {manager.py:470} INFO - Processing files using up to 1 processes at a time 
[2024-05-28T03:50:58.345+0000] {manager.py:471} INFO - Process each file at most once every 30 seconds
[2024-05-28T03:50:58.346+0000] {manager.py:472} INFO - Checking for new files in /opt/airflow/dags every 300 seconds
[2024-05-28T03:50:58.347+0000] {manager.py:737} INFO - Searching for files in /opt/airflow/dags
[2024-05-28T03:50:58.376+0000] {manager.py:740} INFO - There are 1 files in /opt/airflow/dags
[2024-05-28T03:50:58.968+0000] {manager.py:878} INFO - 
================================================================================
DAG File Processing Stats

File Path                                  PID    Runtime      # DAGs    # Errors  Last Runtime    Last Run
-----------------------------------------  -----  ---------  --------  ----------  --------------  -------------------
/opt/airflow/dags/download-files_batch.py                           1           0  0.50s           2024-05-28T03:50:58
================================================================================
[2024-05-28T03:51:30.123+0000] {manager.py:878} INFO - 
================================================================================
DAG File Processing Stats

File Path                                  PID    Runtime      # DAGs    # Errors  Last Runtime    Last Run
-----------------------------------------  -----  ---------  --------  ----------  --------------  -------------------
/opt/airflow/dags/download-files_batch.py                           1           0  0.40s           2024-05-28T03:51:30
================================================================================
[2024-05-28T03:52:00.931+0000] {manager.py:878} INFO - 
================================================================================
DAG File Processing Stats

File Path                                  PID    Runtime      # DAGs    # Errors  Last Runtime    Last Run
-----------------------------------------  -----  ---------  --------  ----------  --------------  -------------------
/opt/airflow/dags/download-files_batch.py                           1           0  0.50s           2024-05-28T03:52:00
================================================================================
[2024-05-28T03:52:55.911+0000] {manager.py:452} INFO - Exiting gracefully upon receiving signal 15
[2024-05-28T03:52:56.141+0000] {manager.py:470} INFO - Processing files using up to 1 processes at a time 
[2024-05-28T03:52:56.142+0000] {manager.py:471} INFO - Process each file at most once every 30 seconds
[2024-05-28T03:52:56.142+0000] {manager.py:472} INFO - Checking for new files in /opt/airflow/dags every 300 seconds
[2024-05-28T03:52:56.143+0000] {manager.py:737} INFO - Searching for files in /opt/airflow/dags
[2024-05-28T03:52:56.163+0000] {manager.py:740} INFO - There are 1 files in /opt/airflow/dags
[2024-05-28T03:52:56.625+0000] {manager.py:878} INFO - 
================================================================================
DAG File Processing Stats

File Path                                  PID    Runtime      # DAGs    # Errors  Last Runtime    Last Run
-----------------------------------------  -----  ---------  --------  ----------  --------------  -------------------
/opt/airflow/dags/download-files_batch.py                           1           0  0.40s           2024-05-28T03:52:56
================================================================================
[2024-05-28T03:53:27.084+0000] {manager.py:878} INFO - 
================================================================================
DAG File Processing Stats

File Path                                  PID    Runtime      # DAGs    # Errors  Last Runtime    Last Run
-----------------------------------------  -----  ---------  --------  ----------  --------------  -------------------
/opt/airflow/dags/download-files_batch.py                           1           0  0.40s           2024-05-28T03:53:27
================================================================================
[2024-05-28T03:53:58.088+0000] {manager.py:878} INFO - 
================================================================================
DAG File Processing Stats

File Path                                  PID    Runtime      # DAGs    # Errors  Last Runtime    Last Run
-----------------------------------------  -----  ---------  --------  ----------  --------------  -------------------
/opt/airflow/dags/download-files_batch.py                           1           0  0.50s           2024-05-28T03:53:58
================================================================================
[2024-05-28T03:54:44.959+0000] {manager.py:878} INFO - 
================================================================================
DAG File Processing Stats

File Path                                  PID    Runtime      # DAGs    # Errors  Last Runtime    Last Run
-----------------------------------------  -----  ---------  --------  ----------  --------------  -------------------
/opt/airflow/dags/download-files_batch.py                           1           0  0.50s           2024-05-28T03:54:44
================================================================================
[2024-05-28T03:55:15.407+0000] {manager.py:878} INFO - 
================================================================================
DAG File Processing Stats

File Path                                  PID    Runtime      # DAGs    # Errors  Last Runtime    Last Run
-----------------------------------------  -----  ---------  --------  ----------  --------------  -------------------
/opt/airflow/dags/download-files_batch.py                           1           0  0.40s           2024-05-28T03:55:15
================================================================================
[2024-05-28T03:55:46.153+0000] {manager.py:878} INFO - 
================================================================================
DAG File Processing Stats

File Path                                  PID    Runtime      # DAGs    # Errors  Last Runtime    Last Run
-----------------------------------------  -----  ---------  --------  ----------  --------------  -------------------
/opt/airflow/dags/download-files_batch.py                           1           0  0.40s           2024-05-28T03:55:46
================================================================================
[2024-05-28T03:56:51.882+0000] {manager.py:452} INFO - Exiting gracefully upon receiving signal 15
[2024-05-28T03:56:52.123+0000] {manager.py:470} INFO - Processing files using up to 1 processes at a time 
[2024-05-28T03:56:52.124+0000] {manager.py:471} INFO - Process each file at most once every 30 seconds
[2024-05-28T03:56:52.126+0000] {manager.py:472} INFO - Checking for new files in /opt/airflow/dags every 300 seconds
[2024-05-28T03:56:52.127+0000] {manager.py:737} INFO - Searching for files in /opt/airflow/dags
[2024-05-28T03:56:52.154+0000] {manager.py:740} INFO - There are 1 files in /opt/airflow/dags
[2024-05-28T03:56:52.641+0000] {manager.py:878} INFO - 
================================================================================
DAG File Processing Stats

File Path                                  PID    Runtime      # DAGs    # Errors  Last Runtime    Last Run
-----------------------------------------  -----  ---------  --------  ----------  --------------  -------------------
/opt/airflow/dags/download-files_batch.py                           1           0  0.40s           2024-05-28T03:56:52
================================================================================
[2024-05-28T03:57:24.120+0000] {manager.py:878} INFO - 
================================================================================
DAG File Processing Stats

File Path                                  PID    Runtime      # DAGs    # Errors  Last Runtime    Last Run
-----------------------------------------  -----  ---------  --------  ----------  --------------  -------------------
/opt/airflow/dags/download-files_batch.py                           1           0  0.40s           2024-05-28T03:57:24
================================================================================
[2024-05-28T03:57:54.907+0000] {manager.py:878} INFO - 
================================================================================
DAG File Processing Stats

File Path                                  PID    Runtime      # DAGs    # Errors  Last Runtime    Last Run
-----------------------------------------  -----  ---------  --------  ----------  --------------  -------------------
/opt/airflow/dags/download-files_batch.py                           1           0  0.40s           2024-05-28T03:57:54
================================================================================
[2024-05-28T04:21:34.345+0000] {manager.py:470} INFO - Processing files using up to 1 processes at a time 
[2024-05-28T04:21:34.349+0000] {manager.py:471} INFO - Process each file at most once every 30 seconds
[2024-05-28T04:21:34.352+0000] {manager.py:472} INFO - Checking for new files in /opt/airflow/dags every 300 seconds
[2024-05-28T04:21:34.353+0000] {manager.py:737} INFO - Searching for files in /opt/airflow/dags
[2024-05-28T04:21:34.417+0000] {manager.py:740} INFO - There are 1 files in /opt/airflow/dags
[2024-05-28T04:21:35.113+0000] {manager.py:878} INFO - 
================================================================================
DAG File Processing Stats

File Path                                  PID    Runtime      # DAGs    # Errors  Last Runtime    Last Run
-----------------------------------------  -----  ---------  --------  ----------  --------------  -------------------
/opt/airflow/dags/download-files_batch.py                           1           0  0.51s           2024-05-28T04:21:35
================================================================================
[2024-05-28T04:26:27.611+0000] {manager.py:452} INFO - Exiting gracefully upon receiving signal 15
[2024-05-28T04:26:27.972+0000] {manager.py:470} INFO - Processing files using up to 1 processes at a time 
[2024-05-28T04:26:27.973+0000] {manager.py:471} INFO - Process each file at most once every 30 seconds
[2024-05-28T04:26:27.975+0000] {manager.py:472} INFO - Checking for new files in /opt/airflow/dags every 300 seconds
[2024-05-28T04:26:27.977+0000] {manager.py:737} INFO - Searching for files in /opt/airflow/dags
[2024-05-28T04:26:28.014+0000] {manager.py:740} INFO - There are 1 files in /opt/airflow/dags
[2024-05-28T04:26:28.716+0000] {manager.py:878} INFO - 
================================================================================
DAG File Processing Stats

File Path                                  PID    Runtime      # DAGs    # Errors  Last Runtime    Last Run
-----------------------------------------  -----  ---------  --------  ----------  --------------  -------------------
/opt/airflow/dags/download-files_batch.py                           1           0  0.60s           2024-05-28T04:26:28
================================================================================
[2024-05-28T04:26:59.786+0000] {manager.py:878} INFO - 
================================================================================
DAG File Processing Stats

File Path                                  PID    Runtime      # DAGs    # Errors  Last Runtime    Last Run
-----------------------------------------  -----  ---------  --------  ----------  --------------  -------------------
/opt/airflow/dags/download-files_batch.py                           1           0  0.51s           2024-05-28T04:26:59
================================================================================
[2024-05-28T04:27:30.564+0000] {manager.py:878} INFO - 
================================================================================
DAG File Processing Stats

File Path                                  PID    Runtime      # DAGs    # Errors  Last Runtime    Last Run
-----------------------------------------  -----  ---------  --------  ----------  --------------  -------------------
/opt/airflow/dags/download-files_batch.py                           1           0  0.50s           2024-05-28T04:27:30
================================================================================
[2024-05-28T04:28:01.062+0000] {manager.py:878} INFO - 
================================================================================
DAG File Processing Stats

File Path                                  PID    Runtime      # DAGs    # Errors  Last Runtime    Last Run
-----------------------------------------  -----  ---------  --------  ----------  --------------  -------------------
/opt/airflow/dags/download-files_batch.py                           1           0  0.40s           2024-05-28T04:28:01
================================================================================
[2024-05-28T04:30:37.100+0000] {manager.py:452} INFO - Exiting gracefully upon receiving signal 15
[2024-05-28T04:30:37.460+0000] {manager.py:470} INFO - Processing files using up to 1 processes at a time 
[2024-05-28T04:30:37.461+0000] {manager.py:471} INFO - Process each file at most once every 30 seconds
[2024-05-28T04:30:37.462+0000] {manager.py:472} INFO - Checking for new files in /opt/airflow/dags every 300 seconds
[2024-05-28T04:30:37.464+0000] {manager.py:737} INFO - Searching for files in /opt/airflow/dags
[2024-05-28T04:30:37.499+0000] {manager.py:740} INFO - There are 1 files in /opt/airflow/dags
[2024-05-28T04:30:38.209+0000] {manager.py:878} INFO - 
================================================================================
DAG File Processing Stats

File Path                                  PID    Runtime      # DAGs    # Errors  Last Runtime    Last Run
-----------------------------------------  -----  ---------  --------  ----------  --------------  -------------------
/opt/airflow/dags/download-files_batch.py                           1           0  0.61s           2024-05-28T04:30:38
================================================================================
[2024-05-28T04:32:35.501+0000] {manager.py:452} INFO - Exiting gracefully upon receiving signal 15
[2024-05-28T04:32:35.812+0000] {manager.py:470} INFO - Processing files using up to 1 processes at a time 
[2024-05-28T04:32:35.813+0000] {manager.py:471} INFO - Process each file at most once every 30 seconds
[2024-05-28T04:32:35.815+0000] {manager.py:472} INFO - Checking for new files in /opt/airflow/dags every 300 seconds
[2024-05-28T04:32:35.817+0000] {manager.py:737} INFO - Searching for files in /opt/airflow/dags
[2024-05-28T04:32:35.854+0000] {manager.py:740} INFO - There are 1 files in /opt/airflow/dags
[2024-05-28T04:32:36.438+0000] {manager.py:878} INFO - 
================================================================================
DAG File Processing Stats

File Path                                  PID    Runtime      # DAGs    # Errors  Last Runtime    Last Run
-----------------------------------------  -----  ---------  --------  ----------  --------------  -------------------
/opt/airflow/dags/download-files_batch.py                           1           0  0.50s           2024-05-28T04:32:36
================================================================================
[2024-05-28T04:34:22.468+0000] {manager.py:452} INFO - Exiting gracefully upon receiving signal 15
[2024-05-28T04:34:22.747+0000] {manager.py:470} INFO - Processing files using up to 1 processes at a time 
[2024-05-28T04:34:22.749+0000] {manager.py:471} INFO - Process each file at most once every 30 seconds
[2024-05-28T04:34:22.751+0000] {manager.py:472} INFO - Checking for new files in /opt/airflow/dags every 300 seconds
[2024-05-28T04:34:22.752+0000] {manager.py:737} INFO - Searching for files in /opt/airflow/dags
[2024-05-28T04:34:22.785+0000] {manager.py:740} INFO - There are 1 files in /opt/airflow/dags
[2024-05-28T04:34:23.391+0000] {manager.py:878} INFO - 
================================================================================
DAG File Processing Stats

File Path                                  PID    Runtime      # DAGs    # Errors  Last Runtime    Last Run
-----------------------------------------  -----  ---------  --------  ----------  --------------  -------------------
/opt/airflow/dags/download-files_batch.py                           1           0  0.50s           2024-05-28T04:34:23
================================================================================
[2024-05-28T04:36:14.987+0000] {manager.py:452} INFO - Exiting gracefully upon receiving signal 15
[2024-05-28T04:36:15.349+0000] {manager.py:470} INFO - Processing files using up to 1 processes at a time 
[2024-05-28T04:36:15.350+0000] {manager.py:471} INFO - Process each file at most once every 30 seconds
[2024-05-28T04:36:15.351+0000] {manager.py:472} INFO - Checking for new files in /opt/airflow/dags every 300 seconds
[2024-05-28T04:36:15.353+0000] {manager.py:737} INFO - Searching for files in /opt/airflow/dags
[2024-05-28T04:36:15.388+0000] {manager.py:740} INFO - There are 1 files in /opt/airflow/dags
[2024-05-28T04:36:16.008+0000] {manager.py:878} INFO - 
================================================================================
DAG File Processing Stats

File Path                                  PID    Runtime      # DAGs    # Errors  Last Runtime    Last Run
-----------------------------------------  -----  ---------  --------  ----------  --------------  -------------------
/opt/airflow/dags/download-files_batch.py                           1           0  0.51s           2024-05-28T04:36:16
================================================================================
[2024-05-28T04:51:09.315+0000] {manager.py:470} INFO - Processing files using up to 1 processes at a time 
[2024-05-28T04:51:09.324+0000] {manager.py:471} INFO - Process each file at most once every 30 seconds
[2024-05-28T04:51:09.326+0000] {manager.py:472} INFO - Checking for new files in /opt/airflow/dags every 300 seconds
[2024-05-28T04:51:09.328+0000] {manager.py:737} INFO - Searching for files in /opt/airflow/dags
[2024-05-28T04:51:09.369+0000] {manager.py:740} INFO - There are 1 files in /opt/airflow/dags
[2024-05-28T04:51:10.291+0000] {manager.py:878} INFO - 
================================================================================
DAG File Processing Stats

File Path                                  PID    Runtime      # DAGs    # Errors  Last Runtime    Last Run
-----------------------------------------  -----  ---------  --------  ----------  --------------  -------------------
/opt/airflow/dags/download-files_batch.py                           1           0  0.72s           2024-05-28T04:51:10
================================================================================
[2024-05-28T04:52:19.141+0000] {manager.py:470} INFO - Processing files using up to 1 processes at a time 
[2024-05-28T04:52:19.142+0000] {manager.py:471} INFO - Process each file at most once every 30 seconds
[2024-05-28T04:52:19.144+0000] {manager.py:472} INFO - Checking for new files in /opt/airflow/dags every 300 seconds
[2024-05-28T04:52:19.145+0000] {manager.py:737} INFO - Searching for files in /opt/airflow/dags
[2024-05-28T04:52:19.178+0000] {manager.py:740} INFO - There are 1 files in /opt/airflow/dags
[2024-05-28T04:52:19.846+0000] {manager.py:878} INFO - 
================================================================================
DAG File Processing Stats

File Path                                  PID    Runtime      # DAGs    # Errors  Last Runtime    Last Run
-----------------------------------------  -----  ---------  --------  ----------  --------------  -------------------
/opt/airflow/dags/download-files_batch.py                           1           0  0.50s           2024-05-28T04:52:19
================================================================================
[2024-05-28T04:53:02.605+0000] {manager.py:470} INFO - Processing files using up to 1 processes at a time 
[2024-05-28T04:53:02.607+0000] {manager.py:471} INFO - Process each file at most once every 30 seconds
[2024-05-28T04:53:02.608+0000] {manager.py:472} INFO - Checking for new files in /opt/airflow/dags every 300 seconds
[2024-05-28T04:53:02.610+0000] {manager.py:737} INFO - Searching for files in /opt/airflow/dags
[2024-05-28T04:53:02.657+0000] {manager.py:740} INFO - There are 1 files in /opt/airflow/dags
[2024-05-28T04:53:03.436+0000] {manager.py:878} INFO - 
================================================================================
DAG File Processing Stats

File Path                                  PID    Runtime      # DAGs    # Errors  Last Runtime    Last Run
-----------------------------------------  -----  ---------  --------  ----------  --------------  -------------------
/opt/airflow/dags/download-files_batch.py                           1           0  0.61s           2024-05-28T04:53:03
================================================================================
